2022-10-19T22:00:00.052Z [debug][Jobs]: Starting scheduled job: Download Sync 
2022-10-19T22:00:00.182Z [info][Jobs]: Starting scheduled job: Plex Recently Added Scan 
2022-10-19T22:00:00.182Z [info][Plex Scan]: Scan starting {"sessionId":"2a57f5b1-3371-4a12-98d7-ac66e40a0168"}
2022-10-19T22:00:00.191Z [info][Jobs]: Starting scheduled job: Plex Watchlist Sync 
2022-10-19T22:00:00.304Z [info][Plex Scan]: Recently Added Scan Complete 
2022-10-19T22:01:00.023Z [debug][Jobs]: Starting scheduled job: Download Sync 
2022-10-19T22:02:00.040Z [debug][Jobs]: Starting scheduled job: Download Sync 
2022-10-19T22:03:00.063Z [debug][Jobs]: Starting scheduled job: Download Sync 
2022-10-19T22:04:00.049Z [debug][Jobs]: Starting scheduled job: Download Sync 
2022-10-19T22:05:00.012Z [debug][Jobs]: Starting scheduled job: Download Sync 
2022-10-19T22:05:00.021Z [info][Jobs]: Starting scheduled job: Plex Recently Added Scan 
2022-10-19T22:05:00.029Z [info][Plex Scan]: Scan starting {"sessionId":"1b1eb14d-ab85-4b39-ac48-028719f5cb97"}
2022-10-19T22:05:00.087Z [info][Plex Scan]: Recently Added Scan Complete 
2022-10-19T22:06:00.032Z [debug][Jobs]: Starting scheduled job: Download Sync 
2022-10-19T22:07:00.047Z [debug][Jobs]: Starting scheduled job: Download Sync 
2022-10-19T22:08:00.042Z [debug][Jobs]: Starting scheduled job: Download Sync 
2022-10-19T22:09:00.021Z [debug][Jobs]: Starting scheduled job: Download Sync 
2022-10-19T22:10:00.042Z [debug][Jobs]: Starting scheduled job: Download Sync 
2022-10-19T22:10:00.047Z [info][Jobs]: Starting scheduled job: Plex Recently Added Scan 
2022-10-19T22:10:00.048Z [info][Plex Scan]: Scan starting {"sessionId":"fc27687b-c7dd-436f-a998-202c157dd817"}
2022-10-19T22:10:00.062Z [info][Jobs]: Starting scheduled job: Plex Watchlist Sync 
2022-10-19T22:10:00.086Z [info][Plex Scan]: Recently Added Scan Complete 
2022-10-19T22:11:00.021Z [debug][Jobs]: Starting scheduled job: Download Sync 
2022-10-19T22:12:00.050Z [debug][Jobs]: Starting scheduled job: Download Sync 
2022-10-19T22:13:00.057Z [debug][Jobs]: Starting scheduled job: Download Sync 
2022-10-19T22:14:00.067Z [debug][Jobs]: Starting scheduled job: Download Sync 
2022-10-19T22:15:00.040Z [debug][Jobs]: Starting scheduled job: Download Sync 
2022-10-19T22:15:00.052Z [info][Jobs]: Starting scheduled job: Plex Recently Added Scan 
2022-10-19T22:15:00.054Z [info][Plex Scan]: Scan starting {"sessionId":"cae3c4da-5cfd-41b7-8319-b7552a1d44b4"}
2022-10-19T22:15:00.103Z [info][Plex Scan]: Recently Added Scan Complete 
2022-10-19T22:16:00.025Z [debug][Jobs]: Starting scheduled job: Download Sync 
2022-10-19T22:17:00.044Z [debug][Jobs]: Starting scheduled job: Download Sync 
2022-10-19T22:18:00.027Z [debug][Jobs]: Starting scheduled job: Download Sync 
2022-10-19T22:19:00.057Z [debug][Jobs]: Starting scheduled job: Download Sync 
2022-10-19T22:22:21.763Z [debug][Jobs]: Starting scheduled job: Download Sync 
2022-10-19T22:22:21.788Z [info][Jobs]: Starting scheduled job: Plex Recently Added Scan 
2022-10-19T22:22:21.789Z [info][Plex Scan]: Scan starting {"sessionId":"473795d6-5da3-4190-bf2c-7578ad45a466"}
2022-10-19T22:22:21.807Z [info][Jobs]: Starting scheduled job: Plex Watchlist Sync 
2022-10-19T22:22:21.811Z [debug][Jobs]: Starting scheduled job: Download Sync 
2022-10-19T22:22:21.816Z [debug][Jobs]: Starting scheduled job: Download Sync 
2022-10-19T22:22:21.845Z [info][Plex Scan]: Recently Added Scan Complete 
2022-10-19T22:23:00.030Z [debug][Jobs]: Starting scheduled job: Download Sync 
2022-10-19T22:37:15.773Z [debug][Jobs]: Starting scheduled job: Download Sync 
2022-10-19T22:37:15.780Z [debug][Jobs]: Starting scheduled job: Download Sync 
2022-10-19T22:37:15.786Z [info][Jobs]: Starting scheduled job: Plex Recently Added Scan 
2022-10-19T22:37:15.787Z [info][Plex Scan]: Scan starting {"sessionId":"4febce5f-90cb-431b-87b1-f85bfe55d896"}
2022-10-19T22:37:15.799Z [debug][Jobs]: Starting scheduled job: Download Sync 
2022-10-19T22:37:15.802Z [debug][Jobs]: Starting scheduled job: Download Sync 
2022-10-19T22:37:15.808Z [debug][Jobs]: Starting scheduled job: Download Sync 
2022-10-19T22:37:15.812Z [debug][Jobs]: Starting scheduled job: Download Sync 
2022-10-19T22:37:15.815Z [debug][Jobs]: Starting scheduled job: Download Sync 
2022-10-19T22:37:15.825Z [info][Jobs]: Starting scheduled job: Plex Recently Added Scan 
2022-10-19T22:37:15.825Z [info][Plex Scan]: Scan starting {"sessionId":"5ed1694c-649a-43ca-92fe-6831d86bb794"}
2022-10-19T22:37:15.828Z [info][Jobs]: Starting scheduled job: Plex Watchlist Sync 
2022-10-19T22:37:15.829Z [debug][Jobs]: Starting scheduled job: Download Sync 
2022-10-19T22:37:15.832Z [debug][Jobs]: Starting scheduled job: Download Sync 
2022-10-19T22:37:15.833Z [debug][Jobs]: Starting scheduled job: Download Sync 
2022-10-19T22:37:15.835Z [debug][Jobs]: Starting scheduled job: Download Sync 
2022-10-19T22:37:15.837Z [debug][Jobs]: Starting scheduled job: Download Sync 
2022-10-19T22:37:15.839Z [info][Jobs]: Starting scheduled job: Plex Recently Added Scan 
2022-10-19T22:37:15.839Z [info][Plex Scan]: Scan starting {"sessionId":"a8c5fb80-862e-4d10-8c9a-4992615652b9"}
2022-10-19T22:37:15.841Z [debug][Jobs]: Starting scheduled job: Download Sync 
2022-10-19T22:37:15.842Z [debug][Jobs]: Starting scheduled job: Download Sync 
2022-10-19T22:37:15.869Z [info][Plex Scan]: Recently Added Scan Complete 
2022-10-19T22:37:15.869Z [info][Plex Scan]: Recently Added Scan Complete 
2022-10-19T22:37:15.876Z [info][Plex Scan]: Recently Added Scan Complete 
2022-10-19T22:54:10.064Z [debug][Jobs]: Starting scheduled job: Download Sync 
2022-10-19T22:54:10.070Z [debug][Jobs]: Starting scheduled job: Download Sync 
2022-10-19T22:54:10.077Z [debug][Jobs]: Starting scheduled job: Download Sync 
2022-10-19T22:54:10.078Z [info][Jobs]: Starting scheduled job: Plex Recently Added Scan 
2022-10-19T22:54:10.079Z [info][Plex Scan]: Scan starting {"sessionId":"87a606b8-9267-43da-a0af-5bbf7ac42a4f"}
2022-10-19T22:54:10.088Z [info][Jobs]: Starting scheduled job: Plex Watchlist Sync 
2022-10-19T22:54:10.093Z [debug][Jobs]: Starting scheduled job: Download Sync 
2022-10-19T22:54:10.095Z [debug][Jobs]: Starting scheduled job: Download Sync 
2022-10-19T22:54:10.099Z [debug][Jobs]: Starting scheduled job: Download Sync 
2022-10-19T22:54:10.104Z [debug][Jobs]: Starting scheduled job: Download Sync 
2022-10-19T22:54:10.110Z [debug][Jobs]: Starting scheduled job: Download Sync 
2022-10-19T22:54:10.112Z [info][Jobs]: Starting scheduled job: Plex Recently Added Scan 
2022-10-19T22:54:10.112Z [info][Plex Scan]: Scan starting {"sessionId":"22f162ee-f6e4-41ed-98b6-a583beb0589e"}
2022-10-19T22:54:10.116Z [debug][Jobs]: Starting scheduled job: Download Sync 
2022-10-19T22:54:10.119Z [debug][Jobs]: Starting scheduled job: Download Sync 
2022-10-19T22:54:10.121Z [debug][Jobs]: Starting scheduled job: Download Sync 
2022-10-19T22:54:10.123Z [debug][Jobs]: Starting scheduled job: Download Sync 
2022-10-19T22:54:10.126Z [debug][Jobs]: Starting scheduled job: Download Sync 
2022-10-19T22:54:10.130Z [info][Jobs]: Starting scheduled job: Plex Recently Added Scan 
2022-10-19T22:54:10.131Z [info][Plex Scan]: Scan starting {"sessionId":"2ddf6a62-94a7-48c8-b102-e486a680b78e"}
2022-10-19T22:54:10.132Z [info][Plex Scan]: Recently Added Scan Complete 
2022-10-19T22:54:10.134Z [info][Jobs]: Starting scheduled job: Plex Watchlist Sync 
2022-10-19T22:54:10.137Z [debug][Jobs]: Starting scheduled job: Download Sync 
2022-10-19T22:54:10.139Z [debug][Jobs]: Starting scheduled job: Download Sync 
2022-10-19T22:54:10.142Z [debug][Jobs]: Starting scheduled job: Download Sync 
2022-10-19T22:54:10.143Z [debug][Jobs]: Starting scheduled job: Download Sync 
2022-10-19T22:54:10.146Z [info][Plex Scan]: Recently Added Scan Complete 
2022-10-19T22:54:10.160Z [info][Plex Scan]: Recently Added Scan Complete 
2022-10-19T22:55:00.026Z [debug][Jobs]: Starting scheduled job: Download Sync 
2022-10-19T22:55:00.042Z [info][Jobs]: Starting scheduled job: Plex Recently Added Scan 
2022-10-19T22:55:00.043Z [info][Plex Scan]: Scan starting {"sessionId":"d5b34c96-43d4-4d4e-b117-8ce18f33dd1e"}
2022-10-19T22:55:00.081Z [info][Plex Scan]: Recently Added Scan Complete 
2022-10-19T22:56:00.007Z [debug][Jobs]: Starting scheduled job: Download Sync 
2022-10-19T22:57:00.062Z [debug][Jobs]: Starting scheduled job: Download Sync 
2022-10-19T22:58:00.057Z [debug][Jobs]: Starting scheduled job: Download Sync 
2022-10-19T22:59:00.056Z [debug][Jobs]: Starting scheduled job: Download Sync 
2022-10-19T23:00:00.050Z [debug][Jobs]: Starting scheduled job: Download Sync 
2022-10-19T23:00:00.058Z [info][Jobs]: Starting scheduled job: Plex Recently Added Scan 
2022-10-19T23:00:00.059Z [info][Plex Scan]: Scan starting {"sessionId":"3284737f-feca-4d01-85dc-7096d03b4e2e"}
2022-10-19T23:00:00.065Z [info][Jobs]: Starting scheduled job: Plex Watchlist Sync 
2022-10-19T23:00:00.076Z [info][Jobs]: Starting scheduled job: Download Sync Reset 
2022-10-19T23:00:00.105Z [info][Plex Scan]: Recently Added Scan Complete 
2022-10-19T23:01:00.047Z [debug][Jobs]: Starting scheduled job: Download Sync 
2022-10-19T23:02:00.045Z [debug][Jobs]: Starting scheduled job: Download Sync 
2022-10-19T23:03:00.066Z [debug][Jobs]: Starting scheduled job: Download Sync 
2022-10-19T23:04:00.047Z [debug][Jobs]: Starting scheduled job: Download Sync 
2022-10-19T23:05:00.007Z [debug][Jobs]: Starting scheduled job: Download Sync 
2022-10-19T23:05:00.012Z [info][Jobs]: Starting scheduled job: Plex Recently Added Scan 
2022-10-19T23:05:00.014Z [info][Plex Scan]: Scan starting {"sessionId":"8cd54764-f89d-4a44-9670-0f5776824861"}
2022-10-19T23:05:00.066Z [info][Plex Scan]: Recently Added Scan Complete 
2022-10-19T23:06:00.019Z [debug][Jobs]: Starting scheduled job: Download Sync 
2022-10-19T23:07:00.042Z [debug][Jobs]: Starting scheduled job: Download Sync 
2022-10-19T23:08:00.005Z [debug][Jobs]: Starting scheduled job: Download Sync 
2022-10-19T23:09:00.045Z [debug][Jobs]: Starting scheduled job: Download Sync 
2022-10-19T23:10:00.022Z [debug][Jobs]: Starting scheduled job: Download Sync 
2022-10-19T23:10:00.035Z [info][Jobs]: Starting scheduled job: Plex Recently Added Scan 
2022-10-19T23:10:00.035Z [info][Plex Scan]: Scan starting {"sessionId":"629f55fa-fca1-4b06-8680-0691cdcc2fae"}
2022-10-19T23:10:00.043Z [info][Jobs]: Starting scheduled job: Plex Watchlist Sync 
2022-10-19T23:10:00.075Z [info][Plex Scan]: Recently Added Scan Complete 
2022-10-19T23:11:00.072Z [debug][Jobs]: Starting scheduled job: Download Sync 
2022-10-19T23:12:00.015Z [debug][Jobs]: Starting scheduled job: Download Sync 
2022-10-19T23:13:00.072Z [debug][Jobs]: Starting scheduled job: Download Sync 
2022-10-19T23:14:00.049Z [debug][Jobs]: Starting scheduled job: Download Sync 
2022-10-19T23:15:00.054Z [debug][Jobs]: Starting scheduled job: Download Sync 
2022-10-19T23:15:00.061Z [info][Jobs]: Starting scheduled job: Plex Recently Added Scan 
2022-10-19T23:15:00.063Z [info][Plex Scan]: Scan starting {"sessionId":"9af3bcf6-bf48-42cf-a982-e7dd3c97e4af"}
2022-10-19T23:15:00.118Z [info][Plex Scan]: Recently Added Scan Complete 
2022-10-19T23:16:00.041Z [debug][Jobs]: Starting scheduled job: Download Sync 
2022-10-19T23:17:00.031Z [debug][Jobs]: Starting scheduled job: Download Sync 
2022-10-19T23:18:00.016Z [debug][Jobs]: Starting scheduled job: Download Sync 
2022-10-19T23:19:00.025Z [debug][Jobs]: Starting scheduled job: Download Sync 
2022-10-19T23:20:00.037Z [debug][Jobs]: Starting scheduled job: Download Sync 
2022-10-19T23:20:00.051Z [info][Jobs]: Starting scheduled job: Plex Recently Added Scan 
2022-10-19T23:20:00.052Z [info][Plex Scan]: Scan starting {"sessionId":"18d801fb-8551-4fcb-b88a-a833ac7bfaf5"}
2022-10-19T23:20:00.062Z [info][Jobs]: Starting scheduled job: Plex Watchlist Sync 
2022-10-19T23:20:00.094Z [info][Plex Scan]: Recently Added Scan Complete 
2022-10-19T23:21:00.052Z [debug][Jobs]: Starting scheduled job: Download Sync 
2022-10-19T23:22:00.056Z [debug][Jobs]: Starting scheduled job: Download Sync 
2022-10-19T23:23:00.043Z [debug][Jobs]: Starting scheduled job: Download Sync 
2022-10-19T23:24:00.067Z [debug][Jobs]: Starting scheduled job: Download Sync 
2022-10-19T23:25:00.040Z [debug][Jobs]: Starting scheduled job: Download Sync 
2022-10-19T23:25:00.051Z [info][Jobs]: Starting scheduled job: Plex Recently Added Scan 
2022-10-19T23:25:00.051Z [info][Plex Scan]: Scan starting {"sessionId":"8eeb2957-c3ad-4928-b615-70171e9430d2"}
2022-10-19T23:25:00.087Z [info][Plex Scan]: Recently Added Scan Complete 
2022-10-19T23:26:00.006Z [debug][Jobs]: Starting scheduled job: Download Sync 
2022-10-19T23:27:00.063Z [debug][Jobs]: Starting scheduled job: Download Sync 
2022-10-19T23:28:00.053Z [debug][Jobs]: Starting scheduled job: Download Sync 
2022-10-19T23:29:00.047Z [debug][Jobs]: Starting scheduled job: Download Sync 
2022-10-19T23:30:00.045Z [debug][Jobs]: Starting scheduled job: Download Sync 
2022-10-19T23:30:00.054Z [info][Jobs]: Starting scheduled job: Plex Recently Added Scan 
2022-10-19T23:30:00.055Z [info][Plex Scan]: Scan starting {"sessionId":"2d68acd0-c2b4-4875-b09f-3b997a307f4f"}
2022-10-19T23:30:00.064Z [info][Jobs]: Starting scheduled job: Plex Watchlist Sync 
2022-10-19T23:30:00.100Z [info][Plex Scan]: Recently Added Scan Complete 
2022-10-19T23:31:00.022Z [debug][Jobs]: Starting scheduled job: Download Sync 
2022-10-19T23:32:00.070Z [debug][Jobs]: Starting scheduled job: Download Sync 
2022-10-19T23:33:00.032Z [debug][Jobs]: Starting scheduled job: Download Sync 
2022-10-19T23:34:00.056Z [debug][Jobs]: Starting scheduled job: Download Sync 
2022-10-19T23:35:00.020Z [debug][Jobs]: Starting scheduled job: Download Sync 
2022-10-19T23:35:00.029Z [info][Jobs]: Starting scheduled job: Plex Recently Added Scan 
2022-10-19T23:35:00.030Z [info][Plex Scan]: Scan starting {"sessionId":"92f39258-f583-4b5d-bd70-27e309811f87"}
2022-10-19T23:35:00.068Z [info][Plex Scan]: Recently Added Scan Complete 
2022-10-19T23:37:28.085Z [debug][Jobs]: Starting scheduled job: Download Sync 
2022-10-19T23:37:28.096Z [debug][Jobs]: Starting scheduled job: Download Sync 
2022-10-20T00:09:19.786Z [debug][Jobs]: Starting scheduled job: Download Sync 
2022-10-20T00:09:19.792Z [debug][Jobs]: Starting scheduled job: Download Sync 
2022-10-20T00:09:19.797Z [debug][Jobs]: Starting scheduled job: Download Sync 
2022-10-20T00:09:19.800Z [info][Jobs]: Starting scheduled job: Plex Recently Added Scan 
2022-10-20T00:09:19.800Z [info][Plex Scan]: Scan starting {"sessionId":"8b9a6711-2ce0-4a96-885f-bf163f74ab12"}
2022-10-20T00:09:19.808Z [info][Jobs]: Starting scheduled job: Plex Watchlist Sync 
2022-10-20T00:09:19.810Z [debug][Jobs]: Starting scheduled job: Download Sync 
2022-10-20T00:09:19.814Z [debug][Jobs]: Starting scheduled job: Download Sync 
2022-10-20T00:09:19.816Z [debug][Jobs]: Starting scheduled job: Download Sync 
2022-10-20T00:09:19.819Z [debug][Jobs]: Starting scheduled job: Download Sync 
2022-10-20T00:09:19.828Z [debug][Jobs]: Starting scheduled job: Download Sync 
2022-10-20T00:09:19.830Z [info][Jobs]: Starting scheduled job: Plex Recently Added Scan 
2022-10-20T00:09:19.830Z [info][Plex Scan]: Scan starting {"sessionId":"e4e2d91a-9427-4fc6-b46d-0873dc3e61d5"}
2022-10-20T00:09:19.832Z [debug][Jobs]: Starting scheduled job: Download Sync 
2022-10-20T00:09:19.833Z [debug][Jobs]: Starting scheduled job: Download Sync 
2022-10-20T00:09:19.835Z [debug][Jobs]: Starting scheduled job: Download Sync 
2022-10-20T00:09:19.837Z [debug][Jobs]: Starting scheduled job: Download Sync 
2022-10-20T00:09:19.840Z [debug][Jobs]: Starting scheduled job: Download Sync 
2022-10-20T00:09:19.840Z [info][Jobs]: Starting scheduled job: Plex Recently Added Scan 
2022-10-20T00:09:19.841Z [info][Plex Scan]: Scan starting {"sessionId":"d61d00c1-eba5-4a9f-aa91-836e318bb6be"}
2022-10-20T00:09:19.843Z [info][Jobs]: Starting scheduled job: Plex Watchlist Sync 
2022-10-20T00:09:19.844Z [debug][Jobs]: Starting scheduled job: Download Sync 
2022-10-20T00:09:19.845Z [debug][Jobs]: Starting scheduled job: Download Sync 
2022-10-20T00:09:19.848Z [debug][Jobs]: Starting scheduled job: Download Sync 
2022-10-20T00:09:19.850Z [debug][Jobs]: Starting scheduled job: Download Sync 
2022-10-20T00:09:19.852Z [debug][Jobs]: Starting scheduled job: Download Sync 
2022-10-20T00:09:19.852Z [info][Jobs]: Starting scheduled job: Plex Recently Added Scan 
2022-10-20T00:09:19.852Z [info][Plex Scan]: Scan starting {"sessionId":"da64193f-e438-40ab-b393-edee9d0b6feb"}
2022-10-20T00:09:19.854Z [debug][Jobs]: Starting scheduled job: Download Sync 
2022-10-20T00:09:19.855Z [debug][Jobs]: Starting scheduled job: Download Sync 
2022-10-20T00:09:19.856Z [debug][Jobs]: Starting scheduled job: Download Sync 
2022-10-20T00:09:19.859Z [debug][Jobs]: Starting scheduled job: Download Sync 
2022-10-20T00:09:19.862Z [debug][Jobs]: Starting scheduled job: Download Sync 
2022-10-20T00:09:19.866Z [info][Jobs]: Starting scheduled job: Plex Recently Added Scan 
2022-10-20T00:09:19.866Z [info][Plex Scan]: Scan starting {"sessionId":"4136ea4f-5b01-49d2-9629-407aea663b17"}
2022-10-20T00:09:19.870Z [info][Jobs]: Starting scheduled job: Plex Watchlist Sync 
2022-10-20T00:09:19.873Z [debug][Jobs]: Starting scheduled job: Download Sync 
2022-10-20T00:09:19.878Z [debug][Jobs]: Starting scheduled job: Download Sync 
2022-10-20T00:09:19.882Z [debug][Jobs]: Starting scheduled job: Download Sync 
2022-10-20T00:09:19.883Z [info][Plex Scan]: Recently Added Scan Complete 
2022-10-20T00:09:19.886Z [debug][Jobs]: Starting scheduled job: Download Sync 
2022-10-20T00:09:19.892Z [debug][Jobs]: Starting scheduled job: Download Sync 
2022-10-20T00:09:19.894Z [info][Jobs]: Starting scheduled job: Plex Recently Added Scan 
2022-10-20T00:09:19.895Z [info][Plex Scan]: Scan starting {"sessionId":"401d51b5-91c7-4992-863d-58812164cb0a"}
2022-10-20T00:09:19.899Z [debug][Jobs]: Starting scheduled job: Download Sync 
2022-10-20T00:09:19.902Z [debug][Jobs]: Starting scheduled job: Download Sync 
2022-10-20T00:09:19.902Z [info][Plex Scan]: Recently Added Scan Complete 
2022-10-20T00:09:19.907Z [debug][Jobs]: Starting scheduled job: Download Sync 
2022-10-20T00:09:19.909Z [debug][Jobs]: Starting scheduled job: Download Sync 
2022-10-20T00:09:19.910Z [info][Plex Scan]: Recently Added Scan Complete 
2022-10-20T00:09:19.915Z [info][Plex Scan]: Recently Added Scan Complete 
2022-10-20T00:09:19.921Z [info][Plex Scan]: Recently Added Scan Complete 
2022-10-20T00:09:19.931Z [info][Plex Scan]: Recently Added Scan Complete 
2022-10-20T00:21:53.927Z [debug][Jobs]: Starting scheduled job: Download Sync 
2022-10-20T00:21:53.941Z [info][Jobs]: Starting scheduled job: Plex Recently Added Scan 
2022-10-20T00:21:53.942Z [info][Plex Scan]: Scan starting {"sessionId":"15d97261-8d1b-4290-869a-f2a54886ab5e"}
2022-10-20T00:21:53.949Z [info][Jobs]: Starting scheduled job: Plex Watchlist Sync 
2022-10-20T00:21:53.955Z [debug][Jobs]: Starting scheduled job: Download Sync 
2022-10-20T00:21:53.958Z [debug][Jobs]: Starting scheduled job: Download Sync 
2022-10-20T00:21:53.961Z [debug][Jobs]: Starting scheduled job: Download Sync 
2022-10-20T00:21:53.964Z [debug][Jobs]: Starting scheduled job: Download Sync 
2022-10-20T00:21:53.966Z [debug][Jobs]: Starting scheduled job: Download Sync 
2022-10-20T00:21:53.971Z [info][Jobs]: Starting scheduled job: Plex Recently Added Scan 
2022-10-20T00:21:53.972Z [info][Plex Scan]: Scan starting {"sessionId":"36d59cb4-5fb2-44f2-a537-6c8c23a399e0"}
2022-10-20T00:21:53.975Z [debug][Jobs]: Starting scheduled job: Download Sync 
2022-10-20T00:21:53.978Z [debug][Jobs]: Starting scheduled job: Download Sync 
2022-10-20T00:21:53.981Z [debug][Jobs]: Starting scheduled job: Download Sync 
2022-10-20T00:21:53.984Z [debug][Jobs]: Starting scheduled job: Download Sync 
2022-10-20T00:21:53.987Z [debug][Jobs]: Starting scheduled job: Download Sync 
2022-10-20T00:21:53.989Z [info][Jobs]: Starting scheduled job: Plex Recently Added Scan 
2022-10-20T00:21:53.989Z [info][Plex Scan]: Scan starting {"sessionId":"b351d69c-0b95-4afc-9f41-22679e690e71"}
2022-10-20T00:21:53.992Z [info][Jobs]: Starting scheduled job: Plex Watchlist Sync 
2022-10-20T00:21:53.993Z [debug][Jobs]: Starting scheduled job: Download Sync 
2022-10-20T00:21:53.995Z [info][Plex Scan]: Recently Added Scan Complete 
2022-10-20T00:21:54.003Z [info][Plex Scan]: Recently Added Scan Complete 
2022-10-20T00:21:54.010Z [info][Plex Scan]: Recently Added Scan Complete 
2022-10-20T00:22:00.009Z [debug][Jobs]: Starting scheduled job: Download Sync 
2022-10-20T01:40:56.004Z [debug][Jobs]: Starting scheduled job: Download Sync 
2022-10-20T01:40:56.016Z [debug][Jobs]: Starting scheduled job: Download Sync 
2022-10-20T01:40:56.018Z [debug][Jobs]: Starting scheduled job: Download Sync 
2022-10-20T01:40:56.025Z [info][Jobs]: Starting scheduled job: Plex Recently Added Scan 
2022-10-20T01:40:56.027Z [info][Plex Scan]: Scan starting {"sessionId":"e4fe9635-c6c7-4d2d-8597-9abfe08b08bc"}
2022-10-20T01:40:56.041Z [debug][Jobs]: Starting scheduled job: Download Sync 
2022-10-20T01:40:56.044Z [debug][Jobs]: Starting scheduled job: Download Sync 
2022-10-20T01:40:56.048Z [debug][Jobs]: Starting scheduled job: Download Sync 
2022-10-20T01:40:56.053Z [debug][Jobs]: Starting scheduled job: Download Sync 
2022-10-20T01:40:56.056Z [debug][Jobs]: Starting scheduled job: Download Sync 
2022-10-20T01:40:56.070Z [info][Jobs]: Starting scheduled job: Plex Recently Added Scan 
2022-10-20T01:40:56.070Z [info][Plex Scan]: Scan starting {"sessionId":"71c8bc83-1e16-454f-9a7a-5980514db743"}
2022-10-20T01:40:56.073Z [info][Jobs]: Starting scheduled job: Plex Watchlist Sync 
2022-10-20T01:40:56.075Z [debug][Jobs]: Starting scheduled job: Download Sync 
2022-10-20T01:40:56.080Z [debug][Jobs]: Starting scheduled job: Download Sync 
2022-10-20T01:40:56.082Z [debug][Jobs]: Starting scheduled job: Download Sync 
2022-10-20T01:40:56.085Z [debug][Jobs]: Starting scheduled job: Download Sync 
2022-10-20T01:40:56.088Z [debug][Jobs]: Starting scheduled job: Download Sync 
2022-10-20T01:40:56.089Z [info][Jobs]: Starting scheduled job: Plex Recently Added Scan 
2022-10-20T01:40:56.090Z [info][Plex Scan]: Scan starting {"sessionId":"d90c3190-ef9a-40d9-8173-e5b79add9c01"}
2022-10-20T01:40:56.092Z [debug][Jobs]: Starting scheduled job: Download Sync 
2022-10-20T01:40:56.093Z [debug][Jobs]: Starting scheduled job: Download Sync 
2022-10-20T01:40:56.096Z [debug][Jobs]: Starting scheduled job: Download Sync 
2022-10-20T01:40:56.098Z [debug][Jobs]: Starting scheduled job: Download Sync 
2022-10-20T01:40:56.101Z [debug][Jobs]: Starting scheduled job: Download Sync 
2022-10-20T01:40:56.102Z [info][Jobs]: Starting scheduled job: Plex Recently Added Scan 
2022-10-20T01:40:56.102Z [info][Plex Scan]: Scan starting {"sessionId":"32276985-6a0a-4ea2-87ab-88f2732e35e2"}
2022-10-20T01:40:56.105Z [info][Jobs]: Starting scheduled job: Plex Watchlist Sync 
2022-10-20T01:40:56.106Z [debug][Jobs]: Starting scheduled job: Download Sync 
2022-10-20T01:40:56.107Z [debug][Jobs]: Starting scheduled job: Download Sync 
2022-10-20T01:40:56.109Z [debug][Jobs]: Starting scheduled job: Download Sync 
2022-10-20T01:40:56.110Z [debug][Jobs]: Starting scheduled job: Download Sync 
2022-10-20T01:40:56.111Z [debug][Jobs]: Starting scheduled job: Download Sync 
2022-10-20T01:40:56.112Z [info][Jobs]: Starting scheduled job: Plex Recently Added Scan 
2022-10-20T01:40:56.112Z [info][Plex Scan]: Scan starting {"sessionId":"062d364f-ea2d-4bb5-a03a-3b69dd1c233c"}
2022-10-20T01:40:56.116Z [debug][Jobs]: Starting scheduled job: Download Sync 
2022-10-20T01:40:56.117Z [debug][Jobs]: Starting scheduled job: Download Sync 
2022-10-20T01:40:56.119Z [debug][Jobs]: Starting scheduled job: Download Sync 
2022-10-20T01:40:56.121Z [debug][Jobs]: Starting scheduled job: Download Sync 
2022-10-20T01:40:56.122Z [debug][Jobs]: Starting scheduled job: Download Sync 
2022-10-20T01:40:56.124Z [info][Jobs]: Starting scheduled job: Plex Recently Added Scan 
2022-10-20T01:40:56.125Z [info][Plex Scan]: Scan starting {"sessionId":"f436c797-5b39-4bf8-b0fc-6257fe17d331"}
2022-10-20T01:40:56.127Z [info][Jobs]: Starting scheduled job: Plex Watchlist Sync 
2022-10-20T01:40:56.131Z [debug][Jobs]: Starting scheduled job: Download Sync 
2022-10-20T01:40:56.133Z [debug][Jobs]: Starting scheduled job: Download Sync 
2022-10-20T01:40:56.138Z [debug][Jobs]: Starting scheduled job: Download Sync 
2022-10-20T01:40:56.140Z [debug][Jobs]: Starting scheduled job: Download Sync 
2022-10-20T01:40:56.141Z [info][Plex Scan]: Recently Added Scan Complete 
2022-10-20T01:40:56.142Z [debug][Jobs]: Starting scheduled job: Download Sync 
2022-10-20T01:40:56.144Z [info][Jobs]: Starting scheduled job: Plex Recently Added Scan 
2022-10-20T01:40:56.144Z [info][Plex Scan]: Scan starting {"sessionId":"0699effe-cc68-4a94-9611-b6cbecba747a"}
2022-10-20T01:40:56.145Z [info][Plex Scan]: Recently Added Scan Complete 
2022-10-20T01:40:56.147Z [debug][Jobs]: Starting scheduled job: Download Sync 
2022-10-20T01:40:56.147Z [info][Plex Scan]: Recently Added Scan Complete 
2022-10-20T01:40:56.149Z [info][Plex Scan]: Recently Added Scan Complete 
2022-10-20T01:40:56.150Z [debug][Jobs]: Starting scheduled job: Download Sync 
2022-10-20T01:40:56.153Z [debug][Jobs]: Starting scheduled job: Download Sync 
2022-10-20T01:40:56.155Z [debug][Jobs]: Starting scheduled job: Download Sync 
2022-10-20T01:40:56.157Z [debug][Jobs]: Starting scheduled job: Download Sync 
2022-10-20T01:40:56.158Z [info][Jobs]: Starting scheduled job: Plex Recently Added Scan 
2022-10-20T01:40:56.159Z [info][Plex Scan]: Scan starting {"sessionId":"5512e078-0e38-4135-b4e4-8d6c41da1325"}
2022-10-20T01:40:56.160Z [info][Jobs]: Starting scheduled job: Plex Watchlist Sync 
2022-10-20T01:40:56.165Z [info][Jobs]: Starting scheduled job: Plex Full Library Scan 
2022-10-20T01:40:56.165Z [info][Plex Scan]: Scan starting {"sessionId":"48b04dfb-9ff1-4ef1-9a7a-8e414eac784d"}
2022-10-20T01:40:56.167Z [debug][Jobs]: Starting scheduled job: Download Sync 
2022-10-20T01:40:56.169Z [debug][Jobs]: Starting scheduled job: Download Sync 
2022-10-20T01:40:56.170Z [info][Plex Scan]: Recently Added Scan Complete 
2022-10-20T01:40:56.171Z [debug][Jobs]: Starting scheduled job: Download Sync 
2022-10-20T01:40:56.172Z [debug][Jobs]: Starting scheduled job: Download Sync 
2022-10-20T01:40:56.174Z [debug][Jobs]: Starting scheduled job: Download Sync 
2022-10-20T01:40:56.174Z [info][Plex Scan]: Recently Added Scan Complete 
2022-10-20T01:40:56.175Z [info][Jobs]: Starting scheduled job: Plex Recently Added Scan 
2022-10-20T01:40:56.176Z [info][Plex Scan]: Scan starting {"sessionId":"6d66dd81-c0fd-4abb-be18-9d397fcf6d16"}
2022-10-20T01:40:56.178Z [debug][Jobs]: Starting scheduled job: Download Sync 
2022-10-20T01:40:56.179Z [debug][Jobs]: Starting scheduled job: Download Sync 
2022-10-20T01:40:56.180Z [debug][Jobs]: Starting scheduled job: Download Sync 
2022-10-20T01:40:56.183Z [debug][Jobs]: Starting scheduled job: Download Sync 
2022-10-20T01:40:56.184Z [debug][Jobs]: Starting scheduled job: Download Sync 
2022-10-20T01:40:56.185Z [info][Jobs]: Starting scheduled job: Plex Recently Added Scan 
2022-10-20T01:40:56.185Z [info][Plex Scan]: Scan starting {"sessionId":"ac5e0b58-9337-4906-a317-030d1b48b9dc"}
2022-10-20T01:40:56.196Z [info][Jobs]: Starting scheduled job: Plex Watchlist Sync 
2022-10-20T01:40:56.198Z [debug][Jobs]: Starting scheduled job: Download Sync 
2022-10-20T01:40:56.199Z [info][Plex Scan]: Recently Added Scan Complete 
2022-10-20T01:40:56.201Z [debug][Jobs]: Starting scheduled job: Download Sync 
2022-10-20T01:40:56.201Z [info][Plex Scan]: Recently Added Scan Complete 
2022-10-20T01:40:56.203Z [debug][Jobs]: Starting scheduled job: Download Sync 
2022-10-20T01:40:56.203Z [info][Plex Scan]: Full Scan Complete 
2022-10-20T01:40:56.204Z [debug][Jobs]: Starting scheduled job: Download Sync 
2022-10-20T01:40:56.206Z [debug][Jobs]: Starting scheduled job: Download Sync 
2022-10-20T01:40:56.207Z [info][Jobs]: Starting scheduled job: Plex Recently Added Scan 
2022-10-20T01:40:56.208Z [info][Plex Scan]: Scan starting {"sessionId":"88442b57-cc84-46f2-97e7-401d15493381"}
2022-10-20T01:40:56.209Z [debug][Jobs]: Starting scheduled job: Download Sync 
2022-10-20T01:40:56.211Z [debug][Jobs]: Starting scheduled job: Download Sync 
2022-10-20T01:40:56.212Z [debug][Jobs]: Starting scheduled job: Download Sync 
2022-10-20T01:40:56.214Z [debug][Jobs]: Starting scheduled job: Download Sync 
2022-10-20T01:40:56.214Z [info][Plex Scan]: Recently Added Scan Complete 
2022-10-20T01:40:56.214Z [debug][Jobs]: Starting scheduled job: Download Sync 
2022-10-20T01:40:56.217Z [info][Jobs]: Starting scheduled job: Plex Recently Added Scan 
2022-10-20T01:40:56.217Z [info][Plex Scan]: Scan starting {"sessionId":"aae983d1-62e3-4225-b2d7-224e9135504a"}
2022-10-20T01:40:56.218Z [info][Jobs]: Starting scheduled job: Plex Watchlist Sync 
2022-10-20T01:40:56.220Z [debug][Jobs]: Starting scheduled job: Download Sync 
2022-10-20T01:40:56.222Z [debug][Jobs]: Starting scheduled job: Download Sync 
2022-10-20T01:40:56.223Z [debug][Jobs]: Starting scheduled job: Download Sync 
2022-10-20T01:40:56.224Z [debug][Jobs]: Starting scheduled job: Download Sync 
2022-10-20T01:40:56.227Z [debug][Jobs]: Starting scheduled job: Download Sync 
2022-10-20T01:40:56.229Z [info][Jobs]: Starting scheduled job: Plex Recently Added Scan 
2022-10-20T01:40:56.229Z [info][Plex Scan]: Scan starting {"sessionId":"978bdbbd-c7fd-4780-83c3-9efa3124ecac"}
2022-10-20T01:40:56.231Z [debug][Jobs]: Starting scheduled job: Download Sync 
2022-10-20T01:40:56.231Z [info][Plex Scan]: Recently Added Scan Complete 
2022-10-20T01:40:56.233Z [debug][Jobs]: Starting scheduled job: Download Sync 
2022-10-20T01:40:56.234Z [debug][Jobs]: Starting scheduled job: Download Sync 
2022-10-20T01:40:56.236Z [debug][Jobs]: Starting scheduled job: Download Sync 
2022-10-20T01:40:56.237Z [debug][Jobs]: Starting scheduled job: Download Sync 
2022-10-20T01:40:56.238Z [info][Jobs]: Starting scheduled job: Plex Recently Added Scan 
2022-10-20T01:40:56.239Z [info][Plex Scan]: Scan starting {"sessionId":"3f6e1c67-fa77-4f8f-a173-b1e40bdeea56"}
2022-10-20T01:40:56.242Z [info][Jobs]: Starting scheduled job: Plex Watchlist Sync 
2022-10-20T01:40:56.242Z [info][Plex Scan]: Recently Added Scan Complete 
2022-10-20T01:40:56.244Z [debug][Jobs]: Starting scheduled job: Download Sync 
2022-10-20T01:40:56.246Z [debug][Jobs]: Starting scheduled job: Download Sync 
2022-10-20T01:40:56.248Z [debug][Jobs]: Starting scheduled job: Download Sync 
2022-10-20T01:40:56.249Z [debug][Jobs]: Starting scheduled job: Download Sync 
2022-10-20T01:40:56.250Z [debug][Jobs]: Starting scheduled job: Download Sync 
2022-10-20T01:40:56.252Z [info][Jobs]: Starting scheduled job: Plex Recently Added Scan 
2022-10-20T01:40:56.253Z [info][Plex Scan]: Scan starting {"sessionId":"358b5544-01c3-4844-bfb5-bf7c7fd91d5b"}
2022-10-20T01:40:56.255Z [debug][Jobs]: Starting scheduled job: Download Sync 
2022-10-20T01:40:56.256Z [debug][Jobs]: Starting scheduled job: Download Sync 
2022-10-20T01:40:56.257Z [info][Plex Scan]: Recently Added Scan Complete 
2022-10-20T01:40:56.258Z [debug][Jobs]: Starting scheduled job: Download Sync 
2022-10-20T01:40:56.259Z [debug][Jobs]: Starting scheduled job: Download Sync 
2022-10-20T01:40:56.262Z [debug][Jobs]: Starting scheduled job: Download Sync 
2022-10-20T01:40:56.263Z [info][Jobs]: Starting scheduled job: Plex Recently Added Scan 
2022-10-20T01:40:56.264Z [info][Plex Scan]: Scan starting {"sessionId":"71d4d817-6544-4b6d-a50c-aabe6fad8880"}
2022-10-20T01:40:56.266Z [info][Jobs]: Starting scheduled job: Plex Watchlist Sync 
2022-10-20T01:40:56.268Z [info][Plex Scan]: Recently Added Scan Complete 
2022-10-20T01:40:56.269Z [info][Plex Scan]: Recently Added Scan Complete 
2022-10-20T01:40:56.276Z [info][Plex Scan]: Recently Added Scan Complete 
2022-10-20T01:40:56.284Z [info][Plex Scan]: Recently Added Scan Complete 
2022-10-20T01:41:00.009Z [debug][Jobs]: Starting scheduled job: Download Sync 
2022-10-20T02:26:32.181Z [debug][Jobs]: Starting scheduled job: Download Sync 
2022-10-20T02:26:32.190Z [debug][Jobs]: Starting scheduled job: Download Sync 
2022-10-20T02:26:32.202Z [debug][Jobs]: Starting scheduled job: Download Sync 
2022-10-20T02:26:32.207Z [debug][Jobs]: Starting scheduled job: Download Sync 
2022-10-20T02:26:32.210Z [info][Jobs]: Starting scheduled job: Plex Recently Added Scan 
2022-10-20T02:26:32.211Z [info][Plex Scan]: Scan starting {"sessionId":"cc32e872-85ae-49ab-809b-8d5db1a15950"}
2022-10-20T02:26:32.219Z [debug][Jobs]: Starting scheduled job: Download Sync 
2022-10-20T02:26:32.222Z [debug][Jobs]: Starting scheduled job: Download Sync 
2022-10-20T02:26:32.226Z [debug][Jobs]: Starting scheduled job: Download Sync 
2022-10-20T02:26:32.232Z [debug][Jobs]: Starting scheduled job: Download Sync 
2022-10-20T02:26:32.235Z [debug][Jobs]: Starting scheduled job: Download Sync 
2022-10-20T02:26:32.236Z [info][Jobs]: Starting scheduled job: Plex Recently Added Scan 
2022-10-20T02:26:32.236Z [info][Plex Scan]: Scan starting {"sessionId":"7cdc145f-9e7a-436f-bea6-7aebdfe4f898"}
2022-10-20T02:26:32.239Z [info][Jobs]: Starting scheduled job: Plex Watchlist Sync 
2022-10-20T02:26:32.241Z [debug][Jobs]: Starting scheduled job: Download Sync 
2022-10-20T02:26:32.244Z [debug][Jobs]: Starting scheduled job: Download Sync 
2022-10-20T02:26:32.246Z [debug][Jobs]: Starting scheduled job: Download Sync 
2022-10-20T02:26:32.249Z [debug][Jobs]: Starting scheduled job: Download Sync 
2022-10-20T02:26:32.252Z [debug][Jobs]: Starting scheduled job: Download Sync 
2022-10-20T02:26:32.255Z [info][Jobs]: Starting scheduled job: Plex Recently Added Scan 
2022-10-20T02:26:32.255Z [info][Plex Scan]: Scan starting {"sessionId":"6baab344-efea-4ce3-aba8-5bf354a8d7c0"}
2022-10-20T02:26:32.258Z [debug][Jobs]: Starting scheduled job: Download Sync 
2022-10-20T02:26:32.259Z [info][Plex Scan]: Recently Added Scan Complete 
2022-10-20T02:26:32.260Z [debug][Jobs]: Starting scheduled job: Download Sync 
2022-10-20T02:26:32.263Z [debug][Jobs]: Starting scheduled job: Download Sync 
2022-10-20T02:26:32.264Z [debug][Jobs]: Starting scheduled job: Download Sync 
2022-10-20T02:26:32.268Z [debug][Jobs]: Starting scheduled job: Download Sync 
2022-10-20T02:26:32.270Z [info][Jobs]: Starting scheduled job: Plex Recently Added Scan 
2022-10-20T02:26:32.270Z [info][Plex Scan]: Scan starting {"sessionId":"ede0653c-2478-4510-9c8e-71788878cb6b"}
2022-10-20T02:26:32.273Z [info][Jobs]: Starting scheduled job: Plex Watchlist Sync 
2022-10-20T02:26:32.274Z [info][Plex Scan]: Recently Added Scan Complete 
2022-10-20T02:26:32.277Z [info][Jobs]: Starting scheduled job: Radarr Scan 
2022-10-20T02:26:32.277Z [info][Radarr Scan]: Scan starting {"sessionId":"f07caa03-fed7-45e2-a5c1-5375589a1267"}
2022-10-20T02:26:32.277Z [info][Radarr Scan]: Radarr scan complete 
2022-10-20T02:26:32.280Z [debug][Jobs]: Starting scheduled job: Download Sync 
2022-10-20T02:26:32.282Z [debug][Jobs]: Starting scheduled job: Download Sync 
2022-10-20T02:26:32.284Z [debug][Jobs]: Starting scheduled job: Download Sync 
2022-10-20T02:26:32.285Z [debug][Jobs]: Starting scheduled job: Download Sync 
2022-10-20T02:26:32.290Z [debug][Jobs]: Starting scheduled job: Download Sync 
2022-10-20T02:26:32.291Z [info][Plex Scan]: Recently Added Scan Complete 
2022-10-20T02:26:32.293Z [info][Jobs]: Starting scheduled job: Plex Recently Added Scan 
2022-10-20T02:26:32.293Z [info][Plex Scan]: Scan starting {"sessionId":"9f7ce9bc-94dc-4ee4-8901-5f37381e24b7"}
2022-10-20T02:26:32.296Z [debug][Jobs]: Starting scheduled job: Download Sync 
2022-10-20T02:26:32.298Z [debug][Jobs]: Starting scheduled job: Download Sync 
2022-10-20T02:26:32.299Z [debug][Jobs]: Starting scheduled job: Download Sync 
2022-10-20T02:26:32.301Z [debug][Jobs]: Starting scheduled job: Download Sync 
2022-10-20T02:26:32.303Z [debug][Jobs]: Starting scheduled job: Download Sync 
2022-10-20T02:26:32.305Z [info][Jobs]: Starting scheduled job: Plex Recently Added Scan 
2022-10-20T02:26:32.305Z [info][Plex Scan]: Scan starting {"sessionId":"a222ffc5-dec3-4062-82f8-6df8cc44c60f"}
2022-10-20T02:26:32.305Z [info][Plex Scan]: Recently Added Scan Complete 
2022-10-20T02:26:32.306Z [info][Jobs]: Starting scheduled job: Plex Watchlist Sync 
2022-10-20T02:26:32.308Z [debug][Jobs]: Starting scheduled job: Download Sync 
2022-10-20T02:26:32.310Z [debug][Jobs]: Starting scheduled job: Download Sync 
2022-10-20T02:26:32.311Z [debug][Jobs]: Starting scheduled job: Download Sync 
2022-10-20T02:26:32.313Z [debug][Jobs]: Starting scheduled job: Download Sync 
2022-10-20T02:26:32.315Z [debug][Jobs]: Starting scheduled job: Download Sync 
2022-10-20T02:26:32.316Z [info][Jobs]: Starting scheduled job: Plex Recently Added Scan 
2022-10-20T02:26:32.316Z [info][Plex Scan]: Scan starting {"sessionId":"cd400319-d209-40de-89bc-3c2d52388bf9"}
2022-10-20T02:26:32.316Z [info][Plex Scan]: Recently Added Scan Complete 
2022-10-20T02:26:32.317Z [debug][Jobs]: Starting scheduled job: Download Sync 
2022-10-20T02:26:32.319Z [debug][Jobs]: Starting scheduled job: Download Sync 
2022-10-20T02:26:32.320Z [debug][Jobs]: Starting scheduled job: Download Sync 
2022-10-20T02:26:32.323Z [debug][Jobs]: Starting scheduled job: Download Sync 
2022-10-20T02:26:32.325Z [debug][Jobs]: Starting scheduled job: Download Sync 
2022-10-20T02:26:32.326Z [info][Jobs]: Starting scheduled job: Plex Recently Added Scan 
2022-10-20T02:26:32.327Z [info][Plex Scan]: Scan starting {"sessionId":"a2c05a1e-f4f4-4b95-b18d-dbc8812d14ee"}
2022-10-20T02:26:32.328Z [info][Jobs]: Starting scheduled job: Plex Watchlist Sync 
2022-10-20T02:26:32.330Z [debug][Jobs]: Starting scheduled job: Download Sync 
2022-10-20T02:26:32.331Z [info][Plex Scan]: Recently Added Scan Complete 
2022-10-20T02:26:32.332Z [debug][Jobs]: Starting scheduled job: Download Sync 
2022-10-20T02:26:32.333Z [debug][Jobs]: Starting scheduled job: Download Sync 
2022-10-20T02:26:32.337Z [debug][Jobs]: Starting scheduled job: Download Sync 
2022-10-20T02:26:32.338Z [debug][Jobs]: Starting scheduled job: Download Sync 
2022-10-20T02:26:32.340Z [info][Jobs]: Starting scheduled job: Plex Recently Added Scan 
2022-10-20T02:26:32.340Z [info][Plex Scan]: Scan starting {"sessionId":"d94aab44-ca19-44b9-8bba-6b2506ab88e3"}
2022-10-20T02:26:32.341Z [info][Plex Scan]: Recently Added Scan Complete 
2022-10-20T02:26:32.341Z [debug][Jobs]: Starting scheduled job: Download Sync 
2022-10-20T02:26:32.351Z [info][Plex Scan]: Recently Added Scan Complete 
2022-10-20T02:26:32.355Z [info][Plex Scan]: Recently Added Scan Complete 
2022-10-20T02:45:09.881Z [debug][Jobs]: Starting scheduled job: Download Sync 
2022-10-20T02:45:09.886Z [debug][Jobs]: Starting scheduled job: Download Sync 
2022-10-20T02:45:09.889Z [debug][Jobs]: Starting scheduled job: Download Sync 
2022-10-20T02:45:09.892Z [debug][Jobs]: Starting scheduled job: Download Sync 
2022-10-20T02:45:09.894Z [info][Jobs]: Starting scheduled job: Plex Recently Added Scan 
2022-10-20T02:45:09.894Z [info][Plex Scan]: Scan starting {"sessionId":"a9e5cb15-8a5c-469d-9f62-425427f65384"}
2022-10-20T02:45:09.897Z [info][Jobs]: Starting scheduled job: Plex Watchlist Sync 
2022-10-20T02:45:09.901Z [info][Jobs]: Starting scheduled job: Sonarr Scan 
2022-10-20T02:45:09.902Z [info][Sonarr Scan]: Scan starting {"sessionId":"cfd9a3cf-6c7e-49e1-bb9c-b786e7c016e2"}
2022-10-20T02:45:09.902Z [info][Sonarr Scan]: Sonarr scan complete 
2022-10-20T02:45:09.903Z [debug][Jobs]: Starting scheduled job: Download Sync 
2022-10-20T02:45:09.906Z [debug][Jobs]: Starting scheduled job: Download Sync 
2022-10-20T02:45:09.909Z [debug][Jobs]: Starting scheduled job: Download Sync 
2022-10-20T02:45:09.913Z [debug][Jobs]: Starting scheduled job: Download Sync 
2022-10-20T02:45:09.916Z [debug][Jobs]: Starting scheduled job: Download Sync 
2022-10-20T02:45:09.917Z [info][Jobs]: Starting scheduled job: Plex Recently Added Scan 
2022-10-20T02:45:09.917Z [info][Plex Scan]: Scan starting {"sessionId":"0056cff2-2979-48ef-9509-d2331118bf86"}
2022-10-20T02:45:09.919Z [debug][Jobs]: Starting scheduled job: Download Sync 
2022-10-20T02:45:09.920Z [debug][Jobs]: Starting scheduled job: Download Sync 
2022-10-20T02:45:09.921Z [debug][Jobs]: Starting scheduled job: Download Sync 
2022-10-20T02:45:09.922Z [debug][Jobs]: Starting scheduled job: Download Sync 
2022-10-20T02:45:09.923Z [debug][Jobs]: Starting scheduled job: Download Sync 
2022-10-20T02:45:09.924Z [info][Jobs]: Starting scheduled job: Plex Recently Added Scan 
2022-10-20T02:45:09.924Z [info][Plex Scan]: Scan starting {"sessionId":"39507b0c-168b-41c8-9ec1-7d654def4779"}
2022-10-20T02:45:09.926Z [info][Jobs]: Starting scheduled job: Plex Watchlist Sync 
2022-10-20T02:45:09.928Z [debug][Jobs]: Starting scheduled job: Download Sync 
2022-10-20T02:45:09.931Z [debug][Jobs]: Starting scheduled job: Download Sync 
2022-10-20T02:45:09.932Z [debug][Jobs]: Starting scheduled job: Download Sync 
2022-10-20T02:45:09.934Z [debug][Jobs]: Starting scheduled job: Download Sync 
2022-10-20T02:45:09.936Z [debug][Jobs]: Starting scheduled job: Download Sync 
2022-10-20T02:45:09.937Z [info][Jobs]: Starting scheduled job: Plex Recently Added Scan 
2022-10-20T02:45:09.937Z [info][Plex Scan]: Scan starting {"sessionId":"fb2bcf7c-a65d-44a7-95ec-74c92660d771"}
2022-10-20T02:45:09.942Z [info][Plex Scan]: Recently Added Scan Complete 
2022-10-20T02:45:09.949Z [info][Plex Scan]: Recently Added Scan Complete 
2022-10-20T02:45:09.953Z [info][Plex Scan]: Recently Added Scan Complete 
2022-10-20T02:45:09.956Z [info][Plex Scan]: Recently Added Scan Complete 
2022-10-20T03:58:46.851Z [debug][Jobs]: Starting scheduled job: Download Sync 
2022-10-20T03:58:46.856Z [debug][Jobs]: Starting scheduled job: Download Sync 
2022-10-20T03:58:46.857Z [debug][Jobs]: Starting scheduled job: Download Sync 
2022-10-20T03:58:46.859Z [debug][Jobs]: Starting scheduled job: Download Sync 
2022-10-20T03:58:46.860Z [debug][Jobs]: Starting scheduled job: Download Sync 
2022-10-20T03:58:46.862Z [info][Jobs]: Starting scheduled job: Plex Recently Added Scan 
2022-10-20T03:58:46.862Z [info][Plex Scan]: Scan starting {"sessionId":"cbeedea2-394a-4226-8fc4-9a06a492902b"}
2022-10-20T03:58:46.863Z [info][Jobs]: Starting scheduled job: Plex Watchlist Sync 
2022-10-20T03:58:46.865Z [debug][Jobs]: Starting scheduled job: Download Sync 
2022-10-20T03:58:46.867Z [debug][Jobs]: Starting scheduled job: Download Sync 
2022-10-20T03:58:46.869Z [debug][Jobs]: Starting scheduled job: Download Sync 
2022-10-20T03:58:46.870Z [debug][Jobs]: Starting scheduled job: Download Sync 
2022-10-20T03:58:46.873Z [debug][Jobs]: Starting scheduled job: Download Sync 
2022-10-20T03:58:46.875Z [info][Jobs]: Starting scheduled job: Plex Recently Added Scan 
2022-10-20T03:58:46.875Z [info][Plex Scan]: Scan starting {"sessionId":"e67697f8-c39e-48af-a3ef-6d1c20c62f03"}
2022-10-20T03:58:46.878Z [debug][Jobs]: Starting scheduled job: Download Sync 
2022-10-20T03:58:46.880Z [debug][Jobs]: Starting scheduled job: Download Sync 
2022-10-20T03:58:46.881Z [debug][Jobs]: Starting scheduled job: Download Sync 
2022-10-20T03:58:46.883Z [debug][Jobs]: Starting scheduled job: Download Sync 
2022-10-20T03:58:46.885Z [debug][Jobs]: Starting scheduled job: Download Sync 
2022-10-20T03:58:46.887Z [info][Jobs]: Starting scheduled job: Plex Recently Added Scan 
2022-10-20T03:58:46.887Z [info][Plex Scan]: Scan starting {"sessionId":"25b41d13-9164-4f8a-acc8-6654c6bbe3e0"}
2022-10-20T03:58:46.891Z [info][Jobs]: Starting scheduled job: Plex Watchlist Sync 
2022-10-20T03:58:46.894Z [debug][Jobs]: Starting scheduled job: Download Sync 
2022-10-20T03:58:46.895Z [info][Plex Scan]: Recently Added Scan Complete 
2022-10-20T03:58:46.896Z [debug][Jobs]: Starting scheduled job: Download Sync 
2022-10-20T03:58:46.898Z [debug][Jobs]: Starting scheduled job: Download Sync 
2022-10-20T03:58:46.901Z [debug][Jobs]: Starting scheduled job: Download Sync 
2022-10-20T03:58:46.903Z [debug][Jobs]: Starting scheduled job: Download Sync 
2022-10-20T03:58:46.905Z [info][Jobs]: Starting scheduled job: Plex Recently Added Scan 
2022-10-20T03:58:46.905Z [info][Plex Scan]: Scan starting {"sessionId":"a36eaeba-5eb3-4e38-9624-4a212d1e3212"}
2022-10-20T03:58:46.907Z [debug][Jobs]: Starting scheduled job: Download Sync 
2022-10-20T03:58:46.908Z [info][Plex Scan]: Recently Added Scan Complete 
2022-10-20T03:58:46.910Z [debug][Jobs]: Starting scheduled job: Download Sync 
2022-10-20T03:58:46.911Z [debug][Jobs]: Starting scheduled job: Download Sync 
2022-10-20T03:58:46.913Z [debug][Jobs]: Starting scheduled job: Download Sync 
2022-10-20T03:58:46.914Z [debug][Jobs]: Starting scheduled job: Download Sync 
2022-10-20T03:58:46.918Z [info][Jobs]: Starting scheduled job: Plex Recently Added Scan 
2022-10-20T03:58:46.918Z [info][Plex Scan]: Scan starting {"sessionId":"423eeaf5-6d4d-49c1-a632-7f01c865b383"}
2022-10-20T03:58:46.921Z [info][Jobs]: Starting scheduled job: Plex Watchlist Sync 
2022-10-20T03:58:46.922Z [debug][Jobs]: Starting scheduled job: Download Sync 
2022-10-20T03:58:46.923Z [info][Plex Scan]: Recently Added Scan Complete 
2022-10-20T03:58:46.926Z [debug][Jobs]: Starting scheduled job: Download Sync 
2022-10-20T03:58:46.927Z [debug][Jobs]: Starting scheduled job: Download Sync 
2022-10-20T03:58:46.931Z [debug][Jobs]: Starting scheduled job: Download Sync 
2022-10-20T03:58:46.932Z [debug][Jobs]: Starting scheduled job: Download Sync 
2022-10-20T03:58:46.933Z [info][Jobs]: Starting scheduled job: Plex Recently Added Scan 
2022-10-20T03:58:46.934Z [info][Plex Scan]: Scan starting {"sessionId":"a3bd86b5-fe63-4323-8f49-4830949c88ff"}
2022-10-20T03:58:46.935Z [debug][Jobs]: Starting scheduled job: Download Sync 
2022-10-20T03:58:46.937Z [debug][Jobs]: Starting scheduled job: Download Sync 
2022-10-20T03:58:46.938Z [debug][Jobs]: Starting scheduled job: Download Sync 
2022-10-20T03:58:46.938Z [info][Plex Scan]: Recently Added Scan Complete 
2022-10-20T03:58:46.941Z [debug][Jobs]: Starting scheduled job: Download Sync 
2022-10-20T03:58:46.943Z [debug][Jobs]: Starting scheduled job: Download Sync 
2022-10-20T03:58:46.943Z [info][Jobs]: Starting scheduled job: Plex Recently Added Scan 
2022-10-20T03:58:46.944Z [info][Plex Scan]: Scan starting {"sessionId":"6c1c445d-e2c3-4437-af63-d6c578182fb4"}
2022-10-20T03:58:46.945Z [info][Jobs]: Starting scheduled job: Plex Watchlist Sync 
2022-10-20T03:58:46.946Z [debug][Jobs]: Starting scheduled job: Download Sync 
2022-10-20T03:58:46.948Z [debug][Jobs]: Starting scheduled job: Download Sync 
2022-10-20T03:58:46.949Z [info][Plex Scan]: Recently Added Scan Complete 
2022-10-20T03:58:46.951Z [debug][Jobs]: Starting scheduled job: Download Sync 
2022-10-20T03:58:46.952Z [debug][Jobs]: Starting scheduled job: Download Sync 
2022-10-20T03:58:46.953Z [debug][Jobs]: Starting scheduled job: Download Sync 
2022-10-20T03:58:46.954Z [info][Jobs]: Starting scheduled job: Plex Recently Added Scan 
2022-10-20T03:58:46.955Z [info][Plex Scan]: Scan starting {"sessionId":"a8ce7d4e-2b94-4050-874e-d6f1e4ab2b45"}
2022-10-20T03:58:46.956Z [debug][Jobs]: Starting scheduled job: Download Sync 
2022-10-20T03:58:46.958Z [debug][Jobs]: Starting scheduled job: Download Sync 
2022-10-20T03:58:46.959Z [debug][Jobs]: Starting scheduled job: Download Sync 
2022-10-20T03:58:46.960Z [debug][Jobs]: Starting scheduled job: Download Sync 
2022-10-20T03:58:46.963Z [debug][Jobs]: Starting scheduled job: Download Sync 
2022-10-20T03:58:46.965Z [info][Jobs]: Starting scheduled job: Plex Recently Added Scan 
2022-10-20T03:58:46.965Z [info][Plex Scan]: Scan starting {"sessionId":"3f313fdf-afd3-47c0-9fad-bc8c5717826e"}
2022-10-20T03:58:46.966Z [info][Jobs]: Starting scheduled job: Plex Watchlist Sync 
2022-10-20T03:58:46.967Z [info][Plex Scan]: Recently Added Scan Complete 
2022-10-20T03:58:46.968Z [debug][Jobs]: Starting scheduled job: Download Sync 
2022-10-20T03:58:46.969Z [debug][Jobs]: Starting scheduled job: Download Sync 
2022-10-20T03:58:46.970Z [debug][Jobs]: Starting scheduled job: Download Sync 
2022-10-20T03:58:46.971Z [debug][Jobs]: Starting scheduled job: Download Sync 
2022-10-20T03:58:46.972Z [debug][Jobs]: Starting scheduled job: Download Sync 
2022-10-20T03:58:46.974Z [info][Jobs]: Starting scheduled job: Plex Recently Added Scan 
2022-10-20T03:58:46.974Z [info][Plex Scan]: Scan starting {"sessionId":"0ef97268-c79d-4b36-86ab-fd19e8dc9140"}
2022-10-20T03:58:46.975Z [info][Plex Scan]: Recently Added Scan Complete 
2022-10-20T03:58:46.976Z [debug][Jobs]: Starting scheduled job: Download Sync 
2022-10-20T03:58:46.977Z [debug][Jobs]: Starting scheduled job: Download Sync 
2022-10-20T03:58:46.979Z [debug][Jobs]: Starting scheduled job: Download Sync 
2022-10-20T03:58:46.980Z [debug][Jobs]: Starting scheduled job: Download Sync 
2022-10-20T03:58:46.981Z [debug][Jobs]: Starting scheduled job: Download Sync 
2022-10-20T03:58:46.982Z [info][Jobs]: Starting scheduled job: Plex Recently Added Scan 
2022-10-20T03:58:46.982Z [info][Plex Scan]: Scan starting {"sessionId":"5656157d-247a-4ce4-82bf-31165da67e35"}
2022-10-20T03:58:46.984Z [info][Jobs]: Starting scheduled job: Plex Watchlist Sync 
2022-10-20T03:58:46.986Z [debug][Jobs]: Starting scheduled job: Download Sync 
2022-10-20T03:58:46.986Z [info][Plex Scan]: Recently Added Scan Complete 
2022-10-20T03:58:46.987Z [debug][Jobs]: Starting scheduled job: Download Sync 
2022-10-20T03:58:46.989Z [debug][Jobs]: Starting scheduled job: Download Sync 
2022-10-20T03:58:46.991Z [debug][Jobs]: Starting scheduled job: Download Sync 
2022-10-20T03:58:46.992Z [debug][Jobs]: Starting scheduled job: Download Sync 
2022-10-20T03:58:46.993Z [info][Jobs]: Starting scheduled job: Plex Recently Added Scan 
2022-10-20T03:58:46.993Z [info][Plex Scan]: Scan starting {"sessionId":"c9e62726-3a39-4096-b1e9-b082d5b071ca"}
2022-10-20T03:58:46.995Z [debug][Jobs]: Starting scheduled job: Download Sync 
2022-10-20T03:58:46.996Z [debug][Jobs]: Starting scheduled job: Download Sync 
2022-10-20T03:58:46.997Z [debug][Jobs]: Starting scheduled job: Download Sync 
2022-10-20T03:58:46.998Z [debug][Jobs]: Starting scheduled job: Download Sync 
2022-10-20T03:58:47.001Z [debug][Jobs]: Starting scheduled job: Download Sync 
2022-10-20T03:58:47.003Z [info][Jobs]: Starting scheduled job: Plex Recently Added Scan 
2022-10-20T03:58:47.003Z [info][Plex Scan]: Scan starting {"sessionId":"218cf7ed-db99-4553-8eed-83061d4b3b89"}
2022-10-20T03:58:47.004Z [info][Jobs]: Starting scheduled job: Plex Watchlist Sync 
2022-10-20T03:58:47.006Z [debug][Jobs]: Starting scheduled job: Download Sync 
2022-10-20T03:58:47.007Z [info][Plex Scan]: Recently Added Scan Complete 
2022-10-20T03:58:47.008Z [debug][Jobs]: Starting scheduled job: Download Sync 
2022-10-20T03:58:47.009Z [debug][Jobs]: Starting scheduled job: Download Sync 
2022-10-20T03:58:47.010Z [info][Plex Scan]: Recently Added Scan Complete 
2022-10-20T03:58:47.011Z [debug][Jobs]: Starting scheduled job: Download Sync 
2022-10-20T03:58:47.013Z [debug][Jobs]: Starting scheduled job: Download Sync 
2022-10-20T03:58:47.014Z [info][Jobs]: Starting scheduled job: Plex Recently Added Scan 
2022-10-20T03:58:47.014Z [info][Plex Scan]: Scan starting {"sessionId":"ace49048-cec9-4897-95c8-f1ea70ed1ecf"}
2022-10-20T03:58:47.015Z [debug][Jobs]: Starting scheduled job: Download Sync 
2022-10-20T03:58:47.018Z [debug][Jobs]: Starting scheduled job: Download Sync 
2022-10-20T03:58:47.019Z [debug][Jobs]: Starting scheduled job: Download Sync 
2022-10-20T03:58:47.019Z [info][Plex Scan]: Recently Added Scan Complete 
2022-10-20T03:58:47.023Z [info][Plex Scan]: Recently Added Scan Complete 
2022-10-20T03:58:47.030Z [info][Plex Scan]: Recently Added Scan Complete 
2022-10-20T03:58:47.035Z [info][Plex Scan]: Recently Added Scan Complete 
2022-10-20T03:59:00.030Z [debug][Jobs]: Starting scheduled job: Download Sync 
2022-10-20T05:00:54.926Z [debug][Jobs]: Starting scheduled job: Download Sync 
2022-10-20T05:00:54.946Z [info][Jobs]: Starting scheduled job: Plex Recently Added Scan 
2022-10-20T05:00:54.948Z [info][Plex Scan]: Scan starting {"sessionId":"3fc7e8e6-f4a9-4983-83ea-a87522f53ebe"}
2022-10-20T05:00:54.961Z [info][Jobs]: Starting scheduled job: Plex Watchlist Sync 
2022-10-20T05:00:54.966Z [debug][Jobs]: Starting scheduled job: Download Sync 
2022-10-20T05:00:54.972Z [debug][Jobs]: Starting scheduled job: Download Sync 
2022-10-20T05:00:54.976Z [debug][Jobs]: Starting scheduled job: Download Sync 
2022-10-20T05:00:54.979Z [debug][Jobs]: Starting scheduled job: Download Sync 
2022-10-20T05:00:54.982Z [debug][Jobs]: Starting scheduled job: Download Sync 
2022-10-20T05:00:54.995Z [info][Jobs]: Starting scheduled job: Plex Recently Added Scan 
2022-10-20T05:00:54.996Z [info][Plex Scan]: Scan starting {"sessionId":"8e9e9ce2-c106-4946-89ce-155db0f3750d"}
2022-10-20T05:00:54.997Z [debug][Jobs]: Starting scheduled job: Download Sync 
2022-10-20T05:00:55.000Z [debug][Jobs]: Starting scheduled job: Download Sync 
2022-10-20T05:00:55.002Z [debug][Jobs]: Starting scheduled job: Download Sync 
2022-10-20T05:00:55.005Z [debug][Jobs]: Starting scheduled job: Download Sync 
2022-10-20T05:00:55.007Z [debug][Jobs]: Starting scheduled job: Download Sync 
2022-10-20T05:00:55.008Z [info][Jobs]: Starting scheduled job: Plex Recently Added Scan 
2022-10-20T05:00:55.008Z [info][Plex Scan]: Scan starting {"sessionId":"9169d67e-b466-4bfd-83b1-ee119b86515a"}
2022-10-20T05:00:55.010Z [info][Jobs]: Starting scheduled job: Plex Watchlist Sync 
2022-10-20T05:00:55.011Z [debug][Jobs]: Starting scheduled job: Download Sync 
2022-10-20T05:00:55.012Z [debug][Jobs]: Starting scheduled job: Download Sync 
2022-10-20T05:00:55.013Z [debug][Jobs]: Starting scheduled job: Download Sync 
2022-10-20T05:00:55.015Z [debug][Jobs]: Starting scheduled job: Download Sync 
2022-10-20T05:00:55.018Z [debug][Jobs]: Starting scheduled job: Download Sync 
2022-10-20T05:00:55.019Z [info][Jobs]: Starting scheduled job: Plex Recently Added Scan 
2022-10-20T05:00:55.020Z [info][Plex Scan]: Scan starting {"sessionId":"c21f8bdd-09e9-4580-8031-056acfd4f872"}
2022-10-20T05:00:55.021Z [debug][Jobs]: Starting scheduled job: Download Sync 
2022-10-20T05:00:55.025Z [debug][Jobs]: Starting scheduled job: Download Sync 
2022-10-20T05:00:55.027Z [debug][Jobs]: Starting scheduled job: Download Sync 
2022-10-20T05:00:55.029Z [debug][Jobs]: Starting scheduled job: Download Sync 
2022-10-20T05:00:55.032Z [debug][Jobs]: Starting scheduled job: Download Sync 
2022-10-20T05:00:55.034Z [info][Jobs]: Starting scheduled job: Plex Recently Added Scan 
2022-10-20T05:00:55.034Z [info][Plex Scan]: Scan starting {"sessionId":"f38cca3f-043e-44b1-aa63-c8f8665bcbcb"}
2022-10-20T05:00:55.036Z [info][Jobs]: Starting scheduled job: Plex Watchlist Sync 
2022-10-20T05:00:55.040Z [debug][Jobs]: Starting scheduled job: Download Sync 
2022-10-20T05:00:55.042Z [debug][Jobs]: Starting scheduled job: Download Sync 
2022-10-20T05:00:55.043Z [info][Plex Scan]: Recently Added Scan Complete 
2022-10-20T05:00:55.045Z [debug][Jobs]: Starting scheduled job: Download Sync 
2022-10-20T05:00:55.046Z [info][Plex Scan]: Recently Added Scan Complete 
2022-10-20T05:00:55.048Z [debug][Jobs]: Starting scheduled job: Download Sync 
2022-10-20T05:00:55.050Z [debug][Jobs]: Starting scheduled job: Download Sync 
2022-10-20T05:00:55.053Z [info][Jobs]: Starting scheduled job: Plex Recently Added Scan 
2022-10-20T05:00:55.053Z [info][Plex Scan]: Scan starting {"sessionId":"4bffa2d5-64a4-4a27-9700-5c853d324137"}
2022-10-20T05:00:55.058Z [debug][Jobs]: Starting scheduled job: Download Sync 
2022-10-20T05:00:55.060Z [debug][Jobs]: Starting scheduled job: Download Sync 
2022-10-20T05:00:55.060Z [info][Plex Scan]: Recently Added Scan Complete 
2022-10-20T05:00:55.060Z [info][Plex Scan]: Recently Added Scan Complete 
2022-10-20T05:00:55.062Z [debug][Jobs]: Starting scheduled job: Download Sync 
2022-10-20T05:00:55.064Z [debug][Jobs]: Starting scheduled job: Download Sync 
2022-10-20T05:00:55.070Z [debug][Jobs]: Starting scheduled job: Download Sync 
2022-10-20T05:00:55.071Z [info][Jobs]: Starting scheduled job: Plex Recently Added Scan 
2022-10-20T05:00:55.071Z [info][Plex Scan]: Scan starting {"sessionId":"9534aca9-c384-4c2e-9afa-7e74728eda22"}
2022-10-20T05:00:55.074Z [info][Jobs]: Starting scheduled job: Plex Watchlist Sync 
2022-10-20T05:00:55.079Z [debug][Jobs]: Starting scheduled job: Download Sync 
2022-10-20T05:00:55.081Z [debug][Jobs]: Starting scheduled job: Download Sync 
2022-10-20T05:00:55.082Z [info][Plex Scan]: Recently Added Scan Complete 
2022-10-20T05:00:55.083Z [debug][Jobs]: Starting scheduled job: Download Sync 
2022-10-20T05:00:55.085Z [debug][Jobs]: Starting scheduled job: Download Sync 
2022-10-20T05:00:55.085Z [info][Plex Scan]: Recently Added Scan Complete 
2022-10-20T05:00:55.087Z [debug][Jobs]: Starting scheduled job: Download Sync 
2022-10-20T05:00:55.090Z [info][Jobs]: Starting scheduled job: Plex Recently Added Scan 
2022-10-20T05:00:55.090Z [info][Plex Scan]: Scan starting {"sessionId":"f199feec-b497-455e-b151-049de96f422a"}
2022-10-20T05:00:55.092Z [debug][Jobs]: Starting scheduled job: Download Sync 
2022-10-20T05:00:55.094Z [debug][Jobs]: Starting scheduled job: Download Sync 
2022-10-20T05:00:55.096Z [debug][Jobs]: Starting scheduled job: Download Sync 
2022-10-20T05:00:55.099Z [debug][Jobs]: Starting scheduled job: Download Sync 
2022-10-20T05:00:55.103Z [debug][Jobs]: Starting scheduled job: Download Sync 
2022-10-20T05:00:55.106Z [info][Jobs]: Starting scheduled job: Plex Recently Added Scan 
2022-10-20T05:00:55.107Z [info][Plex Scan]: Scan starting {"sessionId":"452b611a-c144-488e-a59a-ffa285b398a9"}
2022-10-20T05:00:55.108Z [info][Plex Scan]: Recently Added Scan Complete 
2022-10-20T05:00:55.109Z [info][Jobs]: Starting scheduled job: Plex Watchlist Sync 
2022-10-20T05:00:55.111Z [debug][Jobs]: Starting scheduled job: Download Sync 
2022-10-20T05:00:55.112Z [debug][Jobs]: Starting scheduled job: Download Sync 
2022-10-20T05:00:55.114Z [debug][Jobs]: Starting scheduled job: Download Sync 
2022-10-20T05:00:55.116Z [debug][Jobs]: Starting scheduled job: Download Sync 
2022-10-20T05:00:55.118Z [debug][Jobs]: Starting scheduled job: Download Sync 
2022-10-20T05:00:55.119Z [info][Jobs]: Starting scheduled job: Plex Recently Added Scan 
2022-10-20T05:00:55.120Z [info][Plex Scan]: Scan starting {"sessionId":"a292458f-2e7b-43e4-a9a0-0cf482cd4308"}
2022-10-20T05:00:55.122Z [debug][Jobs]: Starting scheduled job: Download Sync 
2022-10-20T05:00:55.122Z [info][Plex Scan]: Recently Added Scan Complete 
2022-10-20T05:00:55.124Z [debug][Jobs]: Starting scheduled job: Download Sync 
2022-10-20T05:00:55.125Z [debug][Jobs]: Starting scheduled job: Download Sync 
2022-10-20T05:00:55.127Z [debug][Jobs]: Starting scheduled job: Download Sync 
2022-10-20T05:00:55.129Z [debug][Jobs]: Starting scheduled job: Download Sync 
2022-10-20T05:00:55.130Z [info][Jobs]: Starting scheduled job: Plex Recently Added Scan 
2022-10-20T05:00:55.131Z [info][Plex Scan]: Scan starting {"sessionId":"568fd596-06e6-4821-a9fd-6569ba55fa4a"}
2022-10-20T05:00:55.132Z [info][Jobs]: Starting scheduled job: Plex Watchlist Sync 
2022-10-20T05:00:55.134Z [debug][Jobs]: Starting scheduled job: Download Sync 
2022-10-20T05:00:55.137Z [debug][Jobs]: Starting scheduled job: Download Sync 
2022-10-20T05:00:55.138Z [info][Plex Scan]: Recently Added Scan Complete 
2022-10-20T05:00:55.140Z [debug][Jobs]: Starting scheduled job: Download Sync 
2022-10-20T05:00:55.141Z [debug][Jobs]: Starting scheduled job: Download Sync 
2022-10-20T05:00:55.142Z [info][Plex Scan]: Recently Added Scan Complete 
2022-10-20T05:00:55.143Z [debug][Jobs]: Starting scheduled job: Download Sync 
2022-10-20T05:00:55.145Z [info][Jobs]: Starting scheduled job: Plex Recently Added Scan 
2022-10-20T05:00:55.146Z [info][Plex Scan]: Scan starting {"sessionId":"03932037-1bbc-4b32-b244-8feaad8a8eb1"}
2022-10-20T05:00:55.147Z [debug][Jobs]: Starting scheduled job: Download Sync 
2022-10-20T05:00:55.149Z [debug][Jobs]: Starting scheduled job: Download Sync 
2022-10-20T05:00:55.150Z [debug][Jobs]: Starting scheduled job: Download Sync 
2022-10-20T05:00:55.152Z [debug][Jobs]: Starting scheduled job: Download Sync 
2022-10-20T05:00:55.153Z [debug][Jobs]: Starting scheduled job: Download Sync 
2022-10-20T05:00:55.154Z [info][Jobs]: Starting scheduled job: Plex Recently Added Scan 
2022-10-20T05:00:55.154Z [info][Plex Scan]: Scan starting {"sessionId":"4435f8db-240d-4ba7-ae70-910f92ef8d46"}
2022-10-20T05:00:55.155Z [info][Jobs]: Starting scheduled job: Plex Watchlist Sync 
2022-10-20T05:00:55.161Z [info][Plex Scan]: Recently Added Scan Complete 
2022-10-20T05:00:55.167Z [info][Plex Scan]: Recently Added Scan Complete 
2022-10-20T05:00:55.170Z [info][Plex Scan]: Recently Added Scan Complete 
2022-10-20T05:11:33.839Z [debug][Jobs]: Starting scheduled job: Download Sync 
2022-10-20T05:11:33.844Z [debug][Jobs]: Starting scheduled job: Download Sync 
2022-10-20T05:11:33.856Z [debug][Jobs]: Starting scheduled job: Download Sync 
2022-10-20T05:11:33.861Z [debug][Jobs]: Starting scheduled job: Download Sync 
2022-10-20T05:11:33.864Z [debug][Jobs]: Starting scheduled job: Download Sync 
2022-10-20T05:11:33.867Z [info][Jobs]: Starting scheduled job: Plex Recently Added Scan 
2022-10-20T05:11:33.868Z [info][Plex Scan]: Scan starting {"sessionId":"4b7d63e7-6ecf-4fd0-8603-ee1b3ef5fd46"}
2022-10-20T05:11:33.872Z [debug][Jobs]: Starting scheduled job: Download Sync 
2022-10-20T05:11:33.876Z [debug][Jobs]: Starting scheduled job: Download Sync 
2022-10-20T05:11:33.880Z [debug][Jobs]: Starting scheduled job: Download Sync 
2022-10-20T05:11:33.882Z [debug][Jobs]: Starting scheduled job: Download Sync 
2022-10-20T05:11:33.884Z [debug][Jobs]: Starting scheduled job: Download Sync 
2022-10-20T05:11:33.886Z [info][Jobs]: Starting scheduled job: Plex Recently Added Scan 
2022-10-20T05:11:33.886Z [info][Plex Scan]: Scan starting {"sessionId":"0b38e55e-90f8-4633-bca3-b8324e1f2ca2"}
2022-10-20T05:11:33.893Z [info][Jobs]: Starting scheduled job: Plex Watchlist Sync 
2022-10-20T05:11:33.896Z [debug][Jobs]: Starting scheduled job: Download Sync 
2022-10-20T05:11:33.912Z [info][Plex Scan]: Recently Added Scan Complete 
2022-10-20T05:11:33.916Z [info][Plex Scan]: Recently Added Scan Complete 
2022-10-20T05:12:00.021Z [debug][Jobs]: Starting scheduled job: Download Sync 
2022-10-20T05:18:07.184Z [debug][Jobs]: Starting scheduled job: Download Sync 
2022-10-20T05:18:07.192Z [debug][Jobs]: Starting scheduled job: Download Sync 
2022-10-20T05:18:07.198Z [debug][Jobs]: Starting scheduled job: Download Sync 
2022-10-20T05:18:07.202Z [info][Jobs]: Starting scheduled job: Plex Recently Added Scan 
2022-10-20T05:18:07.203Z [info][Plex Scan]: Scan starting {"sessionId":"6f496f4c-66af-488d-a586-fe0d19c81587"}
2022-10-20T05:18:07.218Z [debug][Jobs]: Starting scheduled job: Download Sync 
2022-10-20T05:18:07.222Z [debug][Jobs]: Starting scheduled job: Download Sync 
2022-10-20T05:18:07.230Z [debug][Jobs]: Starting scheduled job: Download Sync 
2022-10-20T05:18:07.254Z [info][Plex Scan]: Recently Added Scan Complete 
2022-10-20T05:20:41.087Z [debug][Jobs]: Starting scheduled job: Download Sync 
2022-10-20T05:20:41.098Z [debug][Jobs]: Starting scheduled job: Download Sync 
2022-10-20T05:20:41.101Z [info][Jobs]: Starting scheduled job: Plex Recently Added Scan 
2022-10-20T05:20:41.101Z [info][Plex Scan]: Scan starting {"sessionId":"f84d2dde-9c98-4f24-9365-741f4498b952"}
2022-10-20T05:20:41.109Z [info][Jobs]: Starting scheduled job: Plex Watchlist Sync 
2022-10-20T05:20:41.126Z [error][Plex Scan]: Scan interrupted {"errorMessage":"getaddrinfo ENOTFOUND 172-30-0-3.52fc8f5909e346f8b6dfb4fd90a4455e.plex.direct"}
2022-10-20T05:21:00.101Z [debug][Jobs]: Starting scheduled job: Download Sync 
2022-10-20T05:22:00.169Z [debug][Jobs]: Starting scheduled job: Download Sync 
2022-10-20T05:23:00.746Z [debug][Jobs]: Starting scheduled job: Download Sync 
2022-10-20T05:24:00.518Z [debug][Jobs]: Starting scheduled job: Download Sync 
2022-10-20T05:25:00.404Z [debug][Jobs]: Starting scheduled job: Download Sync 
2022-10-20T05:25:00.411Z [info][Jobs]: Starting scheduled job: Plex Recently Added Scan 
2022-10-20T05:25:00.411Z [info][Plex Scan]: Scan starting {"sessionId":"d21444c9-5590-492b-8566-e0b579a5bbc4"}
2022-10-20T05:25:00.432Z [error][Plex Scan]: Scan interrupted {"errorMessage":"getaddrinfo ENOTFOUND 172-30-0-3.52fc8f5909e346f8b6dfb4fd90a4455e.plex.direct"}
2022-10-20T05:26:00.507Z [debug][Jobs]: Starting scheduled job: Download Sync 
2022-10-20T05:27:00.553Z [debug][Jobs]: Starting scheduled job: Download Sync 
2022-10-20T05:28:02.313Z [debug][Jobs]: Starting scheduled job: Download Sync 
2022-10-20T05:29:00.563Z [debug][Jobs]: Starting scheduled job: Download Sync 
2022-10-20T05:30:00.951Z [debug][Jobs]: Starting scheduled job: Download Sync 
2022-10-20T05:30:00.968Z [info][Jobs]: Starting scheduled job: Plex Recently Added Scan 
2022-10-20T05:30:00.968Z [info][Plex Scan]: Scan starting {"sessionId":"d6353c5a-8b19-4809-965c-21496e433041"}
2022-10-20T05:30:00.975Z [info][Jobs]: Starting scheduled job: Plex Watchlist Sync 
2022-10-20T05:30:00.996Z [error][Plex Scan]: Scan interrupted {"errorMessage":"getaddrinfo ENOTFOUND 172-30-0-3.52fc8f5909e346f8b6dfb4fd90a4455e.plex.direct"}
2022-10-20T05:32:03.526Z [debug][Jobs]: Starting scheduled job: Download Sync 
2022-10-20T05:32:03.530Z [debug][Jobs]: Starting scheduled job: Download Sync 
2022-10-20T05:34:05.280Z [debug][Jobs]: Starting scheduled job: Download Sync 
2022-10-20T05:34:05.295Z [debug][Jobs]: Starting scheduled job: Download Sync 
2022-10-20T05:44:29.646Z [debug][Jobs]: Starting scheduled job: Download Sync 
2022-10-20T05:44:29.659Z [info][Jobs]: Starting scheduled job: Plex Recently Added Scan 
2022-10-20T05:44:29.660Z [info][Plex Scan]: Scan starting {"sessionId":"ce6036fe-ee5b-435e-8572-14d37b7b142d"}
2022-10-20T05:44:29.666Z [debug][Jobs]: Starting scheduled job: Download Sync 
2022-10-20T05:44:29.671Z [debug][Jobs]: Starting scheduled job: Download Sync 
2022-10-20T05:44:29.673Z [debug][Jobs]: Starting scheduled job: Download Sync 
2022-10-20T05:44:29.677Z [debug][Jobs]: Starting scheduled job: Download Sync 
2022-10-20T05:44:29.678Z [debug][Jobs]: Starting scheduled job: Download Sync 
2022-10-20T05:44:29.680Z [info][Jobs]: Starting scheduled job: Plex Recently Added Scan 
2022-10-20T05:44:29.681Z [info][Plex Scan]: Scan starting {"sessionId":"0112351d-bab5-4bfe-8389-cf3b7d165c22"}
2022-10-20T05:44:29.685Z [info][Jobs]: Starting scheduled job: Plex Watchlist Sync 
2022-10-20T05:44:29.688Z [debug][Jobs]: Starting scheduled job: Download Sync 
2022-10-20T05:44:29.691Z [debug][Jobs]: Starting scheduled job: Download Sync 
2022-10-20T05:44:29.692Z [error][Plex Scan]: Scan interrupted {"errorMessage":"getaddrinfo ENOTFOUND 172-30-0-3.52fc8f5909e346f8b6dfb4fd90a4455e.plex.direct"}
2022-10-20T05:44:29.694Z [debug][Jobs]: Starting scheduled job: Download Sync 
2022-10-20T05:44:29.696Z [debug][Jobs]: Starting scheduled job: Download Sync 
2022-10-20T05:44:29.702Z [error][Plex Scan]: Scan interrupted {"errorMessage":"getaddrinfo ENOTFOUND 172-30-0-3.52fc8f5909e346f8b6dfb4fd90a4455e.plex.direct"}
2022-10-20T05:45:05.283Z [debug][Jobs]: Starting scheduled job: Download Sync 
2022-10-20T05:45:05.294Z [info][Jobs]: Starting scheduled job: Plex Recently Added Scan 
2022-10-20T05:45:05.295Z [info][Plex Scan]: Scan starting {"sessionId":"a2320060-370b-448a-8181-456c2b062dd6"}
2022-10-20T05:45:05.323Z [error][Plex Scan]: Scan interrupted {"errorMessage":"getaddrinfo ENOTFOUND 172-30-0-3.52fc8f5909e346f8b6dfb4fd90a4455e.plex.direct"}
2022-10-20T05:46:02.580Z [debug][Jobs]: Starting scheduled job: Download Sync 
2022-10-20T05:48:36.356Z [debug][Jobs]: Starting scheduled job: Download Sync 
2022-10-20T05:48:36.362Z [debug][Jobs]: Starting scheduled job: Download Sync 
2022-10-20T05:50:53.754Z [debug][Jobs]: Starting scheduled job: Download Sync 
2022-10-20T05:50:53.756Z [debug][Jobs]: Starting scheduled job: Download Sync 
2022-10-20T05:50:53.758Z [info][Jobs]: Starting scheduled job: Plex Recently Added Scan 
2022-10-20T05:50:53.759Z [info][Plex Scan]: Scan starting {"sessionId":"56f59b57-8272-4d6d-a76e-529b0299d242"}
2022-10-20T05:50:53.765Z [info][Jobs]: Starting scheduled job: Plex Watchlist Sync 
2022-10-20T05:50:53.785Z [error][Plex Scan]: Scan interrupted {"errorMessage":"getaddrinfo ENOTFOUND 172-30-0-3.52fc8f5909e346f8b6dfb4fd90a4455e.plex.direct"}
2022-10-20T05:51:00.014Z [debug][Jobs]: Starting scheduled job: Download Sync 
2022-10-20T05:54:38.483Z [debug][Jobs]: Starting scheduled job: Download Sync 
2022-10-20T05:54:38.489Z [debug][Jobs]: Starting scheduled job: Download Sync 
2022-10-20T05:54:38.497Z [debug][Jobs]: Starting scheduled job: Download Sync 
2022-10-20T05:58:53.093Z [debug][Jobs]: Starting scheduled job: Download Sync 
2022-10-20T05:58:53.099Z [info][Jobs]: Starting scheduled job: Plex Recently Added Scan 
2022-10-20T05:58:53.100Z [info][Plex Scan]: Scan starting {"sessionId":"8cb99f2e-0f0b-428e-951e-72ee4d6df095"}
2022-10-20T05:58:53.107Z [debug][Jobs]: Starting scheduled job: Download Sync 
2022-10-20T05:58:53.127Z [debug][Jobs]: Starting scheduled job: Download Sync 
2022-10-20T05:58:53.130Z [debug][Jobs]: Starting scheduled job: Download Sync 
2022-10-20T05:58:53.141Z [error][Plex Scan]: Scan interrupted {"errorMessage":"getaddrinfo ENOTFOUND 172-30-0-3.52fc8f5909e346f8b6dfb4fd90a4455e.plex.direct"}
2022-10-20T05:59:00.013Z [debug][Jobs]: Starting scheduled job: Download Sync 
2022-10-20T06:01:05.614Z [debug][Jobs]: Starting scheduled job: Download Sync 
2022-10-20T06:01:05.618Z [info][Jobs]: Starting scheduled job: Plex Recently Added Scan 
2022-10-20T06:01:05.618Z [info][Plex Scan]: Scan starting {"sessionId":"758d9712-ba82-4140-928b-4f2916b8dc12"}
2022-10-20T06:01:05.622Z [info][Jobs]: Starting scheduled job: Plex Watchlist Sync 
2022-10-20T06:01:05.625Z [debug][Jobs]: Starting scheduled job: Download Sync 
2022-10-20T06:01:05.645Z [error][Plex Scan]: Scan interrupted {"errorMessage":"getaddrinfo ENOTFOUND 172-30-0-3.52fc8f5909e346f8b6dfb4fd90a4455e.plex.direct"}
2022-10-20T06:02:12.659Z [debug][Jobs]: Starting scheduled job: Download Sync 
2022-10-20T06:03:00.769Z [debug][Jobs]: Starting scheduled job: Download Sync 
2022-10-20T06:04:04.010Z [debug][Jobs]: Starting scheduled job: Download Sync 
2022-10-20T06:05:02.228Z [debug][Jobs]: Starting scheduled job: Download Sync 
2022-10-20T06:05:02.238Z [info][Jobs]: Starting scheduled job: Plex Recently Added Scan 
2022-10-20T06:05:02.239Z [info][Plex Scan]: Scan starting {"sessionId":"5d033a6a-f12c-43a4-a4b2-5b833bcebc09"}
2022-10-20T06:05:02.293Z [error][Plex Scan]: Scan interrupted {"errorMessage":"getaddrinfo ENOTFOUND 172-30-0-3.52fc8f5909e346f8b6dfb4fd90a4455e.plex.direct"}
2022-10-20T06:06:03.180Z [debug][Jobs]: Starting scheduled job: Download Sync 
2022-10-20T06:07:44.651Z [debug][Jobs]: Starting scheduled job: Download Sync 
2022-10-20T06:08:00.360Z [debug][Jobs]: Starting scheduled job: Download Sync 
2022-10-20T06:09:00.030Z [debug][Jobs]: Starting scheduled job: Download Sync 
2022-10-20T06:10:00.025Z [debug][Jobs]: Starting scheduled job: Download Sync 
2022-10-20T06:10:00.029Z [info][Jobs]: Starting scheduled job: Plex Recently Added Scan 
2022-10-20T06:10:00.029Z [info][Plex Scan]: Scan starting {"sessionId":"70504aeb-76dc-4b3c-bbf2-2265742bdb28"}
2022-10-20T06:10:00.039Z [info][Jobs]: Starting scheduled job: Plex Watchlist Sync 
2022-10-20T06:10:00.145Z [info][Plex Scan]: Recently Added Scan Complete 
2022-10-20T06:11:00.022Z [debug][Jobs]: Starting scheduled job: Download Sync 
2022-10-20T06:12:00.002Z [debug][Jobs]: Starting scheduled job: Download Sync 
