Oct 19, 2022 09:39:53.289 [0x400348fb38] INFO - Plex Tuner Service v1.0.0.0 - Docker Docker Container x86_64 - build: 
Oct 19, 2022 09:39:53.305 [0x400348fb38] INFO - Linux version: 5.10.124-linuxkit (#1 SMP PREEMPT Thu Jun 30 08:18:26 UTC 2022), language: en-US
Oct 19, 2022 09:39:53.306 [0x400348fb38] INFO - Processor QEMU TCG CPU version 2.5+
Oct 19, 2022 09:39:53.307 [0x400348fb38] INFO - /usr/lib/plexmediaserver/Plex Tuner Service /usr/lib/plexmediaserver/Resources/Tuner/Private /usr/lib/plexmediaserver/Resources/Tuner/Shared 1.29.0.6244-819d3678c 32600
Oct 19, 2022 09:39:53.253 [0x4001b2c808] INFO - [I] broker_t::start...
Oct 19, 2022 09:39:53.287 [0x4001b2c808] INFO - [I] device_manager_t::init.
Oct 19, 2022 09:39:53.287 [0x4001b2c808] INFO - [I] device_manager_t::init. Initialize provider manager
Oct 19, 2022 09:39:53.288 [0x4001b2c808] INFO - [I] device_manager_t::init. Initialize all device auxes
Oct 19, 2022 09:39:53.289 [0x4001b2c808] INFO - [I] dvb_device_factory_t::get_aux_list
Oct 19, 2022 09:39:53.290 [0x4001b2c808] INFO - [I] tvbutler_aux_t::init
Oct 19, 2022 09:39:53.320 [0x4001b2c808] INFO - [I] web_server_t::start. Starting web server on port 32600
Oct 19, 2022 09:39:55.587 [0x4003beeb38] INFO - [I] web_service_t::process_device_discovery
Oct 19, 2022 09:39:55.587 [0x4003beeb38] INFO - [I] device_reactor_t::get_device_list ()
Oct 19, 2022 09:39:57.606 [0x4003beeb38] INFO - [I] SAT2IP - discover_satip_servers(): no servers found
Oct 19, 2022 09:39:58.016 [0x4003beeb38] INFO - [I] v4l::DeviceGetList_impl. getting v4l device list
Oct 19, 2022 09:39:58.024 [0x4003beeb38] INFO - [I] onetv_factory::DeviceGetListEx >>
Oct 19, 2022 09:39:58.026 [0x4003beeb38] WARN - [W] onetv_factory::DeviceGetListEx. libusb_init returned an error -99
Oct 20, 2022 06:12:00.491 [0x4001b2c808] INFO - Received SIGINT: Interrupt from keyboard.
Oct 20, 2022 06:12:00.506 [0x4001b2c808] INFO - [I] device_manager_t::term
Oct 20, 2022 06:12:00.507 [0x4001b2c808] INFO - [I] device_manager_t::term. Stop all devices
Oct 20, 2022 06:12:00.507 [0x4001b2c808] INFO - [I] device_manager_t::term. Shut down all device auxes
Oct 20, 2022 06:12:00.507 [0x4001b2c808] INFO - [I] tvbutler_aux_t::term
Oct 20, 2022 06:12:00.518 [0x4001b2c808] INFO - [I] web_server_t::stop. Web server is stopped
Oct 20, 2022 06:12:00.519 [0x4001b2c808] INFO - [I] device_manager_t::term
Oct 20, 2022 06:12:00.519 [0x4001b2c808] INFO - [I] device_manager_t::term. Stop all devices
