Jan 04, 2023 19:24:07.703 [0x4005714b00] INFO - Plex Media Scanner v1.29.0.6244-819d3678c - Docker Docker Container x86_64 - build: linux-x86_64 - GMT 00:00
Jan 04, 2023 19:24:07.734 [0x4005714b00] INFO - Linux version: 5.10.124-linuxkit, language: en-US
Jan 04, 2023 19:24:07.741 [0x4005714b00] INFO - Processor: 4-core QEMU TCG CPU version 2.5+
Jan 04, 2023 19:24:07.752 [0x4005714b00] INFO - /usr/lib/plexmediaserver/Plex Media Scanner --match --type 1 --log-file-suffix  Matcher --item 1
Jan 04, 2023 19:24:07.682 [0x4001ce0140] DEBUG - Opening 20 database sessions to library (com.plexapp.plugins.library), SQLite 3.35.5, threadsafe=1
Jan 04, 2023 19:24:08.402 [0x4001ce0140] DEBUG - [MI] Opening input file: "/movies/Streamers.mp4"
Jan 04, 2023 19:24:08.405 [0x4001ce0140] DEBUG - [FFMPEG] - Opening '/movies/Streamers.mp4' for reading
Jan 04, 2023 19:24:08.406 [0x4001ce0140] DEBUG - [FFMPEG] - Setting default whitelist 'file,crypto,data'
Jan 04, 2023 19:24:08.425 [0x4001ce0140] DEBUG - [FFMPEG] - Format mov,mp4,m4a,3gp,3g2,mj2 probed with size=2048 and score=100
Jan 04, 2023 19:24:08.437 [0x4001ce0140] DEBUG - [FFMPEG] - ISO: File Type Major Brand: mp42
Jan 04, 2023 19:24:08.439 [0x4001ce0140] DEBUG - [FFMPEG] - Unknown dref type 0x206c7275 size 12
Jan 04, 2023 19:24:08.448 [0x4001ce0140] DEBUG - [FFMPEG] - Unknown dref type 0x206c7275 size 12
Jan 04, 2023 19:24:08.468 [0x4001ce0140] DEBUG - [FFMPEG] - Before avformat_find_stream_info() pos: 72006 bytes read:98304 seeks:0 nb_streams:2
Jan 04, 2023 19:24:08.491 [0x4001ce0140] DEBUG - [FFMPEG] - nal_unit_type: 7(SPS), nal_ref_idc: 3
Jan 04, 2023 19:24:08.493 [0x4001ce0140] DEBUG - [FFMPEG] - nal_unit_type: 8(PPS), nal_ref_idc: 3
Jan 04, 2023 19:24:08.497 [0x4001ce0140] DEBUG - [FFMPEG] - nal_unit_type: 6(SEI), nal_ref_idc: 0
Jan 04, 2023 19:24:08.497 [0x4001ce0140] DEBUG - [FFMPEG] - nal_unit_type: 5(IDR), nal_ref_idc: 3
Jan 04, 2023 19:24:08.499 [0x4001ce0140] DEBUG - [FFMPEG] - Format yuv420p chosen by get_format().
Jan 04, 2023 19:24:08.548 [0x4001ce0140] DEBUG - [FFMPEG] - nal_unit_type: 1(Coded slice of a non-IDR picture), nal_ref_idc: 2
Jan 04, 2023 19:24:08.557 [0x4001ce0140] DEBUG - [FFMPEG] - nal_unit_type: 1(Coded slice of a non-IDR picture), nal_ref_idc: 2
Jan 04, 2023 19:24:08.572 [0x4001ce0140] DEBUG - [FFMPEG] - nal_unit_type: 1(Coded slice of a non-IDR picture), nal_ref_idc: 2
Jan 04, 2023 19:24:08.584 [0x4001ce0140] DEBUG - [FFMPEG] - nal_unit_type: 1(Coded slice of a non-IDR picture), nal_ref_idc: 2
Jan 04, 2023 19:24:08.596 [0x4001ce0140] DEBUG - [FFMPEG] - nal_unit_type: 1(Coded slice of a non-IDR picture), nal_ref_idc: 2
Jan 04, 2023 19:24:08.609 [0x4001ce0140] DEBUG - [FFMPEG] - nal_unit_type: 1(Coded slice of a non-IDR picture), nal_ref_idc: 2
Jan 04, 2023 19:24:08.623 [0x4001ce0140] DEBUG - [FFMPEG] - All info found
Jan 04, 2023 19:24:08.627 [0x4001ce0140] DEBUG - [FFMPEG] - After avformat_find_stream_info() pos: 128311 bytes read:131072 seeks:0 frames:15
Jan 04, 2023 19:24:08.630 [0x4001ce0140] DEBUG - [FFMPEG] - nal_unit_type: 7(SPS), nal_ref_idc: 3
Jan 04, 2023 19:24:08.631 [0x4001ce0140] DEBUG - [FFMPEG] - nal_unit_type: 8(PPS), nal_ref_idc: 3
Jan 04, 2023 19:24:08.632 [0x4001ce0140] DEBUG - [MI] Closing input file: "/movies/Streamers.mp4"
Jan 04, 2023 19:24:08.641 [0x4001ce0140] DEBUG - Matcher: found 0 auxiliary files in "/movies" (single media: yes)
Jan 04, 2023 19:24:08.642 [0x4001ce0140] DEBUG - Matcher: no sidecar subtitle files found for "/movies/Streamers.mp4"
Jan 04, 2023 19:24:08.655 [0x4001ce0140] DEBUG - Matcher: no valid subtitles found, removing any existing media bundle file
