Jan 04, 2023 23:41:04.750 [0x4005714b00] INFO - Plex Media Scanner v1.29.0.6244-819d3678c - Docker Docker Container x86_64 - build: linux-x86_64 - GMT 00:00
Jan 04, 2023 23:41:04.772 [0x4005714b00] INFO - Linux version: 5.10.124-linuxkit, language: en-US
Jan 04, 2023 23:41:04.773 [0x4005714b00] INFO - Processor: 4-core QEMU TCG CPU version 2.5+
Jan 04, 2023 23:41:04.776 [0x4005714b00] INFO - /usr/lib/plexmediaserver/Plex Media Scanner --match --type 1 --log-file-suffix  Matcher --item 1
Jan 04, 2023 23:41:04.705 [0x4001ce0140] DEBUG - Opening 20 database sessions to library (com.plexapp.plugins.library), SQLite 3.35.5, threadsafe=1
Jan 04, 2023 23:41:05.792 [0x4001ce0140] DEBUG - [MI] Opening input file: "/movies/Streamers.mp4"
Jan 04, 2023 23:41:05.796 [0x4001ce0140] DEBUG - [FFMPEG] - Opening '/movies/Streamers.mp4' for reading
Jan 04, 2023 23:41:05.798 [0x4001ce0140] DEBUG - [FFMPEG] - Setting default whitelist 'file,crypto,data'
Jan 04, 2023 23:41:05.819 [0x4001ce0140] DEBUG - [FFMPEG] - Format mov,mp4,m4a,3gp,3g2,mj2 probed with size=2048 and score=100
Jan 04, 2023 23:41:05.822 [0x4001ce0140] DEBUG - [FFMPEG] - ISO: File Type Major Brand: mp42
Jan 04, 2023 23:41:05.824 [0x4001ce0140] DEBUG - [FFMPEG] - Unknown dref type 0x206c7275 size 12
Jan 04, 2023 23:41:05.832 [0x4001ce0140] DEBUG - [FFMPEG] - Unknown dref type 0x206c7275 size 12
Jan 04, 2023 23:41:05.851 [0x4001ce0140] DEBUG - [FFMPEG] - Before avformat_find_stream_info() pos: 72006 bytes read:98304 seeks:0 nb_streams:2
Jan 04, 2023 23:41:05.879 [0x4001ce0140] DEBUG - [FFMPEG] - nal_unit_type: 7(SPS), nal_ref_idc: 3
Jan 04, 2023 23:41:05.883 [0x4001ce0140] DEBUG - [FFMPEG] - nal_unit_type: 8(PPS), nal_ref_idc: 3
Jan 04, 2023 23:41:05.887 [0x4001ce0140] DEBUG - [FFMPEG] - nal_unit_type: 6(SEI), nal_ref_idc: 0
Jan 04, 2023 23:41:05.887 [0x4001ce0140] DEBUG - [FFMPEG] - nal_unit_type: 5(IDR), nal_ref_idc: 3
Jan 04, 2023 23:41:05.888 [0x4001ce0140] DEBUG - [FFMPEG] - Format yuv420p chosen by get_format().
Jan 04, 2023 23:41:05.959 [0x4001ce0140] DEBUG - [FFMPEG] - nal_unit_type: 1(Coded slice of a non-IDR picture), nal_ref_idc: 2
Jan 04, 2023 23:41:05.990 [0x4001ce0140] DEBUG - [FFMPEG] - nal_unit_type: 1(Coded slice of a non-IDR picture), nal_ref_idc: 2
Jan 04, 2023 23:41:06.006 [0x4001ce0140] DEBUG - [FFMPEG] - nal_unit_type: 1(Coded slice of a non-IDR picture), nal_ref_idc: 2
Jan 04, 2023 23:41:06.019 [0x4001ce0140] DEBUG - [FFMPEG] - nal_unit_type: 1(Coded slice of a non-IDR picture), nal_ref_idc: 2
Jan 04, 2023 23:41:06.033 [0x4001ce0140] DEBUG - [FFMPEG] - nal_unit_type: 1(Coded slice of a non-IDR picture), nal_ref_idc: 2
Jan 04, 2023 23:41:06.048 [0x4001ce0140] DEBUG - [FFMPEG] - nal_unit_type: 1(Coded slice of a non-IDR picture), nal_ref_idc: 2
Jan 04, 2023 23:41:06.065 [0x4001ce0140] DEBUG - [FFMPEG] - All info found
Jan 04, 2023 23:41:06.068 [0x4001ce0140] DEBUG - [FFMPEG] - After avformat_find_stream_info() pos: 128311 bytes read:131072 seeks:0 frames:15
Jan 04, 2023 23:41:06.070 [0x4001ce0140] DEBUG - [FFMPEG] - nal_unit_type: 7(SPS), nal_ref_idc: 3
Jan 04, 2023 23:41:06.070 [0x4001ce0140] DEBUG - [FFMPEG] - nal_unit_type: 8(PPS), nal_ref_idc: 3
Jan 04, 2023 23:41:06.072 [0x4001ce0140] DEBUG - [MI] Closing input file: "/movies/Streamers.mp4"
Jan 04, 2023 23:41:06.083 [0x4001ce0140] DEBUG - Matcher: found 0 auxiliary files in "/movies" (single media: yes)
Jan 04, 2023 23:41:06.085 [0x4001ce0140] DEBUG - Matcher: no sidecar subtitle files found for "/movies/Streamers.mp4"
Jan 04, 2023 23:41:06.097 [0x4001ce0140] DEBUG - Matcher: no valid subtitles found, removing any existing media bundle file
