Jan 04, 2023 20:08:41.636 [0x400348fb38] INFO - Plex Tuner Service v1.0.0.0 - Docker Docker Container x86_64 - build: 
Jan 04, 2023 20:08:41.658 [0x400348fb38] INFO - Linux version: 5.10.124-linuxkit (#1 SMP PREEMPT Thu Jun 30 08:18:26 UTC 2022), language: en-US
Jan 04, 2023 20:08:41.661 [0x400348fb38] INFO - Processor QEMU TCG CPU version 2.5+
Jan 04, 2023 20:08:41.663 [0x400348fb38] INFO - /usr/lib/plexmediaserver/Plex Tuner Service /usr/lib/plexmediaserver/Resources/Tuner/Private /usr/lib/plexmediaserver/Resources/Tuner/Shared 1.29.0.6244-819d3678c 32600
Jan 04, 2023 20:08:41.562 [0x4001b2c808] INFO - [I] broker_t::start...
Jan 04, 2023 20:08:41.619 [0x4001b2c808] INFO - [I] device_manager_t::init.
Jan 04, 2023 20:08:41.620 [0x4001b2c808] INFO - [I] device_manager_t::init. Initialize provider manager
Jan 04, 2023 20:08:41.620 [0x4001b2c808] INFO - [I] device_manager_t::init. Initialize all device auxes
Jan 04, 2023 20:08:41.620 [0x4001b2c808] INFO - [I] dvb_device_factory_t::get_aux_list
Jan 04, 2023 20:08:41.621 [0x4001b2c808] INFO - [I] tvbutler_aux_t::init
Jan 04, 2023 20:08:41.648 [0x4001b2c808] INFO - [I] web_server_t::start. Starting web server on port 32600
Jan 04, 2023 20:08:42.998 [0x4003befb38] INFO - [I] web_service_t::process_device_discovery
Jan 04, 2023 20:08:42.999 [0x4003befb38] INFO - [I] device_reactor_t::get_device_list ()
Jan 04, 2023 20:08:45.022 [0x4003befb38] INFO - [I] SAT2IP - discover_satip_servers(): no servers found
Jan 04, 2023 20:08:45.451 [0x4003befb38] INFO - [I] v4l::DeviceGetList_impl. getting v4l device list
Jan 04, 2023 20:08:45.460 [0x4003befb38] INFO - [I] onetv_factory::DeviceGetListEx >>
Jan 04, 2023 20:08:45.463 [0x4003befb38] WARN - [W] onetv_factory::DeviceGetListEx. libusb_init returned an error -99
Jan 04, 2023 20:11:10.706 [0x4001b2c808] INFO - Received SIGINT: Interrupt from keyboard.
Jan 04, 2023 20:11:10.724 [0x4001b2c808] INFO - [I] device_manager_t::term
Jan 04, 2023 20:11:10.725 [0x4001b2c808] INFO - [I] device_manager_t::term. Stop all devices
Jan 04, 2023 20:11:10.728 [0x4001b2c808] INFO - [I] device_manager_t::term. Shut down all device auxes
Jan 04, 2023 20:11:10.729 [0x4001b2c808] INFO - [I] tvbutler_aux_t::term
Jan 04, 2023 20:11:10.751 [0x4001b2c808] INFO - [I] web_server_t::stop. Web server is stopped
Jan 04, 2023 20:11:10.751 [0x4001b2c808] INFO - [I] device_manager_t::term
