Jan 04, 2023 16:00:36.446 [0x4005714b00] INFO - Plex Media Scanner v1.29.0.6244-819d3678c - Docker Docker Container x86_64 - build: linux-x86_64 - GMT 00:00
Jan 04, 2023 16:00:36.475 [0x4005714b00] INFO - Linux version: 5.10.124-linuxkit, language: en-US
Jan 04, 2023 16:00:36.477 [0x4005714b00] INFO - Processor: 4-core QEMU TCG CPU version 2.5+
Jan 04, 2023 16:00:36.478 [0x4005714b00] INFO - /usr/lib/plexmediaserver/Plex Media Scanner --analyze --log-file-suffix  Analysis --no-thumbs --item 2
Jan 04, 2023 16:00:36.417 [0x4001ce0140] DEBUG - Opening 20 database sessions to library (com.plexapp.plugins.library), SQLite 3.35.5, threadsafe=1
Jan 04, 2023 16:00:36.981 [0x4001ce0140] DEBUG - Analyzing media parts for item 2 (Violent Night): 2
Jan 04, 2023 16:00:36.990 [0x4001ce0140] DEBUG - [ID 2] Media part analysis: /movies/Violent Night (2022)/Violent.Night.2022.1080p.WEBRip.1400MB.DD5.1.x264-GalaxyRG[TGx].mkv
Jan 04, 2023 16:00:37.005 [0x4001ce0140] DEBUG - [MI] Opening input file: "/movies/Violent Night (2022)/Violent.Night.2022.1080p.WEBRip.1400MB.DD5.1.x264-GalaxyRG[TGx].mkv"
Jan 04, 2023 16:00:37.007 [0x4001ce0140] DEBUG - [FFMPEG] - Opening '/movies/Violent Night (2022)/Violent.Night.2022.1080p.WEBRip.1400MB.DD5.1.x264-GalaxyRG[TGx].mkv' for reading
Jan 04, 2023 16:00:37.008 [0x4001ce0140] DEBUG - [FFMPEG] - Setting default whitelist 'file,crypto,data'
Jan 04, 2023 16:00:37.018 [0x4001ce0140] DEBUG - [FFMPEG] - Format matroska,webm probed with size=2048 and score=100
Jan 04, 2023 16:00:37.025 [0x4001ce0140] DEBUG - [FFMPEG] - st:0 removing common factor 1000000 from timebase
Jan 04, 2023 16:00:37.029 [0x4001ce0140] DEBUG - [FFMPEG] - st:1 removing common factor 1000000 from timebase
Jan 04, 2023 16:00:37.029 [0x4001ce0140] DEBUG - [FFMPEG] - st:2 removing common factor 1000000 from timebase
Jan 04, 2023 16:00:37.029 [0x4001ce0140] DEBUG - [FFMPEG] - st:3 removing common factor 1000000 from timebase
Jan 04, 2023 16:00:37.029 [0x4001ce0140] DEBUG - [FFMPEG] - st:4 removing common factor 1000000 from timebase
Jan 04, 2023 16:00:37.034 [0x4001ce0140] DEBUG - [FFMPEG] - Before avformat_find_stream_info() pos: 4025 bytes read:32768 seeks:0 nb_streams:5
Jan 04, 2023 16:00:37.038 [0x4001ce0140] DEBUG - [FFMPEG] - nal_unit_type: 7(SPS), nal_ref_idc: 3
Jan 04, 2023 16:00:37.040 [0x4001ce0140] DEBUG - [FFMPEG] - nal_unit_type: 8(PPS), nal_ref_idc: 3
Jan 04, 2023 16:00:37.045 [0x4001ce0140] DEBUG - [FFMPEG] - nal_unit_type: 7(SPS), nal_ref_idc: 3
Jan 04, 2023 16:00:37.046 [0x4001ce0140] DEBUG - [FFMPEG] - nal_unit_type: 8(PPS), nal_ref_idc: 3
Jan 04, 2023 16:00:37.049 [0x4001ce0140] DEBUG - [FFMPEG] - nal_unit_type: 6(SEI), nal_ref_idc: 0
Jan 04, 2023 16:00:37.049 [0x4001ce0140] DEBUG - [FFMPEG] - nal_unit_type: 5(IDR), nal_ref_idc: 3
Jan 04, 2023 16:00:37.050 [0x4001ce0140] DEBUG - [FFMPEG] - Format yuv420p chosen by get_format().
Jan 04, 2023 16:00:37.058 [0x4001ce0140] DEBUG - [FFMPEG] - no picture 
Jan 04, 2023 16:00:37.101 [0x4001ce0140] DEBUG - [FFMPEG] - nal_unit_type: 1(Coded slice of a non-IDR picture), nal_ref_idc: 2
Jan 04, 2023 16:00:37.104 [0x4001ce0140] DEBUG - [FFMPEG] - no picture 
Jan 04, 2023 16:00:37.119 [0x4001ce0140] DEBUG - [FFMPEG] - nal_unit_type: 1(Coded slice of a non-IDR picture), nal_ref_idc: 2
Jan 04, 2023 16:00:37.145 [0x4001ce0140] DEBUG - [FFMPEG] - nal_unit_type: 1(Coded slice of a non-IDR picture), nal_ref_idc: 0
Jan 04, 2023 16:00:37.175 [0x4001ce0140] DEBUG - [FFMPEG] - nal_unit_type: 1(Coded slice of a non-IDR picture), nal_ref_idc: 0
Jan 04, 2023 16:00:37.193 [0x4001ce0140] DEBUG - [FFMPEG] - nal_unit_type: 1(Coded slice of a non-IDR picture), nal_ref_idc: 2
Jan 04, 2023 16:00:37.202 [0x4001ce0140] DEBUG - [FFMPEG] - nal_unit_type: 1(Coded slice of a non-IDR picture), nal_ref_idc: 2
Jan 04, 2023 16:00:37.225 [0x4001ce0140] DEBUG - [FFMPEG] - nal_unit_type: 1(Coded slice of a non-IDR picture), nal_ref_idc: 0
Jan 04, 2023 16:00:37.241 [0x4001ce0140] DEBUG - [FFMPEG] - nal_unit_type: 1(Coded slice of a non-IDR picture), nal_ref_idc: 0
Jan 04, 2023 16:00:37.258 [0x4001ce0140] DEBUG - [FFMPEG] - All info found
Jan 04, 2023 16:00:37.262 [0x4001ce0140] DEBUG - [FFMPEG] - After avformat_find_stream_info() pos: 20052 bytes read:32768 seeks:0 frames:19
Jan 04, 2023 16:00:37.318 [0x4001ce0140] DEBUG - [MI]  * be26d8672c041d95265f64492a17f1837a66f711 [mkv h264/ac3] Duration: 6698400ms, 1920x804 (2.388060) 23.976fps, bitrate=1798kbps, audio channels=6, optimizedForStreaming=0 ("/movies/Violent Night (2022)/Violent.Night.2022.1080p.WEBRip.1400MB.DD5.1.x264-GalaxyRG[TGx].mkv")
Jan 04, 2023 16:00:37.318 [0x4001ce0140] DEBUG - [MI] Importing 20 media chapters.
Jan 04, 2023 16:00:37.323 [0x4001ce0140] DEBUG - [MI] Chapters had generic titles, clearing.
Jan 04, 2023 16:00:37.328 [0x4001ce0140] DEBUG - [MI] Closing input file: "/movies/Violent Night (2022)/Violent.Night.2022.1080p.WEBRip.1400MB.DD5.1.x264-GalaxyRG[TGx].mkv"
Jan 04, 2023 16:00:37.332 [0x4001ce0140] DEBUG - Committing media stream changes for part 2
Jan 04, 2023 16:00:37.371 [0x4001ce0140] DEBUG - Updating media item 2, size=1505988746, metadata_item_id=2
Jan 04, 2023 16:00:37.374 [0x4001ce0140] DEBUG - Updating part with ID=2 [/movies/Violent Night (2022)/Violent.Night.2022.1080p.WEBRip.1400MB.DD5.1.x264-GalaxyRG[TGx].mkv]
Jan 04, 2023 16:00:37.413 [0x4008185b00] DEBUG - [HCl#1] HTTP requesting GET http://127.0.0.1:32400/:/metadata/notify/changeItemState?librarySectionID=1&metadataItemID=2&metadataType=1&state=-1&parentID=-1&rootID=-1&mediaState=analyzing
Jan 04, 2023 16:00:37.443 [0x40081eeb00] DEBUG - [HttpClient/HCl#1] HTTP/1.1 (0.0s) 200 response from GET http://127.0.0.1:32400/:/metadata/notify/changeItemState?librarySectionID=1&metadataItemID=2&metadataType=1&state=-1&parentID=-1&rootID=-1&mediaState=analyzing
Jan 04, 2023 16:00:37.449 [0x4008185b00] DEBUG - [HCl#2] HTTP requesting GET http://127.0.0.1:32400/:/metadata/notify/changeItemState?librarySectionID=1&metadataItemID=2&metadataType=1&state=-1&parentID=-1&rootID=-1&mediaState=idle
Jan 04, 2023 16:00:37.456 [0x4001ce0140] DEBUG - Downloading document http://127.0.0.1:32400/library/changestamp
Jan 04, 2023 16:00:37.456 [0x4001ce0140] DEBUG - [HCl#3] HTTP requesting GET http://127.0.0.1:32400/library/changestamp
Jan 04, 2023 16:00:37.458 [0x40081eeb00] DEBUG - [HttpClient/HCl#2] HTTP/1.1 (0.0s) 200 response from GET http://127.0.0.1:32400/:/metadata/notify/changeItemState?librarySectionID=1&metadataItemID=2&metadataType=1&state=-1&parentID=-1&rootID=-1&mediaState=idle (reused)
Jan 04, 2023 16:00:37.462 [0x40081eeb00] DEBUG - [HttpClient/HCl#3] HTTP/1.1 (0.0s) 200 response from GET http://127.0.0.1:32400/library/changestamp
Jan 04, 2023 16:00:37.465 [0x4001ce0140] DEBUG - Updating metadata item (save) (Violent Night) with ID 2
Jan 04, 2023 16:00:37.543 [0x4001ce0140] DEBUG - Doing expensive tags write for 'Violent Night' because something changed.
Jan 04, 2023 16:00:37.584 [0x4001ce0140] DEBUG - Downloading document http://127.0.0.1:32400/library/changestamp
Jan 04, 2023 16:00:37.584 [0x4001ce0140] DEBUG - [HCl#4] HTTP requesting GET http://127.0.0.1:32400/library/changestamp
Jan 04, 2023 16:00:37.588 [0x40081eeb00] DEBUG - [HttpClient/HCl#4] HTTP/1.1 (0.0s) 200 response from GET http://127.0.0.1:32400/library/changestamp (reused)
Jan 04, 2023 16:00:37.589 [0x4001ce0140] DEBUG - Updating metadata item (save) (Violent Night) with ID 2
