Jan 04, 2023 15:59:21.615 [0x4005714b00] INFO - Plex Media Scanner v1.29.0.6244-819d3678c - Docker Docker Container x86_64 - build: linux-x86_64 - GMT 00:00
Jan 04, 2023 15:59:21.642 [0x4005714b00] INFO - Linux version: 5.10.124-linuxkit, language: en-US
Jan 04, 2023 15:59:21.658 [0x4005714b00] INFO - Processor: 4-core QEMU TCG CPU version 2.5+
Jan 04, 2023 15:59:21.669 [0x4005714b00] INFO - /usr/lib/plexmediaserver/Plex Media Scanner --match --type 1 --log-file-suffix  Matcher --item 1
Jan 04, 2023 15:59:21.548 [0x4001ce0140] DEBUG - Opening 20 database sessions to library (com.plexapp.plugins.library), SQLite 3.35.5, threadsafe=1
Jan 04, 2023 15:59:22.337 [0x4001ce0140] DEBUG - [MI] Opening input file: "/movies/Streamers.mp4"
Jan 04, 2023 15:59:22.341 [0x4001ce0140] DEBUG - [FFMPEG] - Opening '/movies/Streamers.mp4' for reading
Jan 04, 2023 15:59:22.342 [0x4001ce0140] DEBUG - [FFMPEG] - Setting default whitelist 'file,crypto,data'
Jan 04, 2023 15:59:22.364 [0x4001ce0140] DEBUG - [FFMPEG] - Format mov,mp4,m4a,3gp,3g2,mj2 probed with size=2048 and score=100
Jan 04, 2023 15:59:22.366 [0x4001ce0140] DEBUG - [FFMPEG] - ISO: File Type Major Brand: mp42
Jan 04, 2023 15:59:22.369 [0x4001ce0140] DEBUG - [FFMPEG] - Unknown dref type 0x206c7275 size 12
Jan 04, 2023 15:59:22.375 [0x4001ce0140] DEBUG - [FFMPEG] - Unknown dref type 0x206c7275 size 12
Jan 04, 2023 15:59:22.393 [0x4001ce0140] INFO - CodecManager: obtaining decoder 'h264'
Jan 04, 2023 15:59:22.400 [0x4001ce0140] DEBUG - [HCl#1] HTTP requesting GET https://plex.tv/api/codecs/h264_decoder?build=linux-x86_64-standard&deviceId=1856ca80-965c-4f83-a017-2816e74c465e&oldestPreviousVersion=legacy&version=c4efa15-4369
Jan 04, 2023 15:59:22.956 [0x4006dbbb00] DEBUG - [HttpClient/HCl#1] HTTP/2.0 (0.5s) 200 response from GET https://plex.tv/api/codecs/h264_decoder?build=linux-x86_64-standard&deviceId=1856ca80-965c-4f83-a017-2816e74c465e&oldestPreviousVersion=legacy&version=c4efa15-4369
Jan 04, 2023 15:59:22.973 [0x4001ce0140] DEBUG - [HCl#2] HTTP requesting GET https://downloads.plex.tv/codecs/c4efa15-4369/linux-x86_64-standard/libh264_decoder.so
Jan 04, 2023 15:59:23.600 [0x4006dbbb00] DEBUG - [HttpClient/HCl#2] HTTP/2.0 (0.6s) 200 response from GET https://downloads.plex.tv/codecs/c4efa15-4369/linux-x86_64-standard/libh264_decoder.so
Jan 04, 2023 15:59:23.721 [0x4001ce0140] DEBUG - [FFMPEG] - Before avformat_find_stream_info() pos: 72006 bytes read:98304 seeks:0 nb_streams:2
Jan 04, 2023 15:59:23.737 [0x4001ce0140] DEBUG - [FFMPEG] - nal_unit_type: 7(SPS), nal_ref_idc: 3
Jan 04, 2023 15:59:23.738 [0x4001ce0140] DEBUG - [FFMPEG] - nal_unit_type: 8(PPS), nal_ref_idc: 3
Jan 04, 2023 15:59:23.743 [0x4001ce0140] DEBUG - [FFMPEG] - nal_unit_type: 6(SEI), nal_ref_idc: 0
Jan 04, 2023 15:59:23.743 [0x4001ce0140] DEBUG - [FFMPEG] - nal_unit_type: 5(IDR), nal_ref_idc: 3
Jan 04, 2023 15:59:23.745 [0x4001ce0140] DEBUG - [FFMPEG] - Format yuv420p chosen by get_format().
Jan 04, 2023 15:59:23.787 [0x4001ce0140] DEBUG - [FFMPEG] - nal_unit_type: 1(Coded slice of a non-IDR picture), nal_ref_idc: 2
Jan 04, 2023 15:59:23.798 [0x4001ce0140] DEBUG - [FFMPEG] - nal_unit_type: 1(Coded slice of a non-IDR picture), nal_ref_idc: 2
Jan 04, 2023 15:59:23.813 [0x4001ce0140] DEBUG - [FFMPEG] - nal_unit_type: 1(Coded slice of a non-IDR picture), nal_ref_idc: 2
Jan 04, 2023 15:59:23.828 [0x4001ce0140] DEBUG - [FFMPEG] - nal_unit_type: 1(Coded slice of a non-IDR picture), nal_ref_idc: 2
Jan 04, 2023 15:59:23.841 [0x4001ce0140] DEBUG - [FFMPEG] - nal_unit_type: 1(Coded slice of a non-IDR picture), nal_ref_idc: 2
Jan 04, 2023 15:59:23.853 [0x4001ce0140] DEBUG - [FFMPEG] - nal_unit_type: 1(Coded slice of a non-IDR picture), nal_ref_idc: 2
Jan 04, 2023 15:59:23.870 [0x4001ce0140] DEBUG - [FFMPEG] - All info found
Jan 04, 2023 15:59:23.873 [0x4001ce0140] DEBUG - [FFMPEG] - After avformat_find_stream_info() pos: 128311 bytes read:131072 seeks:0 frames:15
Jan 04, 2023 15:59:23.875 [0x4001ce0140] DEBUG - [FFMPEG] - nal_unit_type: 7(SPS), nal_ref_idc: 3
Jan 04, 2023 15:59:23.875 [0x4001ce0140] DEBUG - [FFMPEG] - nal_unit_type: 8(PPS), nal_ref_idc: 3
Jan 04, 2023 15:59:23.876 [0x4001ce0140] DEBUG - [MI] Closing input file: "/movies/Streamers.mp4"
Jan 04, 2023 15:59:23.890 [0x4001ce0140] DEBUG - Matcher: found 0 auxiliary files in "/movies" (single media: yes)
Jan 04, 2023 15:59:23.890 [0x4001ce0140] DEBUG - Matcher: no sidecar subtitle files found for "/movies/Streamers.mp4"
Jan 04, 2023 15:59:23.904 [0x4001ce0140] DEBUG - Matcher: no valid subtitles found, removing any existing media bundle file
