Jan 04, 2023 20:31:40.150 [0x40069c4b00] INFO - Plex Media Server v1.29.0.6244-819d3678c - Docker Docker Container x86_64 - build: linux-x86_64 debian - GMT 00:00
Jan 04, 2023 20:31:40.177 [0x40069c4b00] INFO - Linux version: 5.10.124-linuxkit, language: en-US
Jan 04, 2023 20:31:40.180 [0x40069c4b00] INFO - Processor: 4-core QEMU TCG CPU version 2.5+
Jan 04, 2023 20:31:40.187 [0x40069c4b00] INFO - Compiler is - Clang 11.0.1 (https://plex.tv 9b997da8e5b47bdb4a9425b3a3b290be393b4b1f)
Jan 04, 2023 20:31:40.189 [0x40069c4b00] INFO - /usr/lib/plexmediaserver/Plex Media Server
Jan 04, 2023 20:31:40.134 [0x4002a941c0] DEBUG - BPQ: [Idle] -> [Starting]
Jan 04, 2023 20:31:40.175 [0x4002a941c0] DEBUG - FeatureManager: Using cached data for features list
Jan 04, 2023 20:31:40.319 [0x4002a941c0] DEBUG - [CERT] Subject name is /CN=*.229c8b86e1c649c58fadd49c34a340ae.plex.direct
Jan 04, 2023 20:31:40.322 [0x4002a941c0] DEBUG - [CERT] Installed certificate with fingerprint 01:19:08:91:e3:6c:e4:f8:49:86:47:25:bc:22:a3:1b:d8:20:6e:f3.
Jan 04, 2023 20:31:40.323 [0x4002a941c0] DEBUG - [CERT/OCSP] Stapling requests will be made to 'http://r3.o.lencr.org/'.
Jan 04, 2023 20:31:40.330 [0x4002a941c0] INFO - [CERT/OCSP] Successfully retrieved response from cache.
Jan 04, 2023 20:31:40.331 [0x4002a941c0] DEBUG - HttpServer: Listening on IPv6 as well as IPv4.
Jan 04, 2023 20:31:40.331 [0x4002a941c0] DEBUG - HttpServer: Listening on port 32400.
Jan 04, 2023 20:31:40.336 [0x4002a941c0] DEBUG - HttpServer: Listening on port 32401.
Jan 04, 2023 20:31:40.336 [0x4002a941c0] DEBUG - Running server...
Jan 04, 2023 20:31:40.337 [0x4002a941c0] DEBUG - Opening 20 database sessions to library (com.plexapp.plugins.library), SQLite 3.35.5, threadsafe=1
Jan 04, 2023 20:31:40.338 [0x4007468b00] DEBUG - HttpServer: Set up a thread pool with 2 threads.
Jan 04, 2023 20:31:40.622 [0x4002a941c0] INFO - Running migrations. (EPG 0)
Jan 04, 2023 20:31:40.627 [0x4002a941c0] DEBUG - Captured session 0.
Jan 04, 2023 20:31:40.627 [0x4002a941c0] DEBUG - Captured session 1.
Jan 04, 2023 20:31:40.627 [0x4002a941c0] DEBUG - Captured session 2.
Jan 04, 2023 20:31:40.627 [0x4002a941c0] DEBUG - Captured session 3.
Jan 04, 2023 20:31:40.627 [0x4002a941c0] DEBUG - Captured session 4.
Jan 04, 2023 20:31:40.627 [0x4002a941c0] DEBUG - Captured session 5.
Jan 04, 2023 20:31:40.627 [0x4002a941c0] DEBUG - Captured session 6.
Jan 04, 2023 20:31:40.627 [0x4002a941c0] DEBUG - Captured session 7.
Jan 04, 2023 20:31:40.627 [0x4002a941c0] DEBUG - Captured session 8.
Jan 04, 2023 20:31:40.627 [0x4002a941c0] DEBUG - Captured session 9.
Jan 04, 2023 20:31:40.627 [0x4002a941c0] DEBUG - Captured session 10.
Jan 04, 2023 20:31:40.627 [0x4002a941c0] DEBUG - Captured session 11.
Jan 04, 2023 20:31:40.627 [0x4002a941c0] DEBUG - Captured session 12.
Jan 04, 2023 20:31:40.627 [0x4002a941c0] DEBUG - Captured session 13.
Jan 04, 2023 20:31:40.627 [0x4002a941c0] DEBUG - Captured session 14.
Jan 04, 2023 20:31:40.627 [0x4002a941c0] DEBUG - Captured session 15.
Jan 04, 2023 20:31:40.627 [0x4002a941c0] DEBUG - Captured session 16.
Jan 04, 2023 20:31:40.627 [0x4002a941c0] DEBUG - Captured session 17.
Jan 04, 2023 20:31:40.627 [0x4002a941c0] DEBUG - Captured session 18.
Jan 04, 2023 20:31:40.627 [0x4002a941c0] DEBUG - Captured session 19.
Jan 04, 2023 20:31:40.651 [0x4002a941c0] DEBUG - ChangestampAllocator: initialized to 7364006808970080588
Jan 04, 2023 20:31:40.656 [0x4002a941c0] DEBUG - Opening 2 database sessions to library (com.plexapp.plugins.library.blobs), SQLite 3.35.5, threadsafe=1
Jan 04, 2023 20:31:40.709 [0x4002a941c0] INFO - Running migrations. (EPG 0)
Jan 04, 2023 20:31:40.711 [0x4002a941c0] DEBUG - Captured session 0.
Jan 04, 2023 20:31:40.711 [0x4002a941c0] DEBUG - Captured session 1.
Jan 04, 2023 20:31:40.867 [0x4008196b00] DEBUG - Grabber: Cleaning up orphaned grabs.
Jan 04, 2023 20:31:40.882 [0x4002a941c0] DEBUG - Media Provider: Registering provider com.plexapp.plugins.library
Jan 04, 2023 20:31:40.882 [0x400866ab00] DEBUG - MyPlex: mapping state set to 'Unknown'.
Jan 04, 2023 20:31:40.885 [0x4002a941c0] DEBUG - Auth: Refreshing tokens inside the token-based authentication filter.
Jan 04, 2023 20:31:40.888 [0x400866ab00] DEBUG - Relay: read 11 cached entries from hosts file
Jan 04, 2023 20:31:40.892 [0x4002a941c0] DEBUG - MyPlex: using cached data for request for https://plex.tv/api/v2/server/access_tokens?auth_token=xxxxxxxxxxxxxxxxxxxx
Jan 04, 2023 20:31:40.893 [0x4008196b00] DEBUG - Grabber: Cleaned up 0 decrepit directories in 0.1 sec.
Jan 04, 2023 20:31:40.898 [0x4002a941c0] DEBUG - MyPlex: updating with 15 access tokens
Jan 04, 2023 20:31:40.900 [0x4002a941c0] DEBUG - MyPlex: using cached data for request for https://plex.tv/api/v2/server/users?auth_token=xxxxxxxxxxxxxxxxxxxx
Jan 04, 2023 20:31:40.901 [0x400866ab00] DEBUG - [MediaProviderManager/HCl#1] HTTP requesting GET https://plex.tv/media/providers?X-Plex-Token=xxxxxxxxxxxxxxxxxxxx
Jan 04, 2023 20:31:40.904 [0x4002a941c0] DEBUG - MyPlex: using cached data for request for https://plex.tv/api/v2/server/users/subscriptions?auth_token=xxxxxxxxxxxxxxxxxxxx
Jan 04, 2023 20:31:40.907 [0x4002a941c0] DEBUG - MyPlex: using cached data for request for https://plex.tv/api/v2/server/users/services?auth_token=xxxxxxxxxxxxxxxxxxxx
Jan 04, 2023 20:31:40.915 [0x4008196b00] DEBUG - Auth: Refreshing tokens inside the token-based authentication filter.
Jan 04, 2023 20:31:40.917 [0x4008196b00] DEBUG - [HCl#2] HTTP requesting GET https://plex.tv/api/v2/server/access_tokens?auth_token=xxxxxxxxxxxxxxxxxxxx
Jan 04, 2023 20:31:40.933 [0x4002a941c0] DEBUG - Opening 1 database sessions to library (), SQLite 3.35.5, threadsafe=1
Jan 04, 2023 20:31:40.951 [0x400912db00] DEBUG - File "/usr/lib/plexmediaserver/Resources/Plug-ins-819d3678c" changed: -1 => 2022-09-23 01:48:40 (1663897720).
Jan 04, 2023 20:31:40.954 [0x400912db00] DEBUG - File "/config/Library/Application Support/Plex Media Server/Plug-ins" changed: -1 => 2023-01-03 23:52:41 (1672789961).
Jan 04, 2023 20:31:40.955 [0x400912db00] DEBUG - Scanning for plug-ins in "/usr/lib/plexmediaserver/Resources/Plug-ins-819d3678c"
Jan 04, 2023 20:31:40.973 [0x400912db00] DEBUG - Not starting plug-in with duplicate identifier: com.plexapp.plugins.webclient found in: /usr/lib/plexmediaserver/Resources/Plug-ins-819d3678c/ServerManager.bundle
Jan 04, 2023 20:31:40.973 [0x400912db00] DEBUG - Scanning for plug-ins in "/config/Library/Application Support/Plex Media Server/Plug-ins"
Jan 04, 2023 20:31:40.974 [0x400912db00] DEBUG - PluginRepository::setStartState: 1, startingSystem
Jan 04, 2023 20:31:40.975 [0x400912db00] DEBUG - Starting plug-in /usr/lib/plexmediaserver/Resources/Plug-ins-819d3678c/System.bundle.
Jan 04, 2023 20:31:40.984 [0x400912db00] DEBUG - [com.plexapp.system] Setting plug-in to always running (daemon mode).
Jan 04, 2023 20:31:40.996 [0x400912db00] DEBUG - Starting file watcher for com.plexapp.system
Jan 04, 2023 20:31:40.998 [0x400912db00] DEBUG - Plugin: setting environment variable: 'PYTHONHOME=/usr/lib/plexmediaserver/Resources/Python'
Jan 04, 2023 20:31:40.998 [0x400912db00] DEBUG - Plugin: setting environment variable: 'PYTHONPATH=/usr/lib/plexmediaserver/Resources/Python/python27.zip:/usr/lib/plexmediaserver/Resources/Python/lib/python2.7/site-packages'
Jan 04, 2023 20:31:41.004 [0x400912db00] DEBUG - Spawned plug-in com.plexapp.system with PID 1200
Jan 04, 2023 20:31:41.010 [0x400912db00] DEBUG - [com.plexapp.system] Sending command: GET /:/prefixes
Jan 04, 2023 20:31:41.209 [0x4008ab2b00] DEBUG - [HttpClient/HCl#1] HTTP/2.0 (0.3s) 200 response from GET https://plex.tv/media/providers?X-Plex-Token=xxxxxxxxxxxxxxxxxxxx
Jan 04, 2023 20:31:41.213 [0x40088a1b00] DEBUG - [MediaProviderManager/HCl#3] HTTP requesting GET https://plex.tv/media/providers?X-Plex-Token=xxxxxxxxxxxxxxxxxxxx
Jan 04, 2023 20:31:41.225 [0x4008ab2b00] DEBUG - [HttpClient/HCl#2] HTTP/2.0 (0.3s) 200 response from GET https://plex.tv/api/v2/server/access_tokens?auth_token=xxxxxxxxxxxxxxxxxxxx
Jan 04, 2023 20:31:41.235 [0x4008196b00] DEBUG - MyPlex: updating with 15 access tokens
Jan 04, 2023 20:31:41.236 [0x4008196b00] DEBUG - [HCl#4] HTTP requesting GET https://plex.tv/api/v2/server/users?auth_token=xxxxxxxxxxxxxxxxxxxx
Jan 04, 2023 20:31:41.259 [0x4008ab2b00] DEBUG - [HttpClient/HCl#3] HTTP/2.0 (0.0s) 200 response from GET https://plex.tv/media/providers?X-Plex-Token=xxxxxxxxxxxxxxxxxxxx (reused)
Jan 04, 2023 20:31:41.260 [0x40088a1b00] DEBUG - [MediaProviderManager/HCl#5] HTTP requesting GET https://plex.tv/media/providers?X-Plex-Token=xxxxxxxxxxxxxxxxxxxx
Jan 04, 2023 20:31:41.278 [0x4008ab2b00] DEBUG - [HttpClient/HCl#4] HTTP/2.0 (0.0s) 200 response from GET https://plex.tv/api/v2/server/users?auth_token=xxxxxxxxxxxxxxxxxxxx (reused)
Jan 04, 2023 20:31:41.286 [0x4009a7cb00] DEBUG - [HCl#6] HTTP requesting GET https://plex.tv/api/v2/server/users/subscriptions?auth_token=xxxxxxxxxxxxxxxxxxxx
Jan 04, 2023 20:31:41.302 [0x4008ab2b00] DEBUG - [HttpClient/HCl#5] HTTP/2.0 (0.0s) 200 response from GET https://plex.tv/media/providers?X-Plex-Token=xxxxxxxxxxxxxxxxxxxx (reused)
Jan 04, 2023 20:31:41.303 [0x40088a1b00] DEBUG - [MediaProviderManager] discovered cloud provider (Movies & TV)
Jan 04, 2023 20:31:41.304 [0x40088a1b00] DEBUG - [MediaProviderManager] discovered cloud provider (Music)
Jan 04, 2023 20:31:41.304 [0x40088a1b00] DEBUG - [MediaProviderManager] discovered cloud provider (Metadata)
Jan 04, 2023 20:31:41.305 [0x400866ab00] DEBUG - [MediaProviderManager/HCl#7] HTTP requesting GET https://vod.provider.plex.tv
Jan 04, 2023 20:31:41.305 [0x40088a1b00] DEBUG - [MediaProviderManager] loading cloud provider details (Metadata) (alive: 0)
Jan 04, 2023 20:31:41.306 [0x4009ce8b00] DEBUG - [MediaProviderManager/HCl#9] HTTP requesting GET https://music.provider.plex.tv
Jan 04, 2023 20:31:41.330 [0x4008ab2b00] DEBUG - [HttpClient/HCl#6] HTTP/2.0 (0.0s) 200 response from GET https://plex.tv/api/v2/server/users/subscriptions?auth_token=xxxxxxxxxxxxxxxxxxxx (reused)
Jan 04, 2023 20:31:41.350 [0x4009a7cb00] DEBUG - MyPlex: using cached data for request for https://plex.tv/api/v2/server/users/services?auth_token=xxxxxxxxxxxxxxxxxxxx
Jan 04, 2023 20:31:43.720 [0x400a537b00] DEBUG - Request: [127.0.0.1:35680 (Loopback)] GET /identity (2 live) #1
Jan 04, 2023 20:31:43.723 [0x4006e37b00] DEBUG - Completed: [127.0.0.1:35680] 503 GET /identity (2 live) 6ms 361 bytes (pipelined: 1)
Jan 04, 2023 20:31:45.042 [0x400a537b00] DEBUG - Request: [127.0.0.1:35682 (Loopback)] GET /:/plugins/com.plexapp.system/messaging/function/X0J1bmRsZVNlcnZpY2U6QWxsU2VydmljZXM_/Y2VyZWFsMQoxCmxpc3QKMApyMAo_/Y2VyZWFsMQoxCmRpY3QKMApyMAo_ (3 live) #3 GZIP Token ()
Jan 04, 2023 20:31:45.048 [0x400703ab00] DEBUG - Completed: [127.0.0.1:35682] 503 GET /:/plugins/com.plexapp.system/messaging/function/X0J1bmRsZVNlcnZpY2U6QWxsU2VydmljZXM_/Y2VyZWFsMQoxCmxpc3QKMApyMAo_/Y2VyZWFsMQoxCmRpY3QKMApyMAo_ (4 live) GZIP 6ms 428 bytes
Jan 04, 2023 20:31:45.049 [0x400a7afb00] DEBUG - Request: [127.0.0.1:35684 (Loopback)] GET / (4 live) #6 GZIP Token ()
Jan 04, 2023 20:31:45.052 [0x400703ab00] DEBUG - Completed: [127.0.0.1:35684] 503 GET / (3 live) GZIP 4ms 428 bytes
Jan 04, 2023 20:31:45.953 [0x400a9fbb00] DEBUG - [JobRunner] Job running: /usr/lib/plexmediaserver/CrashUploader "--directory=/config/Library/Application Support/Plex Media Server/Crash Reports/1.29.0.6244-819d3678c" --version=1.29.0.6244-819d3678c --platform=Linux --platformVersion=5.10.124-linuxkit --serverUuid=83722fb6ea7f2b2c2a4872a99006ce76878d8cc8 --userId=danielamoudokpo@gmail.com --sentryUrl=https://sentry.io/api/1233455/minidump --sentryKey=xxxxxxxxxxxxxxxxxxxxxxxxxxxxxxxx --vendor=Docker --model=x86_64 "--device=Docker Container" --allowRetries=0
Jan 04, 2023 20:31:45.958 [0x400a9fbb00] DEBUG - [JobRunner] Jobs: Starting child process with pid 1241
Jan 04, 2023 20:31:46.052 [0x4006be1b00] DEBUG - Jobs: '/usr/lib/plexmediaserver/CrashUploader' exit code for process 1241 is 0 (success)
Jan 04, 2023 20:31:48.923 [0x400a537b00] DEBUG - Request: [127.0.0.1:35686 (Loopback)] GET /identity (2 live) #7
Jan 04, 2023 20:31:48.926 [0x400703ab00] DEBUG - Completed: [127.0.0.1:35686] 503 GET /identity (2 live) 3ms 361 bytes (pipelined: 1)
Jan 04, 2023 20:31:48.927 [0x4008ab2b00] DEBUG - [HttpClient/HCl#7] HTTP simulating 408 after curl timeout
Jan 04, 2023 20:31:48.929 [0x40088a1b00] DEBUG - [MediaProviderManager] loading cloud provider details (Music) (alive: 0)
Jan 04, 2023 20:31:48.930 [0x40088a1b00] DEBUG - [MediaProviderManager/HCl#b] HTTP requesting GET https://music.provider.plex.tv
Jan 04, 2023 20:31:48.931 [0x4008ab2b00] DEBUG - [HttpClient/HCl#9] HTTP simulating 408 after curl timeout
Jan 04, 2023 20:31:49.141 [0x400a537b00] DEBUG - Request: [127.0.0.1:36514 (Loopback)] GET /servers (2 live) #b GZIP Token ()
Jan 04, 2023 20:31:49.142 [0x400703ab00] DEBUG - Completed: [127.0.0.1:36514] 503 GET /servers (2 live) GZIP 0ms 428 bytes
Jan 04, 2023 20:31:49.294 [0x400912db00] DEBUG - Reading 486 bytes in the body, code is 200
Jan 04, 2023 20:31:49.297 [0x400912db00] DEBUG - [com.plexapp.system] Plug-in running on port 43413.
Jan 04, 2023 20:31:49.297 [0x400912db00] DEBUG -  * Plug-in handles prefix: /system
Jan 04, 2023 20:31:49.298 [0x400912db00] DEBUG -  * Plug-in handles prefix: /player
Jan 04, 2023 20:31:49.300 [0x400912db00] DEBUG - Read configuration for [com.plexapp.system], had 2 prefixes
Jan 04, 2023 20:31:49.307 [0x400912db00] DEBUG - Done with 1 synchronous plug-in starts, starting the rest in parallel.
Jan 04, 2023 20:31:49.307 [0x400912db00] DEBUG - PluginRepository::setStartState: 2, startingPlugins
Jan 04, 2023 20:31:49.307 [0x400912db00] DEBUG - Updating the list of agents known by the system.
Jan 04, 2023 20:31:49.310 [0x400912db00] DEBUG - [com.plexapp.system] Sending command over HTTP (GET): /system/agents
Jan 04, 2023 20:31:49.311 [0x400912db00] DEBUG - [HCl#c] HTTP requesting GET http://127.0.0.1:43413/system/agents
Jan 04, 2023 20:31:49.316 [0x4002a941c0] DEBUG - Image transcode cache directory: "/config/Library/Application Support/Plex Media Server/Cache/PhotoTranscoder"
Jan 04, 2023 20:31:49.324 [0x4002a941c0] DEBUG - Transcoder: Cleaning old transcode directories.
Jan 04, 2023 20:31:49.337 [0x4002a941c0] DEBUG - MyPlex: using cached data for request for https://plex.tv/api/v2/server/access_tokens?auth_token=xxxxxxxxxxxxxxxxxxxx
Jan 04, 2023 20:31:49.341 [0x4002a941c0] DEBUG - MyPlex: updating with 15 access tokens
Jan 04, 2023 20:31:49.342 [0x4002a941c0] DEBUG - MyPlex: using cached data for request for https://plex.tv/api/v2/server/users?auth_token=xxxxxxxxxxxxxxxxxxxx
Jan 04, 2023 20:31:49.345 [0x4002a941c0] DEBUG - MyPlex: using cached data for request for https://plex.tv/api/v2/server/users/subscriptions?auth_token=xxxxxxxxxxxxxxxxxxxx
Jan 04, 2023 20:31:49.347 [0x4002a941c0] DEBUG - MyPlex: using cached data for request for https://plex.tv/api/v2/server/users/services?auth_token=xxxxxxxxxxxxxxxxxxxx
Jan 04, 2023 20:31:49.350 [0x4002a941c0] DEBUG - MyPlex: using cached data for request for https://plex.tv/api/v2/user?includeSubscriptions=1&includeProviders=1
Jan 04, 2023 20:31:49.358 [0x4002a941c0] DEBUG - MyPlex: username is danielamoudokpo, login is danielamoudokpo@gmail.com, home is 0, no pin
Jan 04, 2023 20:31:49.374 [0x4002a941c0] DEBUG - MyPlex: start public ip check and mapping - current mapped state: 'Unknown'.
Jan 04, 2023 20:31:49.374 [0x4002a941c0] DEBUG - MyPlex: mapping state set to 'Not Mapped'.
Jan 04, 2023 20:31:49.375 [0x4002a941c0] DEBUG - PublicAddressManager: Starting.
Jan 04, 2023 20:31:49.375 [0x4002a941c0] DEBUG - PublicAddressManager: Obtaining public address and mapping port.
Jan 04, 2023 20:31:49.377 [0x400866ab00] DEBUG - PublicAddressManager: Obtaining public IP.
Jan 04, 2023 20:31:49.377 [0x400866ab00] DEBUG - [HCl#d] HTTP requesting GET http://plex.tv/pms/:/ip
Jan 04, 2023 20:31:49.377 [0x4009ce8b00] DEBUG - NAT: UPnP, attempting port mapping.
Jan 04, 2023 20:31:49.378 [0x400b0c9b00] DEBUG - [HCl#e] HTTP requesting GET https://plex.tv/api/v2/user?includeSubscriptions=1&includeProviders=1
Jan 04, 2023 20:31:49.379 [0x4002a941c0] DEBUG - NetworkInterface: Starting watch thread.
Jan 04, 2023 20:31:49.383 [0x400b4d4b00] DEBUG - NetworkInterface: Watching for changes on the interfaces.
Jan 04, 2023 20:31:49.383 [0x4002a941c0] DEBUG - Network change.
Jan 04, 2023 20:31:49.383 [0x4002a941c0] DEBUG - NetworkInterface: Notified of network changed (force=0)
Jan 04, 2023 20:31:49.386 [0x4002a941c0] DEBUG - Detected primary interface: 172.20.0.8
Jan 04, 2023 20:31:49.386 [0x4002a941c0] DEBUG - Network interfaces:
Jan 04, 2023 20:31:49.387 [0x4002a941c0] DEBUG -  * 1 lo (127.0.0.1) (00-00-00-00-00-00) (loopback: 1)
Jan 04, 2023 20:31:49.387 [0x4002a941c0] DEBUG -  * 527 eth0 (172.20.0.8) (02-42-AC-14-00-08) (loopback: 0)
Jan 04, 2023 20:31:49.387 [0x4002a941c0] DEBUG - Creating NetworkServices singleton.
Jan 04, 2023 20:31:49.388 [0x4002a941c0] DEBUG - NetworkServices: Initializing...
Jan 04, 2023 20:31:49.388 [0x4002a941c0] DEBUG - NetworkService: Creating new service.
Jan 04, 2023 20:31:49.388 [0x4002a941c0] DEBUG - NetworkService: Got notification of changed network (first change: 1)
Jan 04, 2023 20:31:49.388 [0x4002a941c0] DEBUG - NetworkService: Quick dispatch of network change.
Jan 04, 2023 20:31:49.389 [0x4002a941c0] DEBUG - NetworkService: Creating new service.
Jan 04, 2023 20:31:49.390 [0x400b6d7b00] DEBUG - Network change for advertiser.
Jan 04, 2023 20:31:49.390 [0x400b6d7b00] DEBUG - NetworkService: Setting up multicast listener on 0.0.0.0:32414
Jan 04, 2023 20:31:49.396 [0x4002a941c0] DEBUG - NetworkService: Got notification of changed network (first change: 1)
Jan 04, 2023 20:31:49.396 [0x4002a941c0] DEBUG - NetworkService: Quick dispatch of network change.
Jan 04, 2023 20:31:49.396 [0x400b6d7b00] DEBUG - Network change for advertiser.
Jan 04, 2023 20:31:49.396 [0x4002a941c0] DEBUG - NetworkService: Creating new service.
Jan 04, 2023 20:31:49.397 [0x4002a941c0] DEBUG - NetworkService: Got notification of changed network (first change: 1)
Jan 04, 2023 20:31:49.397 [0x4002a941c0] DEBUG - NetworkService: Quick dispatch of network change.
Jan 04, 2023 20:31:49.397 [0x400b6d7b00] DEBUG - NetworkService: Setting up multicast listener on 0.0.0.0:32410
Jan 04, 2023 20:31:49.397 [0x4002a941c0] DEBUG - NetworkService: Creating new service.
Jan 04, 2023 20:31:49.397 [0x4002a941c0] DEBUG - NetworkService: Got notification of changed network (first change: 1)
Jan 04, 2023 20:31:49.397 [0x4002a941c0] DEBUG - NetworkService: Quick dispatch of network change.
Jan 04, 2023 20:31:49.397 [0x4002a941c0] DEBUG - NetworkService: Creating new service.
Jan 04, 2023 20:31:49.397 [0x400b6d7b00] DEBUG - Network change for advertiser.
Jan 04, 2023 20:31:49.397 [0x400b6d7b00] DEBUG - NetworkService: Setting up multicast listener on 0.0.0.0:32412
Jan 04, 2023 20:31:49.397 [0x4002a941c0] DEBUG - NetworkService: Got notification of changed network (first change: 1)
Jan 04, 2023 20:31:49.397 [0x4002a941c0] DEBUG - NetworkService: Quick dispatch of network change.
Jan 04, 2023 20:31:49.398 [0x4002a941c0] DEBUG - NetworkService: Creating new service.
Jan 04, 2023 20:31:49.398 [0x400b6d7b00] DEBUG - NetworkService: Network change for browser (polled=0), closing 0 browse sockets.
Jan 04, 2023 20:31:49.398 [0x4002a941c0] DEBUG - NetworkService: Got notification of changed network (first change: 1)
Jan 04, 2023 20:31:49.398 [0x4002a941c0] DEBUG - NetworkService: Quick dispatch of network change.
Jan 04, 2023 20:31:49.398 [0x400b6d7b00] DEBUG - NetworkService: Setting up multicast listener on 0.0.0.0:32413
Jan 04, 2023 20:31:49.400 [0x400b6d7b00] DEBUG - NetworkService: Browsing on interface 127.0.0.1 on broadcast address 127.255.255.255 (index: 0)
Jan 04, 2023 20:31:49.407 [0x400b6d7b00] DEBUG - NetworkService: Browsing on interface 172.20.0.8 on broadcast address 172.20.255.255 (index: 1)
Jan 04, 2023 20:31:49.407 [0x400b6d7b00] DEBUG - NetworkService: Network change for browser (polled=1), closing 0 browse sockets.
Jan 04, 2023 20:31:49.407 [0x400b6d7b00] DEBUG - NetworkService: Browsing on interface 127.0.0.1 on broadcast address 127.255.255.255 (index: 0)
Jan 04, 2023 20:31:49.407 [0x400b6d7b00] DEBUG - NetworkService: Browsing on interface 172.20.0.8 on broadcast address 172.20.255.255 (index: 1)
Jan 04, 2023 20:31:49.407 [0x400b6d7b00] DEBUG - NetworkService: Network change for browser (polled=0), closing 0 browse sockets.
Jan 04, 2023 20:31:49.407 [0x400b6d7b00] DEBUG - NetworkService: Setting up multicast listener on 0.0.0.0:1901
Jan 04, 2023 20:31:49.408 [0x400b6d7b00] DEBUG - NetworkService: Browsing on interface 172.20.0.8 on broadcast address 239.255.255.250 (index: 0)
Jan 04, 2023 20:31:49.430 [0x400b923b00] DEBUG - [ChildProcessMonitor] Plex Tuner Service starting.
Jan 04, 2023 20:31:49.431 [0x4002a941c0] DEBUG - [HCl#f] HTTP requesting GET https://plex.tv/api/v2/features?X-Plex-Token=xxxxxxxxxxxxxxxxxxxx
Jan 04, 2023 20:31:49.432 [0x400b923b00] DEBUG - [ChildProcessMonitor/JobRunner] Job running: "/usr/lib/plexmediaserver/Plex Tuner Service" /usr/lib/plexmediaserver/Resources/Tuner/Private /usr/lib/plexmediaserver/Resources/Tuner/Shared 1.29.0.6244-819d3678c 32600
Jan 04, 2023 20:31:49.445 [0x400b923b00] DEBUG - [ChildProcessMonitor/JobRunner] Jobs: Starting child process with pid 1297
Jan 04, 2023 20:31:49.479 [0x4008ab2b00] DEBUG - [HttpClient/HCl#d] HTTP/2.0 (0.1s) 200 response from GET http://plex.tv/pms/:/ip
Jan 04, 2023 20:31:49.481 [0x400866ab00] DEBUG - PublicAddressManager: Got public IP from http://plex.tv: 94.239.26.100
Jan 04, 2023 20:31:49.510 [0x4008ab2b00] DEBUG - [HttpClient/HCl#f] HTTP/2.0 (0.1s) 200 response from GET https://plex.tv/api/v2/features?X-Plex-Token=xxxxxxxxxxxxxxxxxxxx (reused)
Jan 04, 2023 20:31:49.517 [0x4008ab2b00] DEBUG - [HttpClient/HCl#e] HTTP/2.0 (0.1s) 200 response from GET https://plex.tv/api/v2/user?includeSubscriptions=1&includeProviders=1 (reused)
Jan 04, 2023 20:31:49.519 [0x4002a941c0] DEBUG - [HCl#10] HTTP requesting GET https://plex.tv/api/v2/release_channels?X-Plex-Token=xxxxxxxxxxxxxxxxxxxx
Jan 04, 2023 20:31:49.526 [0x4009a7cb00] DEBUG - MyPlex: username is danielamoudokpo, login is danielamoudokpo@gmail.com, home is 0, no pin
Jan 04, 2023 20:31:49.549 [0x400b0c9b00] DEBUG - [HCl#11] HTTP requesting GET https://plex.tv/api/v2/geoip
Jan 04, 2023 20:31:49.559 [0x4008ab2b00] DEBUG - [HttpClient/HCl#10] HTTP/2.0 (0.0s) 200 response from GET https://plex.tv/api/v2/release_channels?X-Plex-Token=xxxxxxxxxxxxxxxxxxxx (reused)
Jan 04, 2023 20:31:49.570 [0x4002a941c0] DEBUG - [HCl#12] HTTP requesting GET https://plex.tv/api/v2/user/privacy?X-Plex-Token=xxxxxxxxxxxxxxxxxxxx
Jan 04, 2023 20:31:49.586 [0x4008ab2b00] DEBUG - [HttpClient/HCl#11] HTTP/2.0 (0.0s) 200 response from GET https://plex.tv/api/v2/geoip (reused)
Jan 04, 2023 20:31:49.588 [0x400b0c9b00] DEBUG - Sync: onMyPlexSignIn
Jan 04, 2023 20:31:49.588 [0x400b0c9b00] WARN - Sync: Couldn't get sync lists without subscription.
Jan 04, 2023 20:31:49.590 [0x400b0c9b00] DEBUG - [HCl#13] HTTP requesting GET https://plex.tv/api/v2/features?X-Plex-Token=xxxxxxxxxxxxxxxxxxxx
Jan 04, 2023 20:31:49.611 [0x4008ab2b00] DEBUG - [HttpClient/HCl#12] HTTP/2.0 (0.0s) 200 response from GET https://plex.tv/api/v2/user/privacy?X-Plex-Token=xxxxxxxxxxxxxxxxxxxx (reused)
Jan 04, 2023 20:31:49.622 [0x4002a941c0] DEBUG - [DatabaseFixups] Running fix-ups.
Jan 04, 2023 20:31:49.631 [0x4002a941c0] DEBUG - [DatabaseFixups] Destroyed 0 transient items.
Jan 04, 2023 20:31:49.646 [0x4002a941c0] DEBUG - [DatabaseFixups] Collections: Found 0 collections tags in section 1.
Jan 04, 2023 20:31:49.648 [0x4002a941c0] DEBUG - [DatabaseFixups] Collections: We had 0 collections in the library already.
Jan 04, 2023 20:31:49.648 [0x4002a941c0] DEBUG - [DatabaseFixups] Collections: Synced tags in section 1 in 4ms.
Jan 04, 2023 20:31:49.655 [0x4008ab2b00] DEBUG - [HttpClient/HCl#c] HTTP/1.1 (0.3s) 200 response from GET http://127.0.0.1:43413/system/agents
Jan 04, 2023 20:31:49.657 [0x400912db00] DEBUG - [com.plexapp.system] HTTP reply status 200, with 11288 bytes of content.
Jan 04, 2023 20:31:49.700 [0x4008ab2b00] DEBUG - [HttpClient/HCl#13] HTTP/2.0 (0.1s) 200 response from GET https://plex.tv/api/v2/features?X-Plex-Token=xxxxxxxxxxxxxxxxxxxx (reused)
Jan 04, 2023 20:31:49.712 [0x4002a941c0] DEBUG - [DatabaseFixups] Collections: Refreshed attributes for 0 collections in section 1 in 63ms.
Jan 04, 2023 20:31:49.715 [0x4002a941c0] DEBUG - [DatabaseFixups] Collection: Refreshed visibility in section 1 in 3ms.
Jan 04, 2023 20:31:49.721 [0x400b0c9b00] DEBUG - [HCl#14] HTTP requesting GET https://plex.tv/api/v2/release_channels?X-Plex-Token=xxxxxxxxxxxxxxxxxxxx
Jan 04, 2023 20:31:49.725 [0x4002a941c0] DEBUG - [DatabaseFixups] Collections: Refreshed attributes for 0 collections in section 1 in 9ms.
Jan 04, 2023 20:31:49.727 [0x4002a941c0] DEBUG - [DatabaseFixups] Collections: Found 0 collections tags in section 2.
Jan 04, 2023 20:31:49.728 [0x4002a941c0] DEBUG - [DatabaseFixups] Collections: We had 0 collections in the library already.
Jan 04, 2023 20:31:49.728 [0x4002a941c0] DEBUG - [DatabaseFixups] Collections: Synced tags in section 2 in 1ms.
Jan 04, 2023 20:31:49.729 [0x4002a941c0] DEBUG - [DatabaseFixups] Collections: Found 0 collections tags in section 2.
Jan 04, 2023 20:31:49.729 [0x4002a941c0] DEBUG - [DatabaseFixups] Collections: We had 0 collections in the library already.
Jan 04, 2023 20:31:49.729 [0x4002a941c0] DEBUG - [DatabaseFixups] Collections: Synced tags in section 2 in 2ms.
Jan 04, 2023 20:31:49.730 [0x400912db00] DEBUG - The system knows about 19 agents.
Jan 04, 2023 20:31:49.730 [0x4002a941c0] DEBUG - [DatabaseFixups] Collections: Found 0 collections tags in section 2.
Jan 04, 2023 20:31:49.730 [0x4002a941c0] DEBUG - [DatabaseFixups] Collections: We had 0 collections in the library already.
Jan 04, 2023 20:31:49.730 [0x4002a941c0] DEBUG - [DatabaseFixups] Collections: Synced tags in section 2 in 3ms.
Jan 04, 2023 20:31:49.732 [0x400bd99b00] DEBUG - Starting plug-in /usr/lib/plexmediaserver/Resources/Plug-ins-819d3678c/Scanners.bundle.
Jan 04, 2023 20:31:49.733 [0x4002a941c0] DEBUG - [DatabaseFixups] Collections: Refreshed attributes for 0 collections in section 2 in 3ms.
Jan 04, 2023 20:31:49.734 [0x400c1c6b00] DEBUG - Starting plug-in /usr/lib/plexmediaserver/Resources/Plug-ins-819d3678c/WebClient.bundle.
Jan 04, 2023 20:31:49.734 [0x400bfa4b00] DEBUG - Starting plug-in /usr/lib/plexmediaserver/Resources/Plug-ins-819d3678c/LyricFind.bundle.
Jan 04, 2023 20:31:49.736 [0x400912db00] DEBUG - Removing /usr/lib/plexmediaserver/Resources/Plug-ins-819d3678c/ServerManager.bundle.
Jan 04, 2023 20:31:49.736 [0x400912db00] DEBUG - Waiting for 20 plug-ins to finish starting.
Jan 04, 2023 20:31:49.736 [0x4002a941c0] DEBUG - [DatabaseFixups] Collection: Refreshed visibility in section 2 in 3ms.
Jan 04, 2023 20:31:49.738 [0x400bd99b00] DEBUG - Starting plug-in /usr/lib/plexmediaserver/Resources/Plug-ins-819d3678c/Musicbrainz.bundle.
Jan 04, 2023 20:31:49.742 [0x400c1c6b00] DEBUG - Starting plug-in /usr/lib/plexmediaserver/Resources/Plug-ins-819d3678c/PlexSeries.bundle.
Jan 04, 2023 20:31:49.746 [0x400bd99b00] DEBUG - Perfect cache hit, we don't need to start [org.musicbrainz.agents.music] yet.
Jan 04, 2023 20:31:49.747 [0x400bd99b00] DEBUG - Starting plug-in /usr/lib/plexmediaserver/Resources/Plug-ins-819d3678c/Fanart-TV.bundle.
Jan 04, 2023 20:31:49.747 [0x400c1c6b00] DEBUG - Perfect cache hit, we don't need to start [tv.plex.agents.series] yet.
Jan 04, 2023 20:31:49.747 [0x400bfa4b00] DEBUG - Perfect cache hit, we don't need to start [com.plexapp.agents.lyricfind] yet.
Jan 04, 2023 20:31:49.747 [0x400bfa4b00] DEBUG - Starting plug-in /usr/lib/plexmediaserver/Resources/Plug-ins-819d3678c/Framework.bundle.
Jan 04, 2023 20:31:49.748 [0x400c1c6b00] DEBUG - Starting plug-in /usr/lib/plexmediaserver/Resources/Plug-ins-819d3678c/TheTVDBv4.bundle.
Jan 04, 2023 20:31:49.750 [0x4002a941c0] DEBUG - [DatabaseFixups] Collections: Refreshed attributes for 0 collections in section 2 in 13ms.
Jan 04, 2023 20:31:49.754 [0x400bd99b00] DEBUG - Perfect cache hit, we don't need to start [com.plexapp.agents.fanarttv] yet.
Jan 04, 2023 20:31:49.757 [0x400bd99b00] DEBUG - Starting plug-in /usr/lib/plexmediaserver/Resources/Plug-ins-819d3678c/LocalMedia.bundle.
Jan 04, 2023 20:31:49.757 [0x400c1c6b00] DEBUG - Perfect cache hit, we don't need to start [com.plexapp.agents.thetvdb] yet.
Jan 04, 2023 20:31:49.757 [0x400c1c6b00] DEBUG - Starting plug-in /usr/lib/plexmediaserver/Resources/Plug-ins-819d3678c/PersonalMedia.bundle.
Jan 04, 2023 20:31:49.759 [0x4002a941c0] DEBUG - [DatabaseFixups] Running database fix-ups completed in 0.2 seconds.
Jan 04, 2023 20:31:49.763 [0x400bfa4b00] DEBUG - Starting plug-in /usr/lib/plexmediaserver/Resources/Plug-ins-819d3678c/LastFM.bundle.
Jan 04, 2023 20:31:49.764 [0x400bd99b00] DEBUG - Perfect cache hit, we don't need to start [com.plexapp.agents.localmedia] yet.
Jan 04, 2023 20:31:49.765 [0x400cb18b00] DEBUG - DVR: Starting up.
Jan 04, 2023 20:31:49.765 [0x4008ab2b00] DEBUG - [HttpClient/HCl#14] HTTP/2.0 (0.0s) 200 response from GET https://plex.tv/api/v2/release_channels?X-Plex-Token=xxxxxxxxxxxxxxxxxxxx (reused)
Jan 04, 2023 20:31:49.769 [0x400bd99b00] DEBUG - Starting plug-in /usr/lib/plexmediaserver/Resources/Plug-ins-819d3678c/PlexMovie.bundle.
Jan 04, 2023 20:31:49.773 [0x400c1c6b00] DEBUG - Perfect cache hit, we don't need to start [com.plexapp.agents.none] yet.
Jan 04, 2023 20:31:49.775 [0x400c1c6b00] DEBUG - Starting plug-in /usr/lib/plexmediaserver/Resources/Plug-ins-819d3678c/MoviePosterDB.bundle.
Jan 04, 2023 20:31:49.775 [0x400b0c9b00] DEBUG - [HCl#15] HTTP requesting GET https://plex.tv/api/v2/user/privacy?X-Plex-Token=xxxxxxxxxxxxxxxxxxxx
Jan 04, 2023 20:31:49.778 [0x400bfa4b00] DEBUG - Perfect cache hit, we don't need to start [com.plexapp.agents.lastfm] yet.
Jan 04, 2023 20:31:49.781 [0x400bd99b00] DEBUG - Perfect cache hit, we don't need to start [com.plexapp.agents.imdb] yet.
Jan 04, 2023 20:31:49.781 [0x400c1c6b00] DEBUG - Perfect cache hit, we don't need to start [com.plexapp.agents.movieposterdb] yet.
Jan 04, 2023 20:31:49.781 [0x400bd99b00] DEBUG - Starting plug-in /usr/lib/plexmediaserver/Resources/Plug-ins-819d3678c/OpenSubtitles.bundle.
Jan 04, 2023 20:31:49.781 [0x400c1c6b00] DEBUG - Starting plug-in /usr/lib/plexmediaserver/Resources/Plug-ins-819d3678c/Media-Flags.bundle.
Jan 04, 2023 20:31:49.784 [0x400bfa4b00] DEBUG - Starting plug-in /usr/lib/plexmediaserver/Resources/Plug-ins-819d3678c/PlexMusic.bundle.
Jan 04, 2023 20:31:49.785 [0x400bd99b00] DEBUG - Perfect cache hit, we don't need to start [com.plexapp.agents.opensubtitles] yet.
Jan 04, 2023 20:31:49.786 [0x400c1c6b00] DEBUG - Starting plug-in /usr/lib/plexmediaserver/Resources/Plug-ins-819d3678c/HTbackdrops.bundle.
Jan 04, 2023 20:31:49.786 [0x400bd99b00] DEBUG - Starting plug-in /usr/lib/plexmediaserver/Resources/Plug-ins-819d3678c/PlexMovieNew.bundle.
Jan 04, 2023 20:31:49.791 [0x400bfa4b00] DEBUG - Perfect cache hit, we don't need to start [tv.plex.agents.music] yet.
Jan 04, 2023 20:31:49.792 [0x400bd99b00] DEBUG - Perfect cache hit, we don't need to start [tv.plex.agents.movie] yet.
Jan 04, 2023 20:31:49.792 [0x400c1c6b00] DEBUG - Perfect cache hit, we don't need to start [com.plexapp.agents.htbackdrops] yet.
Jan 04, 2023 20:31:49.792 [0x400bfa4b00] DEBUG - Starting plug-in /usr/lib/plexmediaserver/Resources/Plug-ins-819d3678c/PlexThemeMusic.bundle.
Jan 04, 2023 20:31:49.793 [0x400c1c6b00] DEBUG - Starting plug-in /usr/lib/plexmediaserver/Resources/Plug-ins-819d3678c/TheMovieDB.bundle.
Jan 04, 2023 20:31:49.798 [0x400c1c6b00] DEBUG - Perfect cache hit, we don't need to start [com.plexapp.agents.themoviedb] yet.
Jan 04, 2023 20:31:49.801 [0x400cb18b00] DEBUG - Activity: registered new activity 5373415a-4abe-450f-b2f5-73286210ed42 - "Processing subscriptions"
Jan 04, 2023 20:31:49.801 [0x400bfa4b00] DEBUG - Perfect cache hit, we don't need to start [com.plexapp.agents.plexthememusic] yet.
Jan 04, 2023 20:31:49.805 [0x400912db00] DEBUG - Starting scheduled updates, every 1800 seconds
Jan 04, 2023 20:31:49.806 [0x400912db00] INFO - Refreshing paths watched by LibraryUpdateManager
Jan 04, 2023 20:31:49.810 [0x400912db00] DEBUG - LibraryUpdateManager will start watching /movies
Jan 04, 2023 20:31:49.811 [0x400912db00] DEBUG - LibraryUpdateManager will start watching /tv
Jan 04, 2023 20:31:49.811 [0x400912db00] DEBUG - [Notify] Initializing.
Jan 04, 2023 20:31:49.813 [0x400912db00] DEBUG - Done waiting for all plug-ins to start.
Jan 04, 2023 20:31:49.814 [0x400e085b00] DEBUG - [Notify] Waiting for inotify notifications...
Jan 04, 2023 20:31:49.814 [0x400912db00] DEBUG - PluginRepository::setStartState: 3, complete
Jan 04, 2023 20:31:49.820 [0x4008ab2b00] DEBUG - [HttpClient/HCl#15] HTTP/2.0 (0.0s) 200 response from GET https://plex.tv/api/v2/user/privacy?X-Plex-Token=xxxxxxxxxxxxxxxxxxxx (reused)
Jan 04, 2023 20:31:49.821 [0x400e288b00] DEBUG - [Notify] Now watching "/movies"
Jan 04, 2023 20:31:49.827 [0x400e288b00] DEBUG - [Notify] Now watching "/tv"
Jan 04, 2023 20:31:49.828 [0x4008196b00] DEBUG - Downloading document http://127.0.0.1:32400/:/plugins/com.plexapp.agents.imdb/prefs
Jan 04, 2023 20:31:49.839 [0x4008196b00] DEBUG - Translator: Found locale nl
Jan 04, 2023 20:31:49.839 [0x4008196b00] DEBUG - Translator: Found locale de
Jan 04, 2023 20:31:49.840 [0x4008196b00] DEBUG - Translator: Found locale no
Jan 04, 2023 20:31:49.840 [0x4008196b00] DEBUG - Translator: Found locale ro
Jan 04, 2023 20:31:49.840 [0x4008196b00] DEBUG - Translator: Found locale ar
Jan 04, 2023 20:31:49.840 [0x4008196b00] DEBUG - Translator: Found locale ja_JP
Jan 04, 2023 20:31:49.840 [0x4008196b00] DEBUG - Translator: Found locale hu
Jan 04, 2023 20:31:49.840 [0x4008196b00] DEBUG - Translator: Found locale lt
Jan 04, 2023 20:31:49.840 [0x4002a941c0] DEBUG - PublicAddressManager: Obtaining public address and mapping port.
Jan 04, 2023 20:31:49.840 [0x4008196b00] DEBUG - Translator: Found locale es
Jan 04, 2023 20:31:49.840 [0x4008196b00] DEBUG - Translator: Found locale cs_CZ
Jan 04, 2023 20:31:49.840 [0x4008196b00] DEBUG - Translator: Found locale nl_BE
Jan 04, 2023 20:31:49.840 [0x4008196b00] DEBUG - Translator: Found locale he
Jan 04, 2023 20:31:49.840 [0x4008196b00] DEBUG - Translator: Found locale zh_CN
Jan 04, 2023 20:31:49.840 [0x4008196b00] DEBUG - Translator: Found locale da
Jan 04, 2023 20:31:49.840 [0x4008196b00] DEBUG - Translator: Found locale hu_HU
Jan 04, 2023 20:31:49.840 [0x4008196b00] DEBUG - Translator: Found locale pt_BR
Jan 04, 2023 20:31:49.840 [0x4002a941c0] DEBUG - Waiting for server condition to be signaled.
Jan 04, 2023 20:31:49.840 [0x4008196b00] DEBUG - Translator: Found locale hr_HR
Jan 04, 2023 20:31:49.840 [0x4008196b00] DEBUG - Translator: Found locale sl
Jan 04, 2023 20:31:49.840 [0x4008196b00] DEBUG - Translator: Found locale sk
Jan 04, 2023 20:31:49.840 [0x4008196b00] DEBUG - Translator: Found locale af
Jan 04, 2023 20:31:49.840 [0x4008196b00] DEBUG - Translator: Found locale ru
Jan 04, 2023 20:31:49.840 [0x4008196b00] DEBUG - Translator: Found locale fr
Jan 04, 2023 20:31:49.840 [0x4008196b00] DEBUG - Translator: Found locale sv
Jan 04, 2023 20:31:49.840 [0x4008196b00] DEBUG - Translator: Found locale fi
Jan 04, 2023 20:31:49.840 [0x4008196b00] DEBUG - Translator: Found locale pl
Jan 04, 2023 20:31:49.840 [0x4008196b00] DEBUG - Translator: Found locale et_EE
Jan 04, 2023 20:31:49.840 [0x4008196b00] DEBUG - Translator: Found locale it
Jan 04, 2023 20:31:49.840 [0x4008196b00] DEBUG - Translator: Found locale ko
Jan 04, 2023 20:31:49.840 [0x4008196b00] DEBUG - Translator: Found locale pt
Jan 04, 2023 20:31:49.840 [0x4008196b00] DEBUG - Translator: Found locale en
Jan 04, 2023 20:31:49.840 [0x4008196b00] DEBUG - Translator: Found locale sr
Jan 04, 2023 20:31:49.850 [0x400c4bcb00] DEBUG - [HCl#16] HTTP requesting GET https://plex.tv/api/v2/server/webhooks?X-Plex-Token=xxxxxxxxxxxxxxxxxxxx
Jan 04, 2023 20:31:49.851 [0x400703ab00] DEBUG - [EventSourceClient/pubsub/178.79.165.194:443] Resolving 178.79.165.194 port 443
Jan 04, 2023 20:31:49.863 [0x400703ab00] DEBUG - [EventSourceClient/pubsub/178.79.165.194:443] Resolved 178.79.165.194 to 178.79.165.194:443
Jan 04, 2023 20:31:49.891 [0x400b0c9b00] DEBUG - CERT: Certificate will not expire soon; we'll check again in a week.
Jan 04, 2023 20:31:49.892 [0x400e759b00] DEBUG - MyPlex: sendMapping resetting state - previous mapping state: 'Not Mapped'.
Jan 04, 2023 20:31:49.893 [0x400e759b00] DEBUG - MyPlex: mapping state set to 'Unknown'.
Jan 04, 2023 20:31:49.897 [0x400b0c9b00] DEBUG - MyPlex: Updating device connections (from timer: 0)
Jan 04, 2023 20:31:49.899 [0x400b0c9b00] DEBUG - [HCl#17] HTTP requesting PUT https://plex.tv/devices/83722fb6ea7f2b2c2a4872a99006ce76878d8cc8?Connection[][uri]=http://&Connection[][uri]=http://172.20.0.8:32400&httpsEnabled=1&httpsRequired=0&dnsRebindingProtection=0&X-Plex-Token=xxxxxxxxxxxxxxxxxxxx
Jan 04, 2023 20:31:49.901 [0x4008196b00] DEBUG - [Req#10] Starting file watcher for com.plexapp.agents.imdb
Jan 04, 2023 20:31:49.903 [0x4008196b00] DEBUG - [Req#10] Plugin: setting environment variable: 'PYTHONHOME=/usr/lib/plexmediaserver/Resources/Python'
Jan 04, 2023 20:31:49.903 [0x4008196b00] DEBUG - [Req#10] Plugin: setting environment variable: 'PYTHONPATH=/usr/lib/plexmediaserver/Resources/Python/python27.zip:/usr/lib/plexmediaserver/Resources/Python/lib/python2.7/site-packages'
Jan 04, 2023 20:31:49.910 [0x4008196b00] DEBUG - [Req#10] Spawned plug-in com.plexapp.agents.imdb with PID 1333
Jan 04, 2023 20:31:49.910 [0x4008196b00] DEBUG - [Req#10] [com.plexapp.agents.imdb] Sending command: GET /:/prefixes
Jan 04, 2023 20:31:49.920 [0x400e759b00] DEBUG - MyPlex: Sending Server Info to myPlex (user=danielamoudokpo@gmail.com, ip=, port=0)
Jan 04, 2023 20:31:49.922 [0x400e759b00] DEBUG - [HCl#18] HTTP requesting POST https://plex.tv/servers.xml?auth_token=xxxxxxxxxxxxxxxxxxxx
Jan 04, 2023 20:31:49.929 [0x4008ab2b00] DEBUG - [HttpClient/HCl#16] HTTP/2.0 (0.1s) 200 response from GET https://plex.tv/api/v2/server/webhooks?X-Plex-Token=xxxxxxxxxxxxxxxxxxxx (reused)
Jan 04, 2023 20:31:49.951 [0x400703ab00] DEBUG - [EventSourceClient/pubsub/178.79.165.194:443] Connected in 88 ms.
Jan 04, 2023 20:31:49.954 [0x400703ab00] DEBUG - [EventSourceClient/pubsub/178.79.165.194:443] Wrote data, reading reply.
Jan 04, 2023 20:31:49.959 [0x4008ab2b00] DEBUG - [HttpClient/HCl#17] HTTP/2.0 (0.1s) 200 response from PUT https://plex.tv/devices/83722fb6ea7f2b2c2a4872a99006ce76878d8cc8?Connection[][uri]=http://&Connection[][uri]=http://172.20.0.8:32400&httpsEnabled=1&httpsRequired=0&dnsRebindingProtection=0&X-Plex-Token=xxxxxxxxxxxxxxxxxxxx (reused)
Jan 04, 2023 20:31:49.982 [0x4008ab2b00] DEBUG - [HttpClient/HCl#18] HTTP/2.0 (0.1s) 422 response from POST https://plex.tv/servers.xml?auth_token=xxxxxxxxxxxxxxxxxxxx (reused)
Jan 04, 2023 20:31:49.982 [0x400e759b00] DEBUG - MyPlex: Published Mapping State response was 422
Jan 04, 2023 20:31:49.983 [0x400e759b00] DEBUG - MyPlex: Got response for 83722fb6ea7f2b2c2a4872a99006ce76878d8cc8 ~ registered :0
Jan 04, 2023 20:31:49.983 [0x400e759b00] DEBUG - MyPlex: updating mapped state - current state: 'Not Mapped'
Jan 04, 2023 20:31:49.983 [0x400e759b00] DEBUG - MyPlex: mapping state set to 'Not Mapped'.
Jan 04, 2023 20:31:50.023 [0x4006e37b00] DEBUG - [EventSourceClient/pubsub/178.79.165.194:443] Read HTTP reply header.
Jan 04, 2023 20:31:50.024 [0x4006e37b00] DEBUG - [EventSourceClient/pubsub/178.79.165.194:443] MyPlex: We appear to have regained Internet connectivity.
Jan 04, 2023 20:31:50.030 [0x4006e37b00] DEBUG - [EventSourceClient/pubsub/178.79.165.194:443] PublicAddressManager: Obtaining public address and mapping port.
Jan 04, 2023 20:31:50.030 [0x4006e37b00] DEBUG - [EventSourceClient/pubsub/178.79.165.194:443] MyPlex: async reachability check - current mapped state: 'Not Mapped'.
Jan 04, 2023 20:31:50.030 [0x4006e37b00] WARN - [EventSourceClient/pubsub/178.79.165.194:443] MyPlex: attempted a reachability check but we're not yet mapped.
Jan 04, 2023 20:31:50.030 [0x4006e37b00] DEBUG - [EventSourceClient/pubsub/178.79.165.194:443] Successfully connected to 178.79.165.194.
Jan 04, 2023 20:31:50.869 [0x400c6d5b00] DEBUG - DVR:Device: Discovering and refreshing all devices.
Jan 04, 2023 20:31:50.870 [0x400c6d5b00] DEBUG - Grabber: HDHomerun discovered 0 compatible devices.
Jan 04, 2023 20:31:50.871 [0x400c6d5b00] DEBUG - [HCl#19] HTTP requesting POST http://127.0.0.1:32600/devices/discover
Jan 04, 2023 20:31:53.157 [0x400a7afb00] DEBUG - Request: [127.0.0.1:36516 (Loopback)] GET /system/messaging/clear_events/com.plexapp.agents.imdb (2 live) #e GZIP Signed-in Token (danielamoudokpo)
Jan 04, 2023 20:31:53.160 [0x400a7afb00] DEBUG - [Req#e] [com.plexapp.system] Sending command over HTTP (GET): /system/messaging/clear_events/com.plexapp.agents.imdb
Jan 04, 2023 20:31:53.161 [0x400a7afb00] DEBUG - [Req#e/HCl#1c] HTTP requesting GET http://127.0.0.1:43413/system/messaging/clear_events/com.plexapp.agents.imdb
Jan 04, 2023 20:31:53.291 [0x4008ab2b00] DEBUG - [HttpClient/HCl#1c] HTTP/1.1 (0.1s) 200 response from GET http://127.0.0.1:43413/system/messaging/clear_events/com.plexapp.agents.imdb (reused)
Jan 04, 2023 20:31:53.291 [0x400a7afb00] DEBUG - [Req#e] [com.plexapp.system] HTTP reply status 200, with 0 bytes of content.
Jan 04, 2023 20:31:53.293 [0x4006e37b00] DEBUG - Completed: [127.0.0.1:36516] 200 GET /system/messaging/clear_events/com.plexapp.agents.imdb (2 live) GZIP 136ms 280 bytes
Jan 04, 2023 20:31:53.356 [0x4008ab2b00] DEBUG - [HttpClient/HCl#19] HTTP/1.1 (2.5s) 200 response from POST http://127.0.0.1:32600/devices/discover
Jan 04, 2023 20:31:53.879 [0x400a537b00] DEBUG - Request: [127.0.0.1:36518 (Loopback)] GET /:/plugins/com.plexapp.system/resourceHashes (2 live) #13 GZIP Signed-in Token (danielamoudokpo)
Jan 04, 2023 20:31:53.879 [0x400a537b00] DEBUG - [Req#13] [com.plexapp.system] Sending command over HTTP (GET): /:/plugins/com.plexapp.system/resourceHashes
Jan 04, 2023 20:31:53.880 [0x400a537b00] DEBUG - [Req#13/HCl#1d] HTTP requesting GET http://127.0.0.1:43413/:/plugins/com.plexapp.system/resourceHashes
Jan 04, 2023 20:31:54.089 [0x4008ab2b00] DEBUG - [HttpClient/HCl#1d] HTTP/1.1 (0.2s) 404 response from GET http://127.0.0.1:43413/:/plugins/com.plexapp.system/resourceHashes
Jan 04, 2023 20:31:54.090 [0x400a537b00] DEBUG - [Req#13] [com.plexapp.system] HTTP reply status 404, with 0 bytes of content.
Jan 04, 2023 20:31:54.090 [0x4006e37b00] DEBUG - Completed: [127.0.0.1:36518] 404 GET /:/plugins/com.plexapp.system/resourceHashes (2 live) GZIP 211ms 261 bytes
Jan 04, 2023 20:31:54.161 [0x400a7afb00] DEBUG - Request: [127.0.0.1:36520 (Loopback)] GET /identity (2 live) #15 Signed-in
Jan 04, 2023 20:31:54.162 [0x4006e37b00] DEBUG - Completed: [127.0.0.1:36520] 200 GET /identity (2 live) 2ms 398 bytes (pipelined: 1)
Jan 04, 2023 20:31:54.179 [0x400a537b00] DEBUG - Request: [127.0.0.1:36522 (Loopback)] GET /:/plugins/com.plexapp.system/messaging/function/X0J1bmRsZVNlcnZpY2U6QWxsU2VydmljZXM_/Y2VyZWFsMQoxCmxpc3QKMApyMAo_/Y2VyZWFsMQoxCmRpY3QKMApyMAo_ (2 live) #17 GZIP Signed-in Token (danielamoudokpo)
Jan 04, 2023 20:31:54.179 [0x400a537b00] DEBUG - [Req#17] [com.plexapp.system] Sending command over HTTP (GET): /:/plugins/com.plexapp.system/messaging/function/X0J1bmRsZVNlcnZpY2U6QWxsU2VydmljZXM_/Y2VyZWFsMQoxCmxpc3QKMApyMAo_/Y2VyZWFsMQoxCmRpY3QKMApyMAo_
Jan 04, 2023 20:31:54.180 [0x400a537b00] DEBUG - [Req#17/HCl#1e] HTTP requesting GET http://127.0.0.1:43413/:/plugins/com.plexapp.system/messaging/function/X0J1bmRsZVNlcnZpY2U6QWxsU2VydmljZXM_/Y2VyZWFsMQoxCmxpc3QKMApyMAo_/Y2VyZWFsMQoxCmRpY3QKMApyMAo_
Jan 04, 2023 20:31:54.185 [0x400a7afb00] DEBUG - Request: [127.0.0.1:36524 (Loopback)] GET / (3 live) #1a GZIP Signed-in Token (danielamoudokpo)
Jan 04, 2023 20:31:54.195 [0x4006e37b00] DEBUG - Completed: [127.0.0.1:36524] 200 GET / (3 live) GZIP 10ms 3245 bytes
Jan 04, 2023 20:31:54.230 [0x4008ab2b00] DEBUG - [HttpClient/HCl#1e] HTTP/1.1 (0.1s) 200 response from GET http://127.0.0.1:43413/:/plugins/com.plexapp.system/messaging/function/X0J1bmRsZVNlcnZpY2U6QWxsU2VydmljZXM_/Y2VyZWFsMQoxCmxpc3QKMApyMAo_/Y2VyZWFsMQoxCmRpY3QKMApyMAo_
Jan 04, 2023 20:31:54.230 [0x400a537b00] DEBUG - [Req#17] [com.plexapp.system] HTTP reply status 200, with 516 bytes of content.
Jan 04, 2023 20:31:54.233 [0x4006e37b00] DEBUG - Completed: [127.0.0.1:36522] 200 GET /:/plugins/com.plexapp.system/messaging/function/X0J1bmRsZVNlcnZpY2U6QWxsU2VydmljZXM_/Y2VyZWFsMQoxCmxpc3QKMApyMAo_/Y2VyZWFsMQoxCmRpY3QKMApyMAo_ (2 live) GZIP 53ms 747 bytes
Jan 04, 2023 20:31:54.399 [0x400b6d7b00] DEBUG - NetworkServiceBrowser: SERVER arrived: 127.0.0.1 (pablito)
Jan 04, 2023 20:31:54.399 [0x400b6d7b00] DEBUG - Notifying the system bundle an update to server /system/notify/serverUpdated?host=127.0.0.1
Jan 04, 2023 20:31:54.399 [0x400b6d7b00] DEBUG - [com.plexapp.system] Sending command over HTTP (GET): /system/notify/serverUpdated?host=127.0.0.1
Jan 04, 2023 20:31:54.399 [0x400b6d7b00] DEBUG - [HCl#1f] HTTP requesting GET http://127.0.0.1:43413/system/notify/serverUpdated?host=127.0.0.1
Jan 04, 2023 20:31:54.469 [0x400a7afb00] DEBUG - Request: [127.0.0.1:36526 (Loopback)] GET /servers (2 live) #1b GZIP Signed-in Token (danielamoudokpo)
Jan 04, 2023 20:31:54.472 [0x4006e37b00] DEBUG - Completed: [127.0.0.1:36526] 200 GET /servers (2 live) GZIP 3ms 488 bytes
Jan 04, 2023 20:31:54.506 [0x4008ab2b00] DEBUG - [HttpClient/HCl#1f] HTTP/1.1 (0.1s) 200 response from GET http://127.0.0.1:43413/system/notify/serverUpdated?host=127.0.0.1
Jan 04, 2023 20:31:54.506 [0x400b6d7b00] DEBUG - [com.plexapp.system] HTTP reply status 200, with 0 bytes of content.
Jan 04, 2023 20:31:54.839 [0x400da43b00] DEBUG - [PubsubServerManager/process/HCl#20] HTTP requesting GET https://plex.tv/services/pubsub/servers
Jan 04, 2023 20:31:54.882 [0x4008ab2b00] DEBUG - [HttpClient/HCl#20] HTTP/2.0 (0.0s) 200 response from GET https://plex.tv/services/pubsub/servers (reused)
Jan 04, 2023 20:31:55.497 [0x4006be1b00] DEBUG - Shutting down with signal 15 (Terminated)
Jan 04, 2023 20:31:55.497 [0x4006be1b00] DEBUG - Ordered to stop server.
Jan 04, 2023 20:31:55.500 [0x4002a941c0] DEBUG - Stopping server...
Jan 04, 2023 20:31:55.500 [0x4002a941c0] DEBUG - HttpServer: Stopping server.
Jan 04, 2023 20:31:55.571 [0x4007468b00] DEBUG - TranscodeJobManager: [Running] onServerShutdown
Jan 04, 2023 20:31:55.571 [0x4007468b00] DEBUG - TranscodeJobManager: [Running] -> [Shutdown]
Jan 04, 2023 20:31:55.571 [0x4007468b00] DEBUG - MetadataItemClusterRequestHandler: a shutdown event has been received
Jan 04, 2023 20:31:55.742 [0x4002a941c0] DEBUG - Server stopped.
Jan 04, 2023 20:31:55.744 [0x4002a941c0] DEBUG - NetworkService: Stopping advertisement.
Jan 04, 2023 20:31:55.746 [0x400b6d7b00] ERROR - Network Service: Error in advertiser handle read: 125 (Operation canceled) socket=73
Jan 04, 2023 20:31:55.793 [0x4002a941c0] DEBUG - Killing plug-ins.
Jan 04, 2023 20:31:55.853 [0x400b6d7b00] INFO - Network Service: Abandoning advertise socket, it was closed.
Jan 04, 2023 20:31:56.392 [0x4002a941c0] DEBUG - [com.plexapp.agents.imdb] Killing.
Jan 04, 2023 20:31:56.439 [0x4008196b00] ERROR - [Req#10] Timeout or error reading status line from plug-in pipe [com.plexapp.agents.imdb], we're killing it.
Jan 04, 2023 20:31:56.439 [0x4008196b00] DEBUG - [Req#10] Stopping [com.plexapp.agents.imdb].
Jan 04, 2023 20:31:56.439 [0x4006be1b00] WARN - JobManager: Could not find job for handle 1333
Jan 04, 2023 20:31:56.440 [0x4008196b00] ERROR - [Req#10] Error received reading configuration for com.plexapp.agents.imdb
Jan 04, 2023 20:31:56.440 [0x4008196b00] DEBUG - [Req#10] Stopping [com.plexapp.agents.imdb].
Jan 04, 2023 20:31:56.444 [0x4008196b00] DEBUG - Caching document http://127.0.0.1:32400/:/plugins/com.plexapp.agents.imdb/prefs as a07aa8ff01f68fe417e83de02433926206591984
Jan 04, 2023 20:31:56.444 [0x4008196b00] ERROR - downloadContainer: expected MediaContainer element, found html
Jan 04, 2023 20:31:56.445 [0x4008196b00] ERROR - IVA: failed to get IMDB prefs
Jan 04, 2023 20:31:56.445 [0x4008196b00] DEBUG - IVA: Downloading trailer lists.
Jan 04, 2023 20:31:56.469 [0x4002a941c0] DEBUG - [com.plexapp.system] Killing.
Jan 04, 2023 20:31:56.515 [0x4002a941c0] DEBUG - ChildProcessMonitor: Waiting for Plex Tuner Service to exit.
Jan 04, 2023 20:31:56.515 [0x4002a941c0] DEBUG - [JobRunner] Signalling job ID 1297 with 2
Jan 04, 2023 20:31:56.531 [0x4008ab2b00] DEBUG - [HttpClient/HCl#b] HTTP simulating 408 after curl timeout
Jan 04, 2023 20:31:56.532 [0x40088a1b00] DEBUG - [MediaProviderManager] loading cloud provider details (Movies & TV) (alive: 0)
Jan 04, 2023 20:31:56.532 [0x4006be1b00] WARN - JobManager: Could not find job for handle 1200
Jan 04, 2023 20:31:56.532 [0x40088a1b00] DEBUG - [MediaProviderManager/HCl#22] HTTP requesting GET https://vod.provider.plex.tv
Jan 04, 2023 20:31:56.570 [0x4006be1b00] DEBUG - Jobs: '/usr/lib/plexmediaserver/Plex Tuner Service' exit code for process 1297 is 0 (success)
Jan 04, 2023 20:31:56.570 [0x400b923b00] DEBUG - [ChildProcessMonitor] Plex Tuner Service exited.
Jan 04, 2023 20:31:56.572 [0x4002a941c0] DEBUG - Database: Shutting down.
Jan 04, 2023 20:31:56.646 [0x4002a941c0] DEBUG - Database: Shutting down.
