Jan 04, 2023 15:59:24.530 [0x4005714b00] INFO - Plex Media Scanner v1.29.0.6244-819d3678c - Docker Docker Container x86_64 - build: linux-x86_64 - GMT 00:00
Jan 04, 2023 15:59:24.579 [0x4005714b00] INFO - Linux version: 5.10.124-linuxkit, language: en-US
Jan 04, 2023 15:59:24.582 [0x4005714b00] INFO - Processor: 4-core QEMU TCG CPU version 2.5+
Jan 04, 2023 15:59:24.584 [0x4005714b00] INFO - /usr/lib/plexmediaserver/Plex Media Scanner --analyze --log-file-suffix  Analysis --item 1
Jan 04, 2023 15:59:24.360 [0x4001ce0140] DEBUG - Opening 20 database sessions to library (com.plexapp.plugins.library), SQLite 3.35.5, threadsafe=1
Jan 04, 2023 15:59:25.275 [0x4001ce0140] DEBUG - Analyzing media parts for item 1 (Streamers): 1
Jan 04, 2023 15:59:25.290 [0x4001ce0140] DEBUG - [ID 1] Media part analysis: /movies/Streamers.mp4
Jan 04, 2023 15:59:25.293 [0x4001ce0140] DEBUG - [MI] Opening input file: "/movies/Streamers.mp4"
Jan 04, 2023 15:59:25.296 [0x4001ce0140] DEBUG - [FFMPEG] - Opening '/movies/Streamers.mp4' for reading
Jan 04, 2023 15:59:25.296 [0x4001ce0140] DEBUG - [FFMPEG] - Setting default whitelist 'file,crypto,data'
Jan 04, 2023 15:59:25.309 [0x4001ce0140] DEBUG - [FFMPEG] - Format mov,mp4,m4a,3gp,3g2,mj2 probed with size=2048 and score=100
Jan 04, 2023 15:59:25.310 [0x4001ce0140] DEBUG - [FFMPEG] - ISO: File Type Major Brand: mp42
Jan 04, 2023 15:59:25.312 [0x4001ce0140] DEBUG - [FFMPEG] - Unknown dref type 0x206c7275 size 12
Jan 04, 2023 15:59:25.318 [0x4001ce0140] DEBUG - [FFMPEG] - Unknown dref type 0x206c7275 size 12
Jan 04, 2023 15:59:25.323 [0x4001ce0140] DEBUG - [FFMPEG] - Before avformat_find_stream_info() pos: 72006 bytes read:98304 seeks:0 nb_streams:2
Jan 04, 2023 15:59:25.328 [0x4001ce0140] DEBUG - [FFMPEG] - nal_unit_type: 7(SPS), nal_ref_idc: 3
Jan 04, 2023 15:59:25.329 [0x4001ce0140] DEBUG - [FFMPEG] - nal_unit_type: 8(PPS), nal_ref_idc: 3
Jan 04, 2023 15:59:25.333 [0x4001ce0140] DEBUG - [FFMPEG] - nal_unit_type: 6(SEI), nal_ref_idc: 0
Jan 04, 2023 15:59:25.333 [0x4001ce0140] DEBUG - [FFMPEG] - nal_unit_type: 5(IDR), nal_ref_idc: 3
Jan 04, 2023 15:59:25.334 [0x4001ce0140] DEBUG - [FFMPEG] - Format yuv420p chosen by get_format().
Jan 04, 2023 15:59:25.375 [0x4001ce0140] DEBUG - [FFMPEG] - nal_unit_type: 1(Coded slice of a non-IDR picture), nal_ref_idc: 2
Jan 04, 2023 15:59:25.416 [0x4001ce0140] DEBUG - [FFMPEG] - nal_unit_type: 1(Coded slice of a non-IDR picture), nal_ref_idc: 2
Jan 04, 2023 15:59:25.453 [0x4001ce0140] DEBUG - [FFMPEG] - nal_unit_type: 1(Coded slice of a non-IDR picture), nal_ref_idc: 2
Jan 04, 2023 15:59:25.474 [0x4001ce0140] DEBUG - [FFMPEG] - nal_unit_type: 1(Coded slice of a non-IDR picture), nal_ref_idc: 2
Jan 04, 2023 15:59:25.487 [0x4001ce0140] DEBUG - [FFMPEG] - nal_unit_type: 1(Coded slice of a non-IDR picture), nal_ref_idc: 2
Jan 04, 2023 15:59:25.511 [0x4001ce0140] DEBUG - [FFMPEG] - nal_unit_type: 1(Coded slice of a non-IDR picture), nal_ref_idc: 2
Jan 04, 2023 15:59:25.531 [0x4001ce0140] DEBUG - [FFMPEG] - All info found
Jan 04, 2023 15:59:25.534 [0x4001ce0140] DEBUG - [FFMPEG] - After avformat_find_stream_info() pos: 128311 bytes read:131072 seeks:0 frames:15
Jan 04, 2023 15:59:25.536 [0x4001ce0140] DEBUG - [MI] Opening "/movies/Streamers.mp4" for MP4 atom parsing
Jan 04, 2023 15:59:25.538 [0x4001ce0140] DEBUG - Mp4AtomParser: Skipping ftyp atom of size 24 at offset 0
Jan 04, 2023 15:59:25.538 [0x4001ce0140] DEBUG - Mp4AtomParser: Found moov atom of size 71974 at offset 24
Jan 04, 2023 15:59:25.539 [0x4001ce0140] DEBUG - Mp4AtomParser: Found trak atom of size 30231 at offset 140
Jan 04, 2023 15:59:25.539 [0x4001ce0140] DEBUG - Mp4AtomParser: Found trak atom of size 41536 at offset 30371
Jan 04, 2023 15:59:25.539 [0x4001ce0140] DEBUG - Mp4AtomParser: Found mdia atom of size 30131 at offset 240
Jan 04, 2023 15:59:25.539 [0x4001ce0140] DEBUG - Mp4AtomParser: Found minf atom of size 30020 at offset 351
Jan 04, 2023 15:59:25.539 [0x4001ce0140] DEBUG - Mp4AtomParser: Found stbl atom of size 29956 at offset 395
Jan 04, 2023 15:59:25.540 [0x4001ce0140] DEBUG - Mp4AtomParser: Found mdia atom of size 41436 at offset 30471
Jan 04, 2023 15:59:25.540 [0x4001ce0140] DEBUG - Mp4AtomParser: Found minf atom of size 41325 at offset 30582
Jan 04, 2023 15:59:25.540 [0x4001ce0140] DEBUG - Mp4AtomParser: Found stbl atom of size 41265 at offset 30626
Jan 04, 2023 15:59:25.545 [0x4001ce0140] DEBUG - [MI]  * 3d8ea5bc47c6ac0ee279a30b936f9765cad2e35f [mp4 h264/aac] Duration: 226882ms, 640x360 (1.777778) 29.970fps, bitrate=563kbps, audio channels=2, optimizedForStreaming=1 ("/movies/Streamers.mp4")
Jan 04, 2023 15:59:25.549 [0x4001ce0140] DEBUG - [MI] Chapters had generic titles, clearing.
Jan 04, 2023 15:59:25.554 [0x4001ce0140] DEBUG - [MI] Closing input file: "/movies/Streamers.mp4"
Jan 04, 2023 15:59:25.560 [0x4001ce0140] DEBUG - Committing media stream changes for part 1
Jan 04, 2023 15:59:25.582 [0x4001ce0140] DEBUG - Updating media item 1, size=15988198, metadata_item_id=1
Jan 04, 2023 15:59:25.584 [0x4001ce0140] DEBUG - Updating part with ID=1 [/movies/Streamers.mp4]
Jan 04, 2023 15:59:25.623 [0x4007251b00] DEBUG - [HCl#1] HTTP requesting GET http://127.0.0.1:32400/:/metadata/notify/changeItemState?librarySectionID=1&metadataItemID=1&metadataType=1&state=-1&parentID=-1&rootID=-1&mediaState=analyzing
Jan 04, 2023 15:59:25.641 [0x4001ce0140] DEBUG - [MI] Opening input file: "/movies/Streamers.mp4"
Jan 04, 2023 15:59:25.642 [0x4001ce0140] DEBUG - [FFMPEG] - Opening '/movies/Streamers.mp4' for reading
Jan 04, 2023 15:59:25.642 [0x4001ce0140] DEBUG - [FFMPEG] - Setting default whitelist 'file,crypto,data'
Jan 04, 2023 15:59:25.646 [0x4001ce0140] DEBUG - [FFMPEG] - Format mov,mp4,m4a,3gp,3g2,mj2 probed with size=2048 and score=100
Jan 04, 2023 15:59:25.647 [0x4001ce0140] DEBUG - [FFMPEG] - ISO: File Type Major Brand: mp42
Jan 04, 2023 15:59:25.647 [0x4001ce0140] DEBUG - [FFMPEG] - Unknown dref type 0x206c7275 size 12
Jan 04, 2023 15:59:25.653 [0x4001ce0140] DEBUG - [FFMPEG] - Unknown dref type 0x206c7275 size 12
Jan 04, 2023 15:59:25.657 [0x4001ce0140] DEBUG - [FFMPEG] - Before avformat_find_stream_info() pos: 72006 bytes read:98304 seeks:0 nb_streams:2
Jan 04, 2023 15:59:25.657 [0x4001ce0140] DEBUG - [FFMPEG] - nal_unit_type: 7(SPS), nal_ref_idc: 3
Jan 04, 2023 15:59:25.657 [0x4001ce0140] DEBUG - [FFMPEG] - nal_unit_type: 8(PPS), nal_ref_idc: 3
Jan 04, 2023 15:59:25.658 [0x4001ce0140] DEBUG - [FFMPEG] - nal_unit_type: 6(SEI), nal_ref_idc: 0
Jan 04, 2023 15:59:25.658 [0x4001ce0140] DEBUG - [FFMPEG] - nal_unit_type: 5(IDR), nal_ref_idc: 3
Jan 04, 2023 15:59:25.658 [0x4001ce0140] DEBUG - [FFMPEG] - Format yuv420p chosen by get_format().
Jan 04, 2023 15:59:25.667 [0x4007298b00] DEBUG - [HttpClient/HCl#1] HTTP/1.1 (0.0s) 200 response from GET http://127.0.0.1:32400/:/metadata/notify/changeItemState?librarySectionID=1&metadataItemID=1&metadataType=1&state=-1&parentID=-1&rootID=-1&mediaState=analyzing
Jan 04, 2023 15:59:25.673 [0x4007251b00] DEBUG - [HCl#2] HTTP requesting GET http://127.0.0.1:32400/:/metadata/notify/changeItemState?librarySectionID=1&metadataItemID=1&metadataType=1&state=-1&parentID=-1&rootID=-1&mediaState=thumbnailing
Jan 04, 2023 15:59:25.680 [0x4007298b00] DEBUG - [HttpClient/HCl#2] HTTP/1.1 (0.0s) 200 response from GET http://127.0.0.1:32400/:/metadata/notify/changeItemState?librarySectionID=1&metadataItemID=1&metadataType=1&state=-1&parentID=-1&rootID=-1&mediaState=thumbnailing (reused)
Jan 04, 2023 15:59:25.698 [0x4001ce0140] DEBUG - [FFMPEG] - nal_unit_type: 1(Coded slice of a non-IDR picture), nal_ref_idc: 2
Jan 04, 2023 15:59:25.704 [0x4001ce0140] DEBUG - [FFMPEG] - nal_unit_type: 1(Coded slice of a non-IDR picture), nal_ref_idc: 2
Jan 04, 2023 15:59:25.792 [0x4001ce0140] DEBUG - [FFMPEG] - nal_unit_type: 1(Coded slice of a non-IDR picture), nal_ref_idc: 2
Jan 04, 2023 15:59:25.816 [0x4001ce0140] DEBUG - [FFMPEG] - nal_unit_type: 1(Coded slice of a non-IDR picture), nal_ref_idc: 2
Jan 04, 2023 15:59:25.829 [0x4001ce0140] DEBUG - [FFMPEG] - nal_unit_type: 1(Coded slice of a non-IDR picture), nal_ref_idc: 2
Jan 04, 2023 15:59:25.842 [0x4001ce0140] DEBUG - [FFMPEG] - nal_unit_type: 1(Coded slice of a non-IDR picture), nal_ref_idc: 2
Jan 04, 2023 15:59:25.857 [0x4001ce0140] DEBUG - [FFMPEG] - All info found
Jan 04, 2023 15:59:25.858 [0x4001ce0140] DEBUG - [FFMPEG] - After avformat_find_stream_info() pos: 128311 bytes read:131072 seeks:0 frames:15
Jan 04, 2023 15:59:25.858 [0x4001ce0140] DEBUG - Creating /config/Library/Application Support/Plex Media Server/Media/localhost/3/d8ea5bc47c6ac0ee279a30b936f9765cad2e35f.bundle/Contents/Thumbnails/thumb1.jpg (50.0%, 720x512).
Jan 04, 2023 15:59:25.868 [0x4001ce0140] DEBUG - [FFMPEG] - nal_unit_type: 7(SPS), nal_ref_idc: 3
Jan 04, 2023 15:59:25.869 [0x4001ce0140] DEBUG - [FFMPEG] - nal_unit_type: 8(PPS), nal_ref_idc: 3
Jan 04, 2023 15:59:25.877 [0x4001ce0140] DEBUG - [FFMPEG] - nal_unit_type: 6(SEI), nal_ref_idc: 0
Jan 04, 2023 15:59:25.877 [0x4001ce0140] DEBUG - [FFMPEG] - nal_unit_type: 5(IDR), nal_ref_idc: 3
Jan 04, 2023 15:59:25.878 [0x4001ce0140] DEBUG - [FFMPEG] - Format yuv420p chosen by get_format().
Jan 04, 2023 15:59:25.982 [0x4001ce0140] DEBUG - Loaded memory image of size 640x360.
Jan 04, 2023 15:59:26.069 [0x4001ce0140] DEBUG - [MI] Closing input file: "/movies/Streamers.mp4"
Jan 04, 2023 15:59:26.079 [0x4001ce0140] DEBUG - [MI] Opening input file: "/movies/Streamers.mp4"
Jan 04, 2023 15:59:26.079 [0x4001ce0140] DEBUG - [FFMPEG] - Opening '/movies/Streamers.mp4' for reading
Jan 04, 2023 15:59:26.079 [0x4001ce0140] DEBUG - [FFMPEG] - Setting default whitelist 'file,crypto,data'
Jan 04, 2023 15:59:26.083 [0x4001ce0140] DEBUG - [FFMPEG] - Format mov,mp4,m4a,3gp,3g2,mj2 probed with size=2048 and score=100
Jan 04, 2023 15:59:26.084 [0x4001ce0140] DEBUG - [FFMPEG] - ISO: File Type Major Brand: mp42
Jan 04, 2023 15:59:26.084 [0x4001ce0140] DEBUG - [FFMPEG] - Unknown dref type 0x206c7275 size 12
Jan 04, 2023 15:59:26.088 [0x4001ce0140] DEBUG - [FFMPEG] - Unknown dref type 0x206c7275 size 12
Jan 04, 2023 15:59:26.091 [0x4001ce0140] DEBUG - [FFMPEG] - Before avformat_find_stream_info() pos: 72006 bytes read:98304 seeks:0 nb_streams:2
Jan 04, 2023 15:59:26.092 [0x4001ce0140] DEBUG - [FFMPEG] - nal_unit_type: 7(SPS), nal_ref_idc: 3
Jan 04, 2023 15:59:26.092 [0x4001ce0140] DEBUG - [FFMPEG] - nal_unit_type: 8(PPS), nal_ref_idc: 3
Jan 04, 2023 15:59:26.093 [0x4001ce0140] DEBUG - [FFMPEG] - nal_unit_type: 6(SEI), nal_ref_idc: 0
Jan 04, 2023 15:59:26.093 [0x4001ce0140] DEBUG - [FFMPEG] - nal_unit_type: 5(IDR), nal_ref_idc: 3
Jan 04, 2023 15:59:26.093 [0x4001ce0140] DEBUG - [FFMPEG] - Format yuv420p chosen by get_format().
Jan 04, 2023 15:59:26.122 [0x4001ce0140] DEBUG - [FFMPEG] - nal_unit_type: 1(Coded slice of a non-IDR picture), nal_ref_idc: 2
Jan 04, 2023 15:59:26.127 [0x4001ce0140] DEBUG - [FFMPEG] - nal_unit_type: 1(Coded slice of a non-IDR picture), nal_ref_idc: 2
Jan 04, 2023 15:59:26.140 [0x4001ce0140] DEBUG - [FFMPEG] - nal_unit_type: 1(Coded slice of a non-IDR picture), nal_ref_idc: 2
Jan 04, 2023 15:59:26.153 [0x4001ce0140] DEBUG - [FFMPEG] - nal_unit_type: 1(Coded slice of a non-IDR picture), nal_ref_idc: 2
Jan 04, 2023 15:59:26.166 [0x4001ce0140] DEBUG - [FFMPEG] - nal_unit_type: 1(Coded slice of a non-IDR picture), nal_ref_idc: 2
Jan 04, 2023 15:59:26.190 [0x4001ce0140] DEBUG - [FFMPEG] - nal_unit_type: 1(Coded slice of a non-IDR picture), nal_ref_idc: 2
Jan 04, 2023 15:59:26.215 [0x4001ce0140] DEBUG - [FFMPEG] - All info found
Jan 04, 2023 15:59:26.216 [0x4001ce0140] DEBUG - [FFMPEG] - After avformat_find_stream_info() pos: 128311 bytes read:131072 seeks:0 frames:15
Jan 04, 2023 15:59:26.216 [0x4001ce0140] DEBUG - Creating /config/Library/Application Support/Plex Media Server/Media/localhost/3/d8ea5bc47c6ac0ee279a30b936f9765cad2e35f.bundle/Contents/Art/art1.jpg (50.0%, 1280x720).
Jan 04, 2023 15:59:26.217 [0x4001ce0140] DEBUG - [FFMPEG] - nal_unit_type: 7(SPS), nal_ref_idc: 3
Jan 04, 2023 15:59:26.217 [0x4001ce0140] DEBUG - [FFMPEG] - nal_unit_type: 8(PPS), nal_ref_idc: 3
Jan 04, 2023 15:59:26.220 [0x4001ce0140] DEBUG - [FFMPEG] - nal_unit_type: 6(SEI), nal_ref_idc: 0
Jan 04, 2023 15:59:26.220 [0x4001ce0140] DEBUG - [FFMPEG] - nal_unit_type: 5(IDR), nal_ref_idc: 3
Jan 04, 2023 15:59:26.220 [0x4001ce0140] DEBUG - [FFMPEG] - Format yuv420p chosen by get_format().
Jan 04, 2023 15:59:26.504 [0x4001ce0140] DEBUG - Loaded memory image of size 640x360.
Jan 04, 2023 15:59:26.595 [0x4001ce0140] DEBUG - [MI] Closing input file: "/movies/Streamers.mp4"
Jan 04, 2023 15:59:26.605 [0x4001ce0140] DEBUG - Downloading document http://127.0.0.1:32400/library/changestamp
Jan 04, 2023 15:59:26.606 [0x4001ce0140] DEBUG - [HCl#3] HTTP requesting GET http://127.0.0.1:32400/library/changestamp
Jan 04, 2023 15:59:26.616 [0x4007298b00] DEBUG - [HttpClient/HCl#3] HTTP/1.1 (0.0s) 200 response from GET http://127.0.0.1:32400/library/changestamp (reused)
Jan 04, 2023 15:59:26.622 [0x4001ce0140] DEBUG - Updating metadata item (save) (Streamers) with ID 1
Jan 04, 2023 15:59:26.748 [0x4007251b00] DEBUG - [HCl#4] HTTP requesting GET http://127.0.0.1:32400/:/metadata/notify/changeItemState?librarySectionID=1&metadataItemID=1&metadataType=1&state=-1&parentID=-1&rootID=-1&mediaState=idle
Jan 04, 2023 15:59:26.755 [0x4007298b00] DEBUG - [HttpClient/HCl#4] HTTP/1.1 (0.0s) 200 response from GET http://127.0.0.1:32400/:/metadata/notify/changeItemState?librarySectionID=1&metadataItemID=1&metadataType=1&state=-1&parentID=-1&rootID=-1&mediaState=idle (reused)
Jan 04, 2023 15:59:26.773 [0x4001ce0140] DEBUG - Downloading document http://127.0.0.1:32400/library/changestamp
Jan 04, 2023 15:59:26.773 [0x4001ce0140] DEBUG - [HCl#5] HTTP requesting GET http://127.0.0.1:32400/library/changestamp
Jan 04, 2023 15:59:26.780 [0x4007298b00] DEBUG - [HttpClient/HCl#5] HTTP/1.1 (0.0s) 200 response from GET http://127.0.0.1:32400/library/changestamp (reused)
Jan 04, 2023 15:59:26.781 [0x4001ce0140] DEBUG - Updating metadata item (save) (Streamers) with ID 1
