Jan 04, 2023 13:56:06.179 [0x400348fb38] INFO - Plex Tuner Service v1.0.0.0 - Docker Docker Container x86_64 - build: 
Jan 04, 2023 13:56:06.204 [0x400348fb38] INFO - Linux version: 5.10.124-linuxkit (#1 SMP PREEMPT Thu Jun 30 08:18:26 UTC 2022), language: en-US
Jan 04, 2023 13:56:06.205 [0x400348fb38] INFO - Processor QEMU TCG CPU version 2.5+
Jan 04, 2023 13:56:06.207 [0x400348fb38] INFO - /usr/lib/plexmediaserver/Plex Tuner Service /usr/lib/plexmediaserver/Resources/Tuner/Private /usr/lib/plexmediaserver/Resources/Tuner/Shared 1.29.0.6244-819d3678c 32600
Jan 04, 2023 13:56:06.119 [0x4001b2c808] INFO - [I] broker_t::start...
Jan 04, 2023 13:56:06.176 [0x4001b2c808] INFO - [I] device_manager_t::init.
Jan 04, 2023 13:56:06.178 [0x4001b2c808] INFO - [I] device_manager_t::init. Initialize provider manager
Jan 04, 2023 13:56:06.178 [0x4001b2c808] INFO - [I] device_manager_t::init. Initialize all device auxes
Jan 04, 2023 13:56:06.179 [0x4001b2c808] INFO - [I] dvb_device_factory_t::get_aux_list
Jan 04, 2023 13:56:06.181 [0x4001b2c808] INFO - [I] tvbutler_aux_t::init
Jan 04, 2023 13:56:06.219 [0x4001b2c808] INFO - [I] web_server_t::start. Starting web server on port 32600
Jan 04, 2023 13:56:07.257 [0x4003bdfb38] INFO - [I] web_service_t::process_device_discovery
Jan 04, 2023 13:56:07.258 [0x4003bdfb38] INFO - [I] device_reactor_t::get_device_list ()
Jan 04, 2023 13:56:09.274 [0x4003bdfb38] INFO - [I] SAT2IP - discover_satip_servers(): no servers found
Jan 04, 2023 13:56:09.703 [0x4003bdfb38] INFO - [I] v4l::DeviceGetList_impl. getting v4l device list
Jan 04, 2023 13:56:09.712 [0x4003bdfb38] INFO - [I] onetv_factory::DeviceGetListEx >>
Jan 04, 2023 13:56:09.715 [0x4003bdfb38] WARN - [W] onetv_factory::DeviceGetListEx. libusb_init returned an error -99
Jan 04, 2023 16:04:55.033 [0x4001b2c808] INFO - Received SIGINT: Interrupt from keyboard.
Jan 04, 2023 16:04:55.043 [0x4001b2c808] INFO - [I] device_manager_t::term
Jan 04, 2023 16:04:55.043 [0x4001b2c808] INFO - [I] device_manager_t::term. Stop all devices
Jan 04, 2023 16:04:55.044 [0x4001b2c808] INFO - [I] device_manager_t::term. Shut down all device auxes
Jan 04, 2023 16:04:55.051 [0x4001b2c808] INFO - [I] tvbutler_aux_t::term
Jan 04, 2023 16:04:55.084 [0x4001b2c808] INFO - [I] web_server_t::stop. Web server is stopped
Jan 04, 2023 16:04:55.084 [0x4001b2c808] INFO - [I] device_manager_t::term
Jan 04, 2023 16:04:55.084 [0x4001b2c808] INFO - [I] device_manager_t::term. Stop all devices
Jan 04, 2023 16:04:55.084 [0x4001b2c808] INFO - [I] device_manager_t::term. Shut down all device auxes
Jan 04, 2023 16:04:55.091 [0x4001b2c808] INFO - [I] broker_t::shutdown. Shutdown is completed.
