Jan 04, 2023 10:56:07.828 [0x4005714b00] INFO - Plex Media Scanner v1.29.0.6244-819d3678c - Docker Docker Container x86_64 - build: linux-x86_64 - GMT 00:00
Jan 04, 2023 10:56:07.849 [0x4005714b00] INFO - Linux version: 5.10.124-linuxkit, language: en-US
Jan 04, 2023 10:56:07.852 [0x4005714b00] INFO - Processor: 4-core QEMU TCG CPU version 2.5+
Jan 04, 2023 10:56:07.853 [0x4005714b00] INFO - /usr/lib/plexmediaserver/Plex Media Scanner --analyze --log-file-suffix  Analysis --item 1
Jan 04, 2023 10:56:07.819 [0x4001ce0140] DEBUG - Opening 20 database sessions to library (com.plexapp.plugins.library), SQLite 3.35.5, threadsafe=1
Jan 04, 2023 10:56:08.334 [0x4001ce0140] DEBUG - Analyzing media parts for item 1 (Streamers): 1
Jan 04, 2023 10:56:08.342 [0x4001ce0140] DEBUG - [ID 1] Media part analysis: /movies/Streamers.mp4
Jan 04, 2023 10:56:08.358 [0x4001ce0140] DEBUG - [MI] Opening input file: "/movies/Streamers.mp4"
Jan 04, 2023 10:56:08.360 [0x4001ce0140] DEBUG - [FFMPEG] - Opening '/movies/Streamers.mp4' for reading
Jan 04, 2023 10:56:08.360 [0x4001ce0140] DEBUG - [FFMPEG] - Setting default whitelist 'file,crypto,data'
Jan 04, 2023 10:56:08.368 [0x4001ce0140] DEBUG - [FFMPEG] - Format mov,mp4,m4a,3gp,3g2,mj2 probed with size=2048 and score=100
Jan 04, 2023 10:56:08.369 [0x4001ce0140] DEBUG - [FFMPEG] - ISO: File Type Major Brand: mp42
Jan 04, 2023 10:56:08.371 [0x4001ce0140] DEBUG - [FFMPEG] - Unknown dref type 0x206c7275 size 12
Jan 04, 2023 10:56:08.377 [0x4001ce0140] DEBUG - [FFMPEG] - Unknown dref type 0x206c7275 size 12
Jan 04, 2023 10:56:08.384 [0x4001ce0140] INFO - CodecManager: obtaining decoder 'h264'
Jan 04, 2023 10:56:08.389 [0x4001ce0140] DEBUG - [HCl#1] HTTP requesting GET https://plex.tv/api/codecs/h264_decoder?build=linux-x86_64-standard&deviceId=1856ca80-965c-4f83-a017-2816e74c465e&oldestPreviousVersion=legacy&version=c4efa15-4369
Jan 04, 2023 10:56:08.605 [0x4006da7b00] DEBUG - [HttpClient/HCl#1] HTTP/2.0 (0.2s) 200 response from GET https://plex.tv/api/codecs/h264_decoder?build=linux-x86_64-standard&deviceId=1856ca80-965c-4f83-a017-2816e74c465e&oldestPreviousVersion=legacy&version=c4efa15-4369
Jan 04, 2023 10:56:08.615 [0x4001ce0140] DEBUG - [HCl#2] HTTP requesting GET https://downloads.plex.tv/codecs/c4efa15-4369/linux-x86_64-standard/libh264_decoder.so
Jan 04, 2023 10:56:19.980 [0x4006da7b00] DEBUG - [HttpClient/HCl#2] HTTP simulating 408 after curl timeout
Jan 04, 2023 10:56:20.006 [0x4001ce0140] ERROR - Codecs: Download failed: Failed to download 'https://downloads.plex.tv/codecs/c4efa15-4369/linux-x86_64-standard/libh264_decoder.so': 408
Jan 04, 2023 10:56:20.015 [0x4001ce0140] ERROR - CodecManager: failed to install codec for h264
Jan 04, 2023 10:56:20.015 [0x4001ce0140] ERROR - [MI] Failed to install codec h264
Jan 04, 2023 10:56:20.016 [0x4001ce0140] DEBUG - [FFMPEG] - Before avformat_find_stream_info() pos: 72006 bytes read:98304 seeks:0 nb_streams:2
Jan 04, 2023 10:56:20.037 [0x4001ce0140] DEBUG - [FFMPEG] - All info found
Jan 04, 2023 10:56:20.039 [0x4001ce0140] DEBUG - [FFMPEG] - After avformat_find_stream_info() pos: 128311 bytes read:131072 seeks:0 frames:15
Jan 04, 2023 10:56:20.041 [0x4001ce0140] DEBUG - [MI] Opening "/movies/Streamers.mp4" for MP4 atom parsing
Jan 04, 2023 10:56:20.043 [0x4001ce0140] DEBUG - Mp4AtomParser: Skipping ftyp atom of size 24 at offset 0
Jan 04, 2023 10:56:20.043 [0x4001ce0140] DEBUG - Mp4AtomParser: Found moov atom of size 71974 at offset 24
Jan 04, 2023 10:56:20.044 [0x4001ce0140] DEBUG - Mp4AtomParser: Found trak atom of size 30231 at offset 140
Jan 04, 2023 10:56:20.044 [0x4001ce0140] DEBUG - Mp4AtomParser: Found trak atom of size 41536 at offset 30371
Jan 04, 2023 10:56:20.044 [0x4001ce0140] DEBUG - Mp4AtomParser: Found mdia atom of size 30131 at offset 240
Jan 04, 2023 10:56:20.044 [0x4001ce0140] DEBUG - Mp4AtomParser: Found minf atom of size 30020 at offset 351
Jan 04, 2023 10:56:20.044 [0x4001ce0140] DEBUG - Mp4AtomParser: Found stbl atom of size 29956 at offset 395
Jan 04, 2023 10:56:20.045 [0x4001ce0140] DEBUG - Mp4AtomParser: Found mdia atom of size 41436 at offset 30471
Jan 04, 2023 10:56:20.045 [0x4001ce0140] DEBUG - Mp4AtomParser: Found minf atom of size 41325 at offset 30582
Jan 04, 2023 10:56:20.045 [0x4001ce0140] DEBUG - Mp4AtomParser: Found stbl atom of size 41265 at offset 30626
Jan 04, 2023 10:56:20.048 [0x4001ce0140] DEBUG - [MI]  * 3d8ea5bc47c6ac0ee279a30b936f9765cad2e35f [mp4 h264/aac] Duration: 226882ms, 640x360 (1.777778) 29.970fps, bitrate=563kbps, audio channels=2, optimizedForStreaming=1 ("/movies/Streamers.mp4")
Jan 04, 2023 10:56:20.053 [0x4001ce0140] DEBUG - [MI] Chapters had generic titles, clearing.
Jan 04, 2023 10:56:20.058 [0x4001ce0140] DEBUG - [MI] Closing input file: "/movies/Streamers.mp4"
Jan 04, 2023 10:56:20.062 [0x4001ce0140] DEBUG - Committing media stream changes for part 1
Jan 04, 2023 10:56:20.092 [0x4001ce0140] DEBUG - Updating media item 1, size=15988198, metadata_item_id=1
Jan 04, 2023 10:56:20.094 [0x4001ce0140] DEBUG - Updating part with ID=1 [/movies/Streamers.mp4]
Jan 04, 2023 10:56:20.119 [0x400712eb00] DEBUG - [HCl#3] HTTP requesting GET http://127.0.0.1:32400/:/metadata/notify/changeItemState?librarySectionID=1&metadataItemID=1&metadataType=1&state=-1&parentID=-1&rootID=-1&mediaState=analyzing
Jan 04, 2023 10:56:20.135 [0x4006da7b00] DEBUG - [HttpClient/HCl#3] HTTP/1.1 (0.0s) 200 response from GET http://127.0.0.1:32400/:/metadata/notify/changeItemState?librarySectionID=1&metadataItemID=1&metadataType=1&state=-1&parentID=-1&rootID=-1&mediaState=analyzing
Jan 04, 2023 10:56:20.136 [0x400712eb00] DEBUG - [HCl#4] HTTP requesting GET http://127.0.0.1:32400/:/metadata/notify/changeItemState?librarySectionID=1&metadataItemID=1&metadataType=1&state=-1&parentID=-1&rootID=-1&mediaState=thumbnailing
Jan 04, 2023 10:56:20.136 [0x4001ce0140] DEBUG - [MI] Opening input file: "/movies/Streamers.mp4"
Jan 04, 2023 10:56:20.137 [0x4001ce0140] DEBUG - [FFMPEG] - Opening '/movies/Streamers.mp4' for reading
Jan 04, 2023 10:56:20.137 [0x4001ce0140] DEBUG - [FFMPEG] - Setting default whitelist 'file,crypto,data'
Jan 04, 2023 10:56:20.139 [0x4001ce0140] DEBUG - [FFMPEG] - Format mov,mp4,m4a,3gp,3g2,mj2 probed with size=2048 and score=100
Jan 04, 2023 10:56:20.139 [0x4001ce0140] DEBUG - [FFMPEG] - ISO: File Type Major Brand: mp42
Jan 04, 2023 10:56:20.139 [0x4001ce0140] DEBUG - [FFMPEG] - Unknown dref type 0x206c7275 size 12
Jan 04, 2023 10:56:20.141 [0x4006da7b00] DEBUG - [HttpClient/HCl#4] HTTP/1.1 (0.0s) 200 response from GET http://127.0.0.1:32400/:/metadata/notify/changeItemState?librarySectionID=1&metadataItemID=1&metadataType=1&state=-1&parentID=-1&rootID=-1&mediaState=thumbnailing (reused)
Jan 04, 2023 10:56:20.142 [0x4001ce0140] DEBUG - [FFMPEG] - Unknown dref type 0x206c7275 size 12
Jan 04, 2023 10:56:20.147 [0x4001ce0140] INFO - CodecManager: obtaining decoder 'h264'
Jan 04, 2023 10:56:20.147 [0x4001ce0140] DEBUG - [HCl#5] HTTP requesting GET https://plex.tv/api/codecs/h264_decoder?build=linux-x86_64-standard&deviceId=1856ca80-965c-4f83-a017-2816e74c465e&oldestPreviousVersion=legacy&version=c4efa15-4369
Jan 04, 2023 10:56:20.194 [0x4006da7b00] DEBUG - [HttpClient/HCl#5] HTTP/2.0 (0.0s) 200 response from GET https://plex.tv/api/codecs/h264_decoder?build=linux-x86_64-standard&deviceId=1856ca80-965c-4f83-a017-2816e74c465e&oldestPreviousVersion=legacy&version=c4efa15-4369 (reused)
Jan 04, 2023 10:56:20.207 [0x4001ce0140] DEBUG - [HCl#6] HTTP requesting GET https://downloads.plex.tv/codecs/c4efa15-4369/linux-x86_64-standard/libh264_decoder.so
Jan 04, 2023 10:56:31.581 [0x4006da7b00] DEBUG - [HttpClient/HCl#6] HTTP simulating 408 after curl timeout
Jan 04, 2023 10:56:31.595 [0x4001ce0140] ERROR - Codecs: Download failed: Failed to download 'https://downloads.plex.tv/codecs/c4efa15-4369/linux-x86_64-standard/libh264_decoder.so': 408
Jan 04, 2023 10:56:31.603 [0x4001ce0140] ERROR - CodecManager: failed to install codec for h264
Jan 04, 2023 10:56:31.603 [0x4001ce0140] ERROR - [MI] Failed to install codec h264
Jan 04, 2023 10:56:31.604 [0x4001ce0140] DEBUG - [FFMPEG] - Before avformat_find_stream_info() pos: 72006 bytes read:98304 seeks:0 nb_streams:2
Jan 04, 2023 10:56:31.615 [0x4001ce0140] DEBUG - [FFMPEG] - All info found
Jan 04, 2023 10:56:31.616 [0x4001ce0140] DEBUG - [FFMPEG] - After avformat_find_stream_info() pos: 128311 bytes read:131072 seeks:0 frames:15
Jan 04, 2023 10:56:31.616 [0x4001ce0140] DEBUG - Creating /config/Library/Application Support/Plex Media Server/Media/localhost/3/d8ea5bc47c6ac0ee279a30b936f9765cad2e35f.bundle/Contents/Thumbnails/thumb1.jpg (50.0%, 720x512).
Jan 04, 2023 10:56:31.622 [0x4001ce0140] INFO - CodecManager: obtaining decoder 'h264'
Jan 04, 2023 10:56:31.624 [0x4001ce0140] DEBUG - [HCl#7] HTTP requesting GET https://plex.tv/api/codecs/h264_decoder?build=linux-x86_64-standard&deviceId=1856ca80-965c-4f83-a017-2816e74c465e&oldestPreviousVersion=legacy&version=c4efa15-4369
Jan 04, 2023 10:56:31.672 [0x4006da7b00] DEBUG - [HttpClient/HCl#7] HTTP/2.0 (0.0s) 200 response from GET https://plex.tv/api/codecs/h264_decoder?build=linux-x86_64-standard&deviceId=1856ca80-965c-4f83-a017-2816e74c465e&oldestPreviousVersion=legacy&version=c4efa15-4369 (reused)
Jan 04, 2023 10:56:31.681 [0x4001ce0140] DEBUG - [HCl#8] HTTP requesting GET https://downloads.plex.tv/codecs/c4efa15-4369/linux-x86_64-standard/libh264_decoder.so
