2023-01-04 16:24:38,430 (40018ab808) :  INFO (core:349) - Starting framework core - Version: 2.6.3, Build: 819d367 (Fri Sep 23 01:15:17 UTC 2022)
2023-01-04 16:24:38,433 (40018ab808) :  DEBUG (core:361) - Using the elevated policy
2023-01-04 16:24:38,436 (40018ab808) :  DEBUG (core:365) - Extending whitelist: ['cgi', 'tempfile']
2023-01-04 16:24:38,439 (40018ab808) :  DEBUG (core:450) - Starting runtime component.
2023-01-04 16:24:38,472 (40018ab808) :  DEBUG (core:450) - Starting caching component.
2023-01-04 16:24:38,483 (40018ab808) :  DEBUG (core:450) - Starting data component.
2023-01-04 16:24:38,486 (40018ab808) :  DEBUG (core:450) - Starting networking component.
2023-01-04 16:24:38,498 (40018ab808) :  DEBUG (networking:261) - Loaded HTTP cookies
2023-01-04 16:24:38,516 (40018ab808) :  DEBUG (networking:428) - Setting the default network timeout to 20.0
2023-01-04 16:24:38,526 (40018ab808) :  DEBUG (core:450) - Starting localization component.
2023-01-04 16:24:38,528 (40018ab808) :  INFO (localization:409) - Setting the default locale to en-us
2023-01-04 16:24:38,532 (40018ab808) :  WARNING (data:179) - Error decoding with simplejson, using demjson instead (this will cause a performance hit) - Expecting property name enclosed in double quotes: line 26 column 1 (char 1078)
2023-01-04 16:24:38,548 (40018ab808) :  DEBUG (localization:427) - Loaded en strings
2023-01-04 16:24:38,551 (40018ab808) :  DEBUG (core:450) - Starting messaging component.
2023-01-04 16:24:38,554 (40018ab808) :  DEBUG (core:450) - Starting debugging component.
2023-01-04 16:24:38,557 (40018ab808) :  DEBUG (core:450) - Starting services component.
2023-01-04 16:24:38,559 (40018ab808) :  DEBUG (core:450) - Starting myplex component.
2023-01-04 16:24:38,561 (40018ab808) :  DEBUG (core:450) - Starting notifications component.
2023-01-04 16:24:39,232 (40018ab808) :  DEBUG (accessor:68) - Creating a new model access point for provider com.plexapp.system in namespace 'metadata'
2023-01-04 16:24:39,544 (400e4d7b38) :  DEBUG (services:265) - Plug-in is not daemonized - loading services from system
2023-01-04 16:24:39,548 (40018ab808) :  DEBUG (runtime:1117) - Created a thread named 'load_all_services'
2023-01-04 16:24:39,615 (400e4d7b38) :  DEBUG (networking:143) - Requesting 'http://127.0.0.1:32400/:/plugins/com.plexapp.system/messaging/function/X0J1bmRsZVNlcnZpY2U6QWxsU2VydmljZXM_/Y2VyZWFsMQoxCmxpc3QKMApyMAo_/Y2VyZWFsMQoxCmRpY3QKMApyMAo_'
2023-01-04 16:24:39,634 (40018ab808) :  DEBUG (runtime:1117) - Created a thread named 'get_server_info'
2023-01-04 16:24:39,651 (40018ab808) :  DEBUG (core:150) - Finished starting framework core
2023-01-04 16:24:39,655 (40018ab808) :  DEBUG (core:560) - Loading plug-in code
2023-01-04 16:24:39,652 (400e5acb38) :  DEBUG (networking:143) - Requesting 'http://127.0.0.1:32400'
2023-01-04 16:24:39,699 (400e4d7b38) :  ERROR (networking:196) - Error opening URL 'http://127.0.0.1:32400/:/plugins/com.plexapp.system/messaging/function/X0J1bmRsZVNlcnZpY2U6QWxsU2VydmljZXM_/Y2VyZWFsMQoxCmxpc3QKMApyMAo_/Y2VyZWFsMQoxCmRpY3QKMApyMAo_'
2023-01-04 16:24:39,716 (400e4d7b38) :  ERROR (services:272) - Unable to load services from system. Loading from the current bundle only.
2023-01-04 16:24:39,734 (400e5acb38) :  ERROR (networking:196) - Error opening URL 'http://127.0.0.1:32400'
2023-01-04 16:24:39,740 (400e5acb38) :  WARNING (core:541) - Unable to retrieve the machine identifier or server version.
2023-01-04 16:24:39,745 (400e4d7b38) :  DEBUG (services:362) - Loaded services
2023-01-04 16:24:39,809 (400e585b38) :  DEBUG (services:438) - No shared code to load
2023-01-04 16:24:39,886 (40018ab808) :  DEBUG (core:566) - Finished loading plug-in code
2023-01-04 16:24:39,895 (40018ab808) :  DEBUG (runtime:640) - Adding a prefix handler for 'System' ('/system')
2023-01-04 16:24:43,047 (40018ab808) :  INFO (__init__:35) - Starting System 819d367 (Fri Sep 23 01:15:17 UTC 2022)
2023-01-04 16:24:43,052 (40018ab808) :  DEBUG (runtime:640) - Adding a prefix handler for 'Player' ('/player')
2023-01-04 16:24:43,098 (40018ab808) :  INFO (datakit:93) - Loaded the dictionary file
2023-01-04 16:24:43,128 (40018ab808) :  DEBUG (agentservice:52) - Starting the agent service
2023-01-04 16:24:43,970 (40018ab808) :  DEBUG (accessor:68) - Creating a new model access point for provider com.plexapp.system in namespace 'metadata'
2023-01-04 16:24:44,009 (40018ab808) :  DEBUG (bundleservice:65) - Starting the bundle service
2023-01-04 16:24:44,014 (40018ab808) :  DEBUG (runtime:1117) - Created a thread named 'start'
2023-01-04 16:24:44,018 (40018ab808) :  DEBUG (playerservice:12) - Starting the player service
2023-01-04 16:24:44,024 (4011bf7b38) :  DEBUG (runtime:1117) - Created a thread named 'ensure_agent_info_exists_inner'
2023-01-04 16:24:44,026 (40018ab808) :  DEBUG (flagservice:13) - Starting the media flag service
2023-01-04 16:24:44,035 (4011bf7b38) :  DEBUG (runtime:1117) - Created a thread named 'ensure_agent_info_exists_inner'
2023-01-04 16:24:44,037 (40018ab808) :  DEBUG (runtime:1117) - Created a thread named 'start'
2023-01-04 16:24:44,045 (4011bf7b38) :  DEBUG (runtime:1117) - Created a thread named 'ensure_agent_info_exists_inner'
2023-01-04 16:24:44,050 (40018ab808) :  DEBUG (peerservice:141) - Starting the peer service
2023-01-04 16:24:44,065 (4011bf7b38) :  DEBUG (runtime:1117) - Created a thread named 'ensure_agent_info_exists_inner'
2023-01-04 16:24:44,066 (4011cc9b38) :  DEBUG (peerservice:164) - Fetching the current list of servers
2023-01-04 16:24:44,066 (40018ab808) :  DEBUG (runtime:1117) - Created a thread named 'refresh_servers'
2023-01-04 16:24:44,075 (4011bf7b38) :  DEBUG (runtime:1117) - Created a thread named 'ensure_agent_info_exists_inner'
2023-01-04 16:24:44,082 (40018ab808) :  DEBUG (runtime:1150) - Scheduled a timed thread named 'refresh_servers'
2023-01-04 16:24:44,084 (4011cc9b38) :  DEBUG (networking:143) - Requesting 'http://127.0.0.1:32400/servers'
2023-01-04 16:24:44,091 (40018ab808) :  DEBUG (streamservice:18) - Starting the stream service
2023-01-04 16:24:44,096 (4011bf7b38) :  DEBUG (runtime:1117) - Created a thread named 'ensure_agent_info_exists_inner'
2023-01-04 16:24:44,102 (40018ab808) :  CRITICAL (runtime:709) - Private handlers are no longer supported; couldn't register <bound method StreamService.token_handler of <streamservice.StreamService object at 0x4010cd2b90>>
2023-01-04 16:24:44,113 (4011bf7b38) :  DEBUG (runtime:1117) - Created a thread named 'ensure_agent_info_exists_inner'
2023-01-04 16:24:44,115 (4011cc9b38) :  ERROR (networking:196) - Error opening URL 'http://127.0.0.1:32400/servers'
2023-01-04 16:24:44,117 (40018ab808) :  DEBUG (runtime:1150) - Scheduled a timed thread named 'invalidation_timer'
2023-01-04 16:24:44,127 (40018ab808) :  DEBUG (proxyservice:12) - Starting the proxy service
2023-01-04 16:24:44,128 (4011bf7b38) :  DEBUG (runtime:1117) - Created a thread named 'ensure_agent_info_exists_inner'
2023-01-04 16:24:44,143 (4011bf7b38) :  DEBUG (runtime:1117) - Created a thread named 'ensure_agent_info_exists_inner'
2023-01-04 16:24:44,149 (40018ab808) :  DEBUG (runtime:1117) - Created a thread named 'update_attribution_flags_inner'
2023-01-04 16:24:44,153 (4011cc9b38) :  CRITICAL (runtime:1128) - Exception in thread named 'refresh_servers' (most recent call last):
  File "/usr/lib/plexmediaserver/Resources/Plug-ins-819d3678c/Framework.bundle/Contents/Resources/Versions/2/Python/Framework/components/runtime.py", line 1126, in _start_thread
    f(*args, **kwargs)
  File "/usr/lib/plexmediaserver/Resources/Plug-ins-819d3678c/System.bundle/Contents/Code/peerservice.py", line 169, in refresh_servers
    servers_el = self.get_servers_el()
  File "/usr/lib/plexmediaserver/Resources/Plug-ins-819d3678c/System.bundle/Contents/Code/peerservice.py", line 165, in get_servers_el
    return XML.ElementFromURL('http://127.0.0.1:32400/servers', cacheTime = 0)
  File "/usr/lib/plexmediaserver/Resources/Plug-ins-819d3678c/Framework.bundle/Contents/Resources/Versions/2/Python/Framework/api/parsekit.py", line 344, in ElementFromURL
    method=method,
  File "/usr/lib/plexmediaserver/Resources/Plug-ins-819d3678c/Framework.bundle/Contents/Resources/Versions/2/Python/Framework/api/networkkit.py", line 67, in _http_request
    req = self._core.networking.http_request(url, *args, **kwargs)
  File "/usr/lib/plexmediaserver/Resources/Plug-ins-819d3678c/Framework.bundle/Contents/Resources/Versions/2/Python/Framework/components/networking.py", line 346, in http_request
    return HTTPRequest(self._core, url, data, h, url_cache, encoding, errors, timeout, immediate, sleep, opener, follow_redirects, method)
  File "/usr/lib/plexmediaserver/Resources/Plug-ins-819d3678c/Framework.bundle/Contents/Resources/Versions/2/Python/Framework/components/networking.py", line 118, in __init__
    self.load()
  File "/usr/lib/plexmediaserver/Resources/Plug-ins-819d3678c/Framework.bundle/Contents/Resources/Versions/2/Python/Framework/components/networking.py", line 158, in load
    f = self._opener.open(req, timeout=self._timeout)
  File "/usr/lib/plexmediaserver/Resources/Python/python27.zip/urllib2.py", line 435, in open
    response = meth(req, response)
  File "/usr/lib/plexmediaserver/Resources/Python/python27.zip/urllib2.py", line 548, in http_response
    'http', request, response, code, msg, hdrs)
  File "/usr/lib/plexmediaserver/Resources/Python/python27.zip/urllib2.py", line 473, in error
    return self._call_chain(*args)
  File "/usr/lib/plexmediaserver/Resources/Python/python27.zip/urllib2.py", line 407, in _call_chain
    result = func(*args)
  File "/usr/lib/plexmediaserver/Resources/Python/python27.zip/urllib2.py", line 556, in http_error_default
    raise HTTPError(req.get_full_url(), code, msg, hdrs, fp)
HTTPError: HTTP Error 503: Service Unavailable

2023-01-04 16:24:44,154 (40018ab808) :  INFO (core:611) - Started plug-in
2023-01-04 16:24:44,162 (4011bf7b38) :  INFO (bundleservice:131) - Found duplicate identifier at /usr/lib/plexmediaserver/Resources/Plug-ins-819d3678c/WebClient.bundle for bundled plugin (com.plexapp.plugins.webclient), ignoring duplicate plugin.
2023-01-04 16:24:44,164 (40018ab808) :  DEBUG (socketinterface:160) - Starting socket server
2023-01-04 16:24:44,173 (4011bf7b38) :  DEBUG (runtime:1117) - Created a thread named 'ensure_agent_info_exists_inner'
2023-01-04 16:24:44,181 (40018ab808) :  DEBUG (runtime:1117) - Created a thread named 'start'
2023-01-04 16:24:44,183 (4011bf7b38) :  DEBUG (runtime:1117) - Created a thread named 'ensure_agent_info_exists_inner'
2023-01-04 16:24:44,195 (40018ab808) :  INFO (socketinterface:184) - Socket server started on port 41833
2023-01-04 16:24:44,204 (4011bf7b38) :  DEBUG (runtime:1117) - Created a thread named 'ensure_agent_info_exists_inner'
2023-01-04 16:24:44,205 (40018ab808) :  INFO (pipeinterface:25) - Entering run loop
2023-01-04 16:24:44,211 (4011bf7b38) :  INFO (bundleservice:131) - Found duplicate identifier at /usr/lib/plexmediaserver/Resources/Plug-ins-819d3678c/TheTVDBv4.bundle for bundled plugin (com.plexapp.agents.thetvdb), ignoring duplicate plugin.
2023-01-04 16:24:44,214 (40018ab808) :  DEBUG (runtime:717) - Handling request GET /:/prefixes
2023-01-04 16:24:44,222 (4011bf7b38) :  DEBUG (runtime:1117) - Created a thread named 'ensure_agent_info_exists_inner'
2023-01-04 16:24:44,240 (40018ab808) :  DEBUG (runtime:814) - Found route matching /:/prefixes
2023-01-04 16:24:44,257 (4011bf7b38) :  DEBUG (runtime:1117) - Created a thread named 'ensure_agent_info_exists_inner'
2023-01-04 16:24:44,261 (40018ab808) :  DEBUG (runtime:924) - Response: [200] MediaContainer, 486 bytes
2023-01-04 16:24:44,267 (4011bf7b38) :  DEBUG (runtime:1117) - Created a thread named 'ensure_agent_info_exists_inner'
2023-01-04 16:24:44,283 (4011bf7b38) :  DEBUG (runtime:1117) - Created a thread named 'ensure_agent_info_exists_inner'
2023-01-04 16:24:44,293 (4011bf7b38) :  DEBUG (runtime:1117) - Created a thread named 'ensure_agent_info_exists_inner'
2023-01-04 16:24:44,302 (4012011b38) :  DEBUG (runtime:717) - Handling request GET /system/agents
2023-01-04 16:24:44,305 (4011bf7b38) :  DEBUG (runtime:1117) - Created a thread named 'remove_unavailable_agents'
2023-01-04 16:24:44,316 (4011bf7b38) :  DEBUG (bundleservice:81) - Started the bundle service
2023-01-04 16:24:44,362 (4012034b38) :  DEBUG (runtime:1117) - Created a thread named 'ensure_agent_info_exists_inner'
2023-01-04 16:24:44,382 (4011e41b38) :  INFO (agentservice:129) - Agent info: {'com.plexapp.agents.fanarttv': [{'media_types': ['Movie'], 'accepts_from': None, 'fallback_agent': None, 'contributes_to': ['com.plexapp.agents.imdb', 'com.plexapp.agents.themoviedb'], 'has_attribution': True, 'languages': ['xn'], 'persist_stored_files': True, 'version': 0, 'primary_provider': False, 'prefs': True, 'name': 'Fanart.tv'}, {'media_types': ['TV_Show'], 'accepts_from': None, 'fallback_agent': None, 'contributes_to': ['com.plexapp.agents.thetvdb', 'com.plexapp.agents.themoviedb'], 'has_attribution': True, 'languages': ['xn'], 'persist_stored_files': True, 'version': 0, 'primary_provider': False, 'prefs': True, 'name': 'Fanart.tv'}, {'media_types': ['Artist'], 'accepts_from': None, 'fallback_agent': None, 'contributes_to': ['com.plexapp.agents.lastfm'], 'has_attribution': True, 'languages': ['xn'], 'persist_stored_files': True, 'version': 0, 'primary_provider': False, 'prefs': True, 'name': 'Fanart.tv'}, {'media_types': ['Album'], 'accepts_from': None, 'fallback_agent': None, 'contributes_to': ['com.plexapp.agents.lastfm'], 'has_attribution': True, 'languages': ['xn'], 'persist_stored_files': True, 'version': 0, 'primary_provider': False, 'prefs': True, 'name': 'Fanart.tv'}], 'com.plexapp.agents.none': [{'media_types': ['Movie'], 'accepts_from': None, 'fallback_agent': None, 'contributes_to': None, 'has_attribution': False, 'languages': ['xn'], 'persist_stored_files': True, 'version': 0, 'primary_provider': True, 'prefs': False, 'name': 'Personal Media'}, {'media_types': ['TV_Show'], 'accepts_from': None, 'fallback_agent': None, 'contributes_to': None, 'has_attribution': False, 'languages': ['xn'], 'persist_stored_files': True, 'version': 0, 'primary_provider': True, 'prefs': False, 'name': 'Personal Media Shows'}, {'media_types': ['Artist'], 'accepts_from': None, 'fallback_agent': None, 'contributes_to': None, 'has_attribution': False, 'languages': ['xn'], 'persist_stored_files': True, 'version': 0, 'primary_provider': True, 'prefs': False, 'name': 'Personal Media Artists'}, {'media_types': ['Album'], 'accepts_from': None, 'fallback_agent': None, 'contributes_to': None, 'has_attribution': False, 'languages': ['xn'], 'persist_stored_files': True, 'version': 0, 'primary_provider': True, 'prefs': False, 'name': 'Personal Media Albums'}, {'media_types': ['Photo'], 'accepts_from': None, 'fallback_agent': None, 'contributes_to': None, 'has_attribution': False, 'languages': ['en', 'ar', 'bg', 'ca', 'cs', 'cy', 'da', 'de', 'el', 'es', 'et', 'fa', 'fi', 'fr', 'he', 'hi', 'hr', 'ht', 'hu', 'id', 'it', 'ja', 'ko', 'lt', 'lv', 'ms', 'mt', 'nl', 'no', 'pl', 'pt', 'ro', 'ru', 'sk', 'sv', 'sl', 'sr', 'th', 'tr', 'uk', 'ur', 'vi', 'zh', 'xn'], 'persist_stored_files': True, 'version': 0, 'primary_provider': True, 'prefs': False, 'name': 'Photos'}], 'tv.plex.agents.music': [{'media_types': ['Artist'], 'accepts_from': None, 'fallback_agent': None, 'contributes_to': None, 'has_attribution': True, 'languages': ['en', 'ar', 'bg', 'zh', 'hr', 'cs', 'da', 'nl', 'fi', 'fr', 'de', 'el', 'hu', 'id', 'it', 'ja', 'ko', 'nn', 'pl', 'pt', 'ro', 'ru', 'sr', 'sk', 'es', 'sv', 'th', 'tr', 'vi', 'xx'], 'persist_stored_files': True, 'version': 0, 'primary_provider': True, 'prefs': True, 'name': 'Plex Music'}, {'media_types': ['Album'], 'accepts_from': None, 'fallback_agent': None, 'contributes_to': None, 'has_attribution': True, 'languages': ['en', 'ar', 'bg', 'zh', 'hr', 'cs', 'da', 'nl', 'fi', 'fr', 'de', 'el', 'hu', 'id', 'it', 'ja', 'ko', 'nn', 'pl', 'pt', 'ro', 'ru', 'sr', 'sk', 'es', 'sv', 'th', 'tr', 'vi', 'xx'], 'persist_stored_files': True, 'version': 0, 'primary_provider': True, 'prefs': True, 'name': 'Plex Music'}], 'com.plexapp.agents.opensubtitles': [{'media_types': ['Movie'], 'accepts_from': None, 'fallback_agent': None, 'contributes_to': ['com.plexapp.agents.imdb'], 'has_attribution': False, 'languages': ['xn'], 'persist_stored_files': True, 'version': 0, 'primary_provider': False, 'prefs': True, 'name': 'OpenSubtitles.org'}, {'media_types': ['TV_Show'], 'accepts_from': None, 'fallback_agent': None, 'contributes_to': ['com.plexapp.agents.thetvdb'], 'has_attribution': False, 'languages': ['xn'], 'persist_stored_files': True, 'version': 0, 'primary_provider': False, 'prefs': True, 'name': 'OpenSubtitles.org'}], 'com.plexapp.agents.imdb': [{'media_types': ['Movie'], 'accepts_from': ['com.plexapp.agents.localmedia'], 'fallback_agent': None, 'contributes_to': ['com.plexapp.agents.themoviedb'], 'has_attribution': True, 'languages': ['en', 'sv', 'fr', 'es', 'nl', 'de', 'it', 'da', 'ar', 'ca', 'zh', 'cs', 'et', 'fi', 'el', 'he', 'hi', 'hu', 'id', 'ja', 'ko', 'lv', 'no', 'fa', 'pl', 'pt', 'ro', 'ru', 'sk', 'th', 'tr', 'uk', 'vi'], 'persist_stored_files': True, 'version': 0, 'primary_provider': True, 'prefs': True, 'name': 'Plex Movie'}], 'com.plexapp.agents.lyricfind': [{'media_types': ['Album'], 'accepts_from': None, 'fallback_agent': None, 'contributes_to': ['com.plexapp.agents.lastfm', 'tv.plex.agents.music', 'org.musicbrainz.agents.music'], 'has_attribution': True, 'languages': ['xn'], 'persist_stored_files': True, 'version': 0, 'primary_provider': False, 'prefs': False, 'name': 'LyricFind'}], 'com.plexapp.agents.thetvdb': [{'media_types': ['TV_Show'], 'accepts_from': None, 'fallback_agent': None, 'contributes_to': None, 'has_attribution': True, 'languages': ['en', 'fr', 'zh', 'sv', 'no', 'da', 'fi', 'nl', 'de', 'it', 'es', 'pl', 'hu', 'el', 'tr', 'ru', 'he', 'ja', 'pt', 'cs', 'ko', 'sl', 'hr'], 'persist_stored_files': True, 'version': 0, 'primary_provider': True, 'prefs': True, 'name': 'TheTVDB'}], 'tv.plex.agents.movie': [{'media_types': ['Movie'], 'accepts_from': None, 'fallback_agent': None, 'contributes_to': None, 'has_attribution': True, 'languages': [], 'persist_stored_files': True, 'version': 0, 'primary_provider': True, 'prefs': True, 'name': 'Plex Movie'}], 'tv.plex.agents.series': [{'media_types': ['TV_Show'], 'accepts_from': None, 'fallback_agent': None, 'contributes_to': None, 'has_attribution': True, 'languages': [], 'persist_stored_files': True, 'version': 0, 'primary_provider': True, 'prefs': True, 'name': 'Plex TV Series'}], 'com.plexapp.agents.lastfm': [{'media_types': ['Artist'], 'accepts_from': None, 'fallback_agent': None, 'contributes_to': None, 'has_attribution': True, 'languages': ['en', 'sv', 'fr', 'es', 'de', 'pl', 'it', 'pt', 'ja', 'tr', 'ru', 'zh'], 'persist_stored_files': True, 'version': 0, 'primary_provider': True, 'prefs': True, 'name': 'Last.fm'}, {'media_types': ['Album'], 'accepts_from': None, 'fallback_agent': None, 'contributes_to': None, 'has_attribution': True, 'languages': ['en', 'sv', 'fr', 'es', 'de', 'pl', 'it', 'pt', 'ja', 'tr', 'ru', 'zh'], 'persist_stored_files': True, 'version': 0, 'primary_provider': True, 'prefs': True, 'name': 'Last.fm'}], 'org.musicbrainz.agents.music': [{'media_types': ['Artist'], 'accepts_from': None, 'fallback_agent': None, 'contributes_to': None, 'has_attribution': True, 'languages': ['en', 'ar', 'bg', 'zh', 'hr', 'cs', 'da', 'nl', 'fi', 'fr', 'de', 'el', 'hu', 'id', 'it', 'ja', 'ko', 'nn', 'pl', 'pt', 'ro', 'ru', 'sr', 'sk', 'es', 'sv', 'th', 'tr', 'vi', 'xx'], 'persist_stored_files': True, 'version': 0, 'primary_provider': True, 'prefs': True, 'name': 'Musicbrainz'}, {'media_types': ['Album'], 'accepts_from': None, 'fallback_agent': None, 'contributes_to': None, 'has_attribution': True, 'languages': ['en', 'ar', 'bg', 'zh', 'hr', 'cs', 'da', 'nl', 'fi', 'fr', 'de', 'el', 'hu', 'id', 'it', 'ja', 'ko', 'nn', 'pl', 'pt', 'ro', 'ru', 'sr', 'sk', 'es', 'sv', 'th', 'tr', 'vi', 'xx'], 'persist_stored_files': True, 'version': 0, 'primary_provider': True, 'prefs': True, 'name': 'Musicbrainz'}], 'com.plexapp.agents.themoviedb': [{'media_types': ['Movie'], 'accepts_from': ['com.plexapp.agents.localmedia'], 'fallback_agent': None, 'contributes_to': None, 'has_attribution': True, 'languages': ['en', 'cs', 'da', 'de', 'el', 'es', 'fi', 'fr', 'he', 'hr', 'hu', 'it', 'lv', 'lt', 'nl', 'no', 'pl', 'pt', 'ru', 'sk', 'sv', 'th', 'tr', 'vi', 'zh', 'ko'], 'persist_stored_files': True, 'version': 0, 'primary_provider': True, 'prefs': True, 'name': 'The Movie Database'}, {'media_types': ['TV_Show'], 'accepts_from': ['com.plexapp.agents.localmedia', 'com.plexapp.agents.thetvdb'], 'fallback_agent': None, 'contributes_to': ['com.plexapp.agents.thetvdb'], 'has_attribution': True, 'languages': ['en', 'cs', 'da', 'de', 'el', 'es', 'fi', 'fr', 'he', 'hr', 'hu', 'it', 'lv', 'lt', 'nl', 'no', 'pl', 'pt', 'ru', 'sk', 'sv', 'th', 'tr', 'vi', 'zh', 'ko'], 'persist_stored_files': True, 'version': 0, 'primary_provider': True, 'prefs': True, 'name': 'The Movie Database'}], 'com.plexapp.agents.localmedia': [{'media_types': ['Movie'], 'accepts_from': None, 'fallback_agent': None, 'contributes_to': ['com.plexapp.agents.imdb', 'com.plexapp.agents.none'], 'has_attribution': False, 'languages': ['xn'], 'persist_stored_files': False, 'version': 0, 'primary_provider': False, 'prefs': True, 'name': 'Local Media Assets (Movies)'}, {'media_types': ['TV_Show'], 'accepts_from': None, 'fallback_agent': None, 'contributes_to': ['com.plexapp.agents.thetvdb', 'com.plexapp.agents.none'], 'has_attribution': False, 'languages': ['xn'], 'persist_stored_files': False, 'version': 0, 'primary_provider': False, 'prefs': True, 'name': 'Local Media Assets (TV)'}, {'media_types': ['Artist'], 'accepts_from': None, 'fallback_agent': None, 'contributes_to': ['com.plexapp.agents.discogs', 'com.plexapp.agents.lastfm', 'com.plexapp.agents.plexmusic', 'com.plexapp.agents.none', 'tv.plex.agents.music', 'org.musicbrainz.agents.music'], 'has_attribution': False, 'languages': ['xn'], 'persist_stored_files': False, 'version': 0, 'primary_provider': False, 'prefs': True, 'name': 'Local Media Assets (Artists)'}, {'media_types': ['Artist'], 'accepts_from': None, 'fallback_agent': None, 'contributes_to': ['com.plexapp.agents.plexmusic'], 'has_attribution': False, 'languages': ['xn'], 'persist_stored_files': False, 'version': 2, 'primary_provider': False, 'prefs': True, 'name': 'Local Media Assets (Artists)'}, {'media_types': ['Album'], 'accepts_from': None, 'fallback_agent': None, 'contributes_to': ['com.plexapp.agents.discogs', 'com.plexapp.agents.lastfm', 'com.plexapp.agents.plexmusic', 'com.plexapp.agents.none', 'tv.plex.agents.music', 'org.musicbrainz.agents.music'], 'has_attribution': False, 'languages': ['xn'], 'persist_stored_files': False, 'version': 0, 'primary_provider': False, 'prefs': True, 'name': 'Local Media Assets (Albums)'}], 'com.plexapp.agents.movieposterdb': [{'media_types': ['Movie'], 'accepts_from': None, 'fallback_agent': None, 'contributes_to': ['com.plexapp.agents.imdb'], 'has_attribution': True, 'languages': ['xn'], 'persist_stored_files': True, 'version': 0, 'primary_provider': False, 'prefs': False, 'name': 'CineMaterial'}], 'com.plexapp.agents.htbackdrops': [{'media_types': ['Artist'], 'accepts_from': None, 'fallback_agent': None, 'contributes_to': ['com.plexapp.agents.lastfm'], 'has_attribution': True, 'languages': ['ab', 'aa', 'af', 'ak', 'sq', 'am', 'ar', 'an', 'hy', 'as', 'av', 'ae', 'ay', 'az', 'bm', 'ba', 'eu', 'be', 'bn', 'bh', 'bi', 'bs', 'pb', 'br', 'bg', 'my', 'ca', 'ch', 'ce', 'ny', 'zh', 'cu', 'cv', 'kw', 'co', 'cr', 'hr', 'cs', 'da', 'dv', 'nl', 'dz', 'en', 'eo', 'et', 'ee', 'fo', 'fj', 'fi', 'fr', 'fy', 'ff', 'gd', 'gl', 'lg', 'ka', 'de', 'el', 'gn', 'gu', 'ht', 'ha', 'he', 'hz', 'hi', 'ho', 'hu', 'is', 'io', 'ig', 'id', 'ia', 'ie', 'iu', 'ik', 'ga', 'it', 'ja', 'jv', 'kl', 'kn', 'kr', 'ks', 'kk', 'km', 'ki', 'rw', 'ky', 'kv', 'kg', 'ko', 'kj', 'ku', 'lo', 'la', 'lv', 'li', 'ln', 'lt', 'lu', 'lb', 'mk', 'mg', 'ms', 'ml', 'mt', 'gv', 'mi', 'mr', 'mh', 'mo', 'mn', 'na', 'nv', 'ng', 'ne', 'xn', 'nd', 'no', 'nb', 'nn', 'oc', 'oj', 'or', 'om', 'os', 'pi', 'pa', 'fa', 'pl', 'pt', 'ps', 'qu', 'rm', 'ro', 'rn', 'ru', 'se', 'sm', 'sg', 'sa', 'sc', 'sr', 'sn', 'ii', 'sd', 'si', 'sk', 'sl', 'so', 'st', 'nr', 'es', 'su', 'sw', 'ss', 'sv', 'tl', 'ty', 'tg', 'ta', 'tt', 'te', 'th', 'bo', 'ti', 'to', 'ts', 'tn', 'tr', 'tk', 'tw', 'ug', 'uk', 'ur', 'uz', 've', 'vi', 'vo', 'wa', 'cy', 'wo', 'xh', 'yi', 'yo', 'za', 'zu'], 'persist_stored_files': True, 'version': 0, 'primary_provider': False, 'prefs': False, 'name': 'Home Theater Backdrops'}], 'com.plexapp.agents.plexthememusic': [{'media_types': ['TV_Show'], 'accepts_from': None, 'fallback_agent': None, 'contributes_to': ['com.plexapp.agents.thetvdb', 'com.plexapp.agents.thetvdbdvdorder', 'com.plexapp.agents.themoviedb'], 'has_attribution': False, 'languages': ['xn'], 'persist_stored_files': True, 'version': 0, 'primary_provider': False, 'prefs': False, 'name': 'Plex Theme Music'}]}
2023-01-04 16:24:44,496 (4011e41b38) :  INFO (datakit:131) - Saved the dictionary file
2023-01-04 16:24:44,571 (4012011b38) :  DEBUG (runtime:814) - Found route matching /system/agents
2023-01-04 16:24:44,583 (4011c60b38) :  DEBUG (flagservice:46) - Started the media flag service
2023-01-04 16:24:44,594 (4012011b38) :  DEBUG (runtime:1117) - Created a thread named 'ensure_agent_info_exists_inner'
2023-01-04 16:24:44,706 (4012011b38) :  DEBUG (runtime:924) - Response: [200] MediaContainer, 11288 bytes
2023-01-04 16:24:48,291 (401217eb38) :  DEBUG (runtime:717) - Handling request GET /system/messaging/clear_events/com.plexapp.agents.imdb
2023-01-04 16:24:48,413 (401217eb38) :  DEBUG (runtime:814) - Found route matching /system/messaging/clear_events/com.plexapp.agents.imdb
2023-01-04 16:24:48,421 (401217eb38) :  DEBUG (runtime:88) - Sending packed state data (99 bytes)
2023-01-04 16:24:48,425 (401217eb38) :  DEBUG (runtime:924) - Response: [200] str, 0 bytes
2023-01-04 16:24:49,011 (40121efb38) :  DEBUG (runtime:717) - Handling request GET /:/plugins/com.plexapp.system/resourceHashes
2023-01-04 16:24:49,071 (40121efb38) :  DEBUG (runtime:814) - Found route matching /:/plugins/com.plexapp.system/resourceHashes
2023-01-04 16:24:49,080 (40121efb38) :  DEBUG (networking:143) - Requesting 'http://resources-cdn.plexapp.com/hashes.json'
2023-01-04 16:24:49,129 (40121efb38) :  ERROR (networking:196) - Error opening URL 'http://resources-cdn.plexapp.com/hashes.json'
2023-01-04 16:24:49,135 (40121efb38) :  CRITICAL (runtime:1299) - Exception getting hosted resource hashes (most recent call last):
  File "/usr/lib/plexmediaserver/Resources/Plug-ins-819d3678c/Framework.bundle/Contents/Resources/Versions/2/Python/Framework/components/runtime.py", line 1291, in get_resource_hashes
    json = self._core.networking.http_request("http://resources-cdn.plexapp.com/hashes.json", timeout=5).content
  File "/usr/lib/plexmediaserver/Resources/Plug-ins-819d3678c/Framework.bundle/Contents/Resources/Versions/2/Python/Framework/components/networking.py", line 242, in content
    return self.__str__()
  File "/usr/lib/plexmediaserver/Resources/Plug-ins-819d3678c/Framework.bundle/Contents/Resources/Versions/2/Python/Framework/components/networking.py", line 220, in __str__
    self.load()
  File "/usr/lib/plexmediaserver/Resources/Plug-ins-819d3678c/Framework.bundle/Contents/Resources/Versions/2/Python/Framework/components/networking.py", line 158, in load
    f = self._opener.open(req, timeout=self._timeout)
  File "/usr/lib/plexmediaserver/Resources/Python/python27.zip/urllib2.py", line 435, in open
    response = meth(req, response)
  File "/usr/lib/plexmediaserver/Resources/Python/python27.zip/urllib2.py", line 548, in http_response
    'http', request, response, code, msg, hdrs)
  File "/usr/lib/plexmediaserver/Resources/Python/python27.zip/urllib2.py", line 473, in error
    return self._call_chain(*args)
  File "/usr/lib/plexmediaserver/Resources/Python/python27.zip/urllib2.py", line 407, in _call_chain
    result = func(*args)
  File "/usr/lib/plexmediaserver/Resources/Python/python27.zip/urllib2.py", line 556, in http_error_default
    raise HTTPError(req.get_full_url(), code, msg, hdrs, fp)
HTTPError: HTTP Error 404: Not Found

2023-01-04 16:24:49,141 (40121efb38) :  DEBUG (runtime:88) - Sending packed state data (99 bytes)
2023-01-04 16:24:49,144 (40121efb38) :  DEBUG (runtime:924) - Response: [404] NoneType, 0 bytes
2023-01-04 16:24:49,233 (401225ab38) :  DEBUG (runtime:717) - Handling request GET /:/plugins/com.plexapp.system/messaging/function/X0J1bmRsZVNlcnZpY2U6QWxsU2VydmljZXM_/Y2VyZWFsMQoxCmxpc3QKMApyMAo_/Y2VyZWFsMQoxCmRpY3QKMApyMAo_
2023-01-04 16:24:49,239 (401225ab38) :  DEBUG (runtime:49) - Received packed state data (80 bytes)
2023-01-04 16:24:49,250 (401225ab38) :  DEBUG (runtime:814) - Found route matching /:/plugins/com.plexapp.system/messaging/function/X0J1bmRsZVNlcnZpY2U6QWxsU2VydmljZXM_/Y2VyZWFsMQoxCmxpc3QKMApyMAo_/Y2VyZWFsMQoxCmRpY3QKMApyMAo_
2023-01-04 16:24:49,261 (401225ab38) :  DEBUG (runtime:88) - Sending packed state data (99 bytes)
2023-01-04 16:24:49,265 (401225ab38) :  DEBUG (runtime:924) - Response: [200] str, 516 bytes
2023-01-04 16:24:49,433 (401207ab38) :  INFO (datakit:131) - Saved the dictionary file
2023-01-04 16:24:49,439 (401229db38) :  DEBUG (runtime:717) - Handling request GET /system/notify/serverUpdated?host=127.0.0.1
2023-01-04 16:24:49,446 (401229db38) :  DEBUG (runtime:814) - Found route matching /system/notify/serverUpdated
2023-01-04 16:24:49,449 (401229db38) :  DEBUG (peerservice:386) - Handling server update notification (127.0.0.1)
2023-01-04 16:24:49,453 (401229db38) :  DEBUG (peerservice:189) - Updating servers (True/False True/True/True)
2023-01-04 16:24:49,456 (401229db38) :  DEBUG (peerservice:164) - Fetching the current list of servers
2023-01-04 16:24:49,461 (401229db38) :  DEBUG (networking:143) - Requesting 'http://127.0.0.1:32400/servers'
2023-01-04 16:24:49,490 (401229db38) :  DEBUG (peerservice:198) - Found 1 servers
2023-01-04 16:24:49,494 (401229db38) :  DEBUG (peerservice:214) - Ignoring 83722fb6ea7f2b2c2a4872a99006ce76878d8cc8 because host != 127.0.0.1 (172.20.0.7)
2023-01-04 16:24:49,500 (401229db38) :  DEBUG (runtime:924) - Response: [200] str, 0 bytes
2023-01-04 16:24:52,447 (40122d2b38) :  DEBUG (runtime:717) - Handling request GET /:/plugins/com.plexapp.system/messaging/function/X0FnZW50U2VydmljZTpVcGRhdGVJbmZv/Y2VyZWFsMQoxCmxpc3QKMApyMAo_/Y2VyZWFsMQo3CmRpY3QKbGlzdApkaWN0Cmxpc3QKbGlzdApsaXN0Cmxpc3QKMgpzMjMKY29tLnBsZXhhcHAuYWdlbnRzLmltZGJzMTAKaWRlbnRpZmllcnIxCnMxMAphZ2VudF9pbmZvMQpyMgoxMApyMwpzMTEKbWVkaWFfdHlwZXNyNApzMTIKYWNjZXB0c19mcm9tbnMxNApmYWxsYmFja19hZ2VudHI1CnMxNApjb250cmlidXRlc190b3I2CnM5Cmxhbmd1YWdlc2IxczIwCnBlcnNpc3Rfc3RvcmVkX2ZpbGVzaTAKczcKdmVyc2lvbmIxczE2CnByaW1hcnlfcHJvdmlkZXJiMXM1CnByZWZzczEwClBsZXggTW92aWVzNApuYW1lMQpzNQpNb3ZpZTEKczI5CmNvbS5wbGV4YXBwLmFnZW50cy5sb2NhbG1lZGlhMQpzMjkKY29tLnBsZXhhcHAuYWdlbnRzLnRoZW1vdmllZGIzMwpzMgplbnMyCnN2czIKZnJzMgplc3MyCm5sczIKZGVzMgppdHMyCmRhczIKYXJzMgpjYXMyCnpoczIKY3NzMgpldHMyCmZpczIKZWxzMgpoZXMyCmhpczIKaHVzMgppZHMyCmphczIKa29zMgpsdnMyCm5vczIKZmFzMgpwbHMyCnB0czIKcm9zMgpydXMyCnNrczIKdGhzMgp0cnMyCnVrczIKdmlyMAo_
2023-01-04 16:24:52,452 (40122d2b38) :  DEBUG (runtime:49) - Received packed state data (80 bytes)
2023-01-04 16:24:52,458 (40122d2b38) :  DEBUG (runtime:814) - Found route matching /:/plugins/com.plexapp.system/messaging/function/X0FnZW50U2VydmljZTpVcGRhdGVJbmZv/Y2VyZWFsMQoxCmxpc3QKMApyMAo_/Y2VyZWFsMQo3CmRpY3QKbGlzdApkaWN0Cmxpc3QKbGlzdApsaXN0Cmxpc3QKMgpzMjMKY29tLnBsZXhhcHAuYWdlbnRzLmltZGJzMTAKaWRlbnRpZmllcnIxCnMxMAphZ2VudF9pbmZvMQpyMgoxMApyMwpzMTEKbWVkaWFfdHlwZXNyNApzMTIKYWNjZXB0c19mcm9tbnMxNApmYWxsYmFja19hZ2VudHI1CnMxNApjb250cmlidXRlc190b3I2CnM5Cmxhbmd1YWdlc2IxczIwCnBlcnNpc3Rfc3RvcmVkX2ZpbGVzaTAKczcKdmVyc2lvbmIxczE2CnByaW1hcnlfcHJvdmlkZXJiMXM1CnByZWZzczEwClBsZXggTW92aWVzNApuYW1lMQpzNQpNb3ZpZTEKczI5CmNvbS5wbGV4YXBwLmFnZW50cy5sb2NhbG1lZGlhMQpzMjkKY29tLnBsZXhhcHAuYWdlbnRzLnRoZW1vdmllZGIzMwpzMgplbnMyCnN2czIKZnJzMgplc3MyCm5sczIKZGVzMgppdHMyCmRhczIKYXJzMgpjYXMyCnpoczIKY3NzMgpldHMyCmZpczIKZWxzMgpoZXMyCmhpczIKaHVzMgppZHMyCmphczIKa29zMgpsdnMyCm5vczIKZmFzMgpwbHMyCnB0czIKcm9zMgpydXMyCnNrczIKdGhzMgp0cnMyCnVrczIKdmlyMAo_
2023-01-04 16:24:52,462 (40122d2b38) :  INFO (agentservice:175) - Receiving agent info from com.plexapp.agents.imdb: [{'media_types': ['Movie'], 'primary_provider': True, 'fallback_agent': None, 'contributes_to': ['com.plexapp.agents.themoviedb'], 'languages': ['en', 'sv', 'fr', 'es', 'nl', 'de', 'it', 'da', 'ar', 'ca', 'zh', 'cs', 'et', 'fi', 'el', 'he', 'hi', 'hu', 'id', 'ja', 'ko', 'lv', 'no', 'fa', 'pl', 'pt', 'ro', 'ru', 'sk', 'th', 'tr', 'uk', 'vi'], 'persist_stored_files': True, 'version': 0, 'accepts_from': ['com.plexapp.agents.localmedia'], 'prefs': True, 'name': 'Plex Movie'}]
2023-01-04 16:24:52,470 (40122d2b38) :  DEBUG (runtime:88) - Sending packed state data (99 bytes)
2023-01-04 16:24:52,473 (40122d2b38) :  DEBUG (runtime:924) - Response: [200] str, 16 bytes
2023-01-04 16:24:57,542 (40122f5b38) :  INFO (datakit:131) - Saved the dictionary file
2023-01-04 16:26:44,106 (4011d0fb38) :  DEBUG (runtime:1156) - Starting timed thread named 'refresh_servers'
2023-01-04 16:26:44,125 (4011d0fb38) :  DEBUG (peerservice:164) - Fetching the current list of servers
2023-01-04 16:26:44,140 (4011d0fb38) :  DEBUG (networking:143) - Requesting 'http://127.0.0.1:32400/servers'
2023-01-04 16:26:44,168 (4011d0fb38) :  DEBUG (peerservice:171) - Refreshing local server
2023-01-04 16:26:44,172 (4011d0fb38) :  DEBUG (peerservice:189) - Updating servers (True/False True/True/True)
2023-01-04 16:26:44,183 (4011d0fb38) :  DEBUG (peerservice:198) - Found 1 servers
2023-01-04 16:26:44,193 (4011d0fb38) :  DEBUG (networking:143) - Requesting 'http://127.0.0.1:32400'
2023-01-04 16:26:44,216 (4011d0fb38) :  DEBUG (core:521) - Attribute 'machineIdentifier' set to '83722fb6ea7f2b2c2a4872a99006ce76878d8cc8'
2023-01-04 16:26:44,220 (4011d0fb38) :  DEBUG (peerservice:230) - Creating new server pablito (83722fb6ea7f2b2c2a4872a99006ce76878d8cc8)
2023-01-04 16:26:44,230 (4011d0fb38) :  DEBUG (networking:143) - Requesting 'http://127.0.0.1:32400/library/sections'
2023-01-04 16:26:44,256 (4011d0fb38) :  DEBUG (networking:143) - Requesting 'http://127.0.0.1:32400/channels/all'
2023-01-04 16:26:44,271 (4011d0fb38) :  DEBUG (runtime:1117) - Created a thread named 'background_refresh'
2023-01-04 16:26:44,272 (40123a8b38) :  DEBUG (peerservice:176) - Background-refreshing remote servers
2023-01-04 16:26:44,277 (40123a8b38) :  DEBUG (peerservice:189) - Updating servers (True/False True/True/True)
2023-01-04 16:26:44,281 (40123a8b38) :  DEBUG (peerservice:198) - Found 1 servers
2023-01-04 16:26:44,284 (40123a8b38) :  DEBUG (peerservice:233) - Updating existing server pablito (83722fb6ea7f2b2c2a4872a99006ce76878d8cc8)
2023-01-04 16:26:44,291 (40123a8b38) :  DEBUG (networking:143) - Requesting 'http://127.0.0.1:32400/library/sections'
2023-01-04 16:26:44,321 (40123a8b38) :  DEBUG (networking:143) - Requesting 'http://127.0.0.1:32400/channels/all'
